{"numTotalTestSuites":9,"numPassedTestSuites":4,"numFailedTestSuites":5,"numPendingTestSuites":0,"numTotalTests":22,"numPassedTests":17,"numFailedTests":5,"numPendingTests":0,"numTodoTests":0,"snapshot":{"added":0,"failure":false,"filesAdded":0,"filesRemoved":0,"filesRemovedList":[],"filesUnmatched":0,"filesUpdated":0,"matched":0,"total":0,"unchecked":0,"uncheckedKeysByFile":[],"unmatched":0,"updated":0,"didUpdate":false},"startTime":1754040333477,"success":false,"testResults":[{"assertionResults":[{"ancestorTitles":["Dev Module Integration Tests","Module Bootstrap"],"fullName":"Dev Module Integration Tests Module Bootstrap should load dev module during bootstrap","status":"passed","title":"should load dev module during bootstrap","duration":0.3880759999155998,"failureMessages":[],"meta":{}},{"ancestorTitles":["Dev Module Integration Tests","Module Bootstrap"],"fullName":"Dev Module Integration Tests Module Bootstrap should initialize dev service correctly","status":"failed","title":"should initialize dev service correctly","duration":0.5309340003877878,"failureMessages":["TypeError: devModule.healthCheck is not a function\n    at /var/www/html/systemprompt-os/tests/integration/modules/core/dev/dev.integration.test.ts:120:45\n    at file:///var/www/html/systemprompt-os/node_modules/@vitest/runner/dist/index.js:146:14\n    at file:///var/www/html/systemprompt-os/node_modules/@vitest/runner/dist/index.js:533:11\n    at runWithTimeout (file:///var/www/html/systemprompt-os/node_modules/@vitest/runner/dist/index.js:39:7)\n    at runTest (file:///var/www/html/systemprompt-os/node_modules/@vitest/runner/dist/index.js:1056:17)\n    at processTicksAndRejections (node:internal/process/task_queues:95:5)\n    at runSuite (file:///var/www/html/systemprompt-os/node_modules/@vitest/runner/dist/index.js:1205:15)\n    at runSuite (file:///var/www/html/systemprompt-os/node_modules/@vitest/runner/dist/index.js:1205:15)\n    at runSuite (file:///var/www/html/systemprompt-os/node_modules/@vitest/runner/dist/index.js:1205:15)\n    at runFiles (file:///var/www/html/systemprompt-os/node_modules/@vitest/runner/dist/index.js:1262:5)"],"meta":{}},{"ancestorTitles":["Dev Module Integration Tests","Development Tools"],"fullName":"Dev Module Integration Tests Development Tools should run ESLint checks","status":"passed","title":"should run ESLint checks","duration":777.3843209994957,"failureMessages":[],"meta":{}},{"ancestorTitles":["Dev Module Integration Tests","Development Tools"],"fullName":"Dev Module Integration Tests Development Tools should run TypeScript compiler","status":"passed","title":"should run TypeScript compiler","duration":758.2442769994959,"failureMessages":[],"meta":{}},{"ancestorTitles":["Dev Module Integration Tests","Development Tools"],"fullName":"Dev Module Integration Tests Development Tools should execute tests","status":"passed","title":"should execute tests","duration":767.6393470000476,"failureMessages":[],"meta":{}},{"ancestorTitles":["Dev Module Integration Tests","Module Generation"],"fullName":"Dev Module Integration Tests Module Generation should generate new module structure","status":"passed","title":"should generate new module structure","duration":772.5304929995909,"failureMessages":[],"meta":{}},{"ancestorTitles":["Dev Module Integration Tests","Module Generation"],"fullName":"Dev Module Integration Tests Module Generation should create module manifest","status":"failed","title":"should create module manifest","duration":766.6033070003614,"failureMessages":["AssertionError: expected 1 to be +0 // Object.is equality\n    at /var/www/html/systemprompt-os/tests/integration/modules/core/dev/dev.integration.test.ts:191:31\n    at processTicksAndRejections (node:internal/process/task_queues:95:5)\n    at file:///var/www/html/systemprompt-os/node_modules/@vitest/runner/dist/index.js:533:5\n    at runTest (file:///var/www/html/systemprompt-os/node_modules/@vitest/runner/dist/index.js:1056:11)\n    at runSuite (file:///var/www/html/systemprompt-os/node_modules/@vitest/runner/dist/index.js:1205:15)\n    at runSuite (file:///var/www/html/systemprompt-os/node_modules/@vitest/runner/dist/index.js:1205:15)\n    at runSuite (file:///var/www/html/systemprompt-os/node_modules/@vitest/runner/dist/index.js:1205:15)\n    at runFiles (file:///var/www/html/systemprompt-os/node_modules/@vitest/runner/dist/index.js:1262:5)\n    at startTests (file:///var/www/html/systemprompt-os/node_modules/@vitest/runner/dist/index.js:1271:3)\n    at file:///var/www/html/systemprompt-os/node_modules/vitest/dist/chunks/runBaseTests.3qpJUEJM.js:126:11"],"meta":{}},{"ancestorTitles":["Dev Module Integration Tests","Module Generation"],"fullName":"Dev Module Integration Tests Module Generation should validate module generation parameters","status":"passed","title":"should validate module generation parameters","duration":850.5960010001436,"failureMessages":[],"meta":{}},{"ancestorTitles":["Dev Module Integration Tests","Code Quality"],"fullName":"Dev Module Integration Tests Code Quality should enforce coding standards","status":"passed","title":"should enforce coding standards","duration":1261.247789000161,"failureMessages":[],"meta":{}},{"ancestorTitles":["Dev Module Integration Tests","Code Quality"],"fullName":"Dev Module Integration Tests Code Quality should check import restrictions","status":"passed","title":"should check import restrictions","duration":29666.68432600051,"failureMessages":[],"meta":{}},{"ancestorTitles":["Dev Module Integration Tests","Code Quality"],"fullName":"Dev Module Integration Tests Code Quality should validate module structure","status":"passed","title":"should validate module structure","duration":7492.8218339998275,"failureMessages":[],"meta":{}},{"ancestorTitles":["Dev Module Integration Tests","Profile Management"],"fullName":"Dev Module Integration Tests Profile Management should create and retrieve development profiles","status":"passed","title":"should create and retrieve development profiles","duration":1.2305570002645254,"failureMessages":[],"meta":{}},{"ancestorTitles":["Dev Module Integration Tests","Profile Management"],"fullName":"Dev Module Integration Tests Profile Management should list all profiles","status":"passed","title":"should list all profiles","duration":1.1446869997307658,"failureMessages":[],"meta":{}},{"ancestorTitles":["Dev Module Integration Tests","Profile Management"],"fullName":"Dev Module Integration Tests Profile Management should update profile configuration","status":"passed","title":"should update profile configuration","duration":0.684221999719739,"failureMessages":[],"meta":{}},{"ancestorTitles":["Dev Module Integration Tests","Profile Management"],"fullName":"Dev Module Integration Tests Profile Management should delete profiles","status":"passed","title":"should delete profiles","duration":0.7347619999200106,"failureMessages":[],"meta":{}},{"ancestorTitles":["Dev Module Integration Tests","Session Management"],"fullName":"Dev Module Integration Tests Session Management should start and end development sessions","status":"passed","title":"should start and end development sessions","duration":0.7874119998887181,"failureMessages":[],"meta":{}},{"ancestorTitles":["Dev Module Integration Tests","Session Management"],"fullName":"Dev Module Integration Tests Session Management should track session metadata","status":"passed","title":"should track session metadata","duration":0.9281600005924702,"failureMessages":[],"meta":{}},{"ancestorTitles":["Dev Module Integration Tests","Session Management"],"fullName":"Dev Module Integration Tests Session Management should calculate session statistics","status":"passed","title":"should calculate session statistics","duration":1.5940919993445277,"failureMessages":[],"meta":{}},{"ancestorTitles":["Dev Module Integration Tests","Development Workflows"],"fullName":"Dev Module Integration Tests Development Workflows should support development session management","status":"failed","title":"should support development session management","duration":0.7073520002886653,"failureMessages":["TypeError: devModule.healthCheck is not a function\n    at /var/www/html/systemprompt-os/tests/integration/modules/core/dev/dev.integration.test.ts:366:45\n    at file:///var/www/html/systemprompt-os/node_modules/@vitest/runner/dist/index.js:146:14\n    at file:///var/www/html/systemprompt-os/node_modules/@vitest/runner/dist/index.js:533:11\n    at runWithTimeout (file:///var/www/html/systemprompt-os/node_modules/@vitest/runner/dist/index.js:39:7)\n    at runTest (file:///var/www/html/systemprompt-os/node_modules/@vitest/runner/dist/index.js:1056:17)\n    at processTicksAndRejections (node:internal/process/task_queues:95:5)\n    at runSuite (file:///var/www/html/systemprompt-os/node_modules/@vitest/runner/dist/index.js:1205:15)\n    at runSuite (file:///var/www/html/systemprompt-os/node_modules/@vitest/runner/dist/index.js:1205:15)\n    at runSuite (file:///var/www/html/systemprompt-os/node_modules/@vitest/runner/dist/index.js:1205:15)\n    at runFiles (file:///var/www/html/systemprompt-os/node_modules/@vitest/runner/dist/index.js:1262:5)"],"meta":{}},{"ancestorTitles":["Dev Module Integration Tests","Development Workflows"],"fullName":"Dev Module Integration Tests Development Workflows should handle development tool configuration","status":"failed","title":"should handle development tool configuration","duration":761.3662559995428,"failureMessages":["AssertionError: expected 1 to be +0 // Object.is equality\n    at /var/www/html/systemprompt-os/tests/integration/modules/core/dev/dev.integration.test.ts:377:33\n    at processTicksAndRejections (node:internal/process/task_queues:95:5)\n    at file:///var/www/html/systemprompt-os/node_modules/@vitest/runner/dist/index.js:533:5\n    at runTest (file:///var/www/html/systemprompt-os/node_modules/@vitest/runner/dist/index.js:1056:11)\n    at runSuite (file:///var/www/html/systemprompt-os/node_modules/@vitest/runner/dist/index.js:1205:15)\n    at runSuite (file:///var/www/html/systemprompt-os/node_modules/@vitest/runner/dist/index.js:1205:15)\n    at runSuite (file:///var/www/html/systemprompt-os/node_modules/@vitest/runner/dist/index.js:1205:15)\n    at runFiles (file:///var/www/html/systemprompt-os/node_modules/@vitest/runner/dist/index.js:1262:5)\n    at startTests (file:///var/www/html/systemprompt-os/node_modules/@vitest/runner/dist/index.js:1271:3)\n    at file:///var/www/html/systemprompt-os/node_modules/vitest/dist/chunks/runBaseTests.3qpJUEJM.js:126:11"],"meta":{}},{"ancestorTitles":["Dev Module Integration Tests","Development Workflows"],"fullName":"Dev Module Integration Tests Development Workflows should integrate with build and test systems","status":"failed","title":"should integrate with build and test systems","duration":771.500044000335,"failureMessages":["AssertionError: expected 1 to be +0 // Object.is equality\n    at /var/www/html/systemprompt-os/tests/integration/modules/core/dev/dev.integration.test.ts:388:35\n    at processTicksAndRejections (node:internal/process/task_queues:95:5)\n    at file:///var/www/html/systemprompt-os/node_modules/@vitest/runner/dist/index.js:533:5\n    at runTest (file:///var/www/html/systemprompt-os/node_modules/@vitest/runner/dist/index.js:1056:11)\n    at runSuite (file:///var/www/html/systemprompt-os/node_modules/@vitest/runner/dist/index.js:1205:15)\n    at runSuite (file:///var/www/html/systemprompt-os/node_modules/@vitest/runner/dist/index.js:1205:15)\n    at runSuite (file:///var/www/html/systemprompt-os/node_modules/@vitest/runner/dist/index.js:1205:15)\n    at runFiles (file:///var/www/html/systemprompt-os/node_modules/@vitest/runner/dist/index.js:1262:5)\n    at startTests (file:///var/www/html/systemprompt-os/node_modules/@vitest/runner/dist/index.js:1271:3)\n    at file:///var/www/html/systemprompt-os/node_modules/vitest/dist/chunks/runBaseTests.3qpJUEJM.js:126:11"],"meta":{}},{"ancestorTitles":["Dev Module Integration Tests","Development Workflows"],"fullName":"Dev Module Integration Tests Development Workflows should support profile-based development workflows","status":"passed","title":"should support profile-based development workflows","duration":0.936769999563694,"failureMessages":[],"meta":{}}],"startTime":1754040335171,"endTime":1754040379828.6843,"status":"failed","message":"","name":"/var/www/html/systemprompt-os/tests/integration/modules/core/dev/dev.integration.test.ts"}]}