{"numTotalTestSuites":201,"numPassedTestSuites":138,"numFailedTestSuites":63,"numPendingTestSuites":0,"numTotalTests":477,"numPassedTests":360,"numFailedTests":78,"numPendingTests":39,"numTodoTests":0,"snapshot":{"added":0,"failure":false,"filesAdded":0,"filesRemoved":0,"filesRemovedList":[],"filesUnmatched":0,"filesUpdated":0,"matched":0,"total":0,"unchecked":0,"uncheckedKeysByFile":[],"unmatched":0,"updated":0,"didUpdate":false},"startTime":1753863249663,"success":false,"testResults":[{"assertionResults":[{"ancestorTitles":["Bootstrap Integration Tests","Bootstrap Core Process"],"fullName":"Bootstrap Integration Tests Bootstrap Core Process should have Bootstrap instance created and ready","status":"passed","title":"should have Bootstrap instance created and ready","duration":2.164107999764383,"failureMessages":[],"meta":{}},{"ancestorTitles":["Bootstrap Integration Tests","Bootstrap Core Process"],"fullName":"Bootstrap Integration Tests Bootstrap Core Process should have completed bootstrap process","status":"passed","title":"should have completed bootstrap process","duration":0.3666459992527962,"failureMessages":[],"meta":{}},{"ancestorTitles":["Bootstrap Integration Tests","Bootstrap Core Process"],"fullName":"Bootstrap Integration Tests Bootstrap Core Process should load all expected core modules","status":"passed","title":"should load all expected core modules","duration":1.5248549999669194,"failureMessages":[],"meta":{}},{"ancestorTitles":["Bootstrap Integration Tests","Bootstrap Core Process"],"fullName":"Bootstrap Integration Tests Bootstrap Core Process should have healthy modules after bootstrap","status":"passed","title":"should have healthy modules after bootstrap","duration":7.731701999902725,"failureMessages":[],"meta":{}},{"ancestorTitles":["Bootstrap Integration Tests","Database Integration After Bootstrap"],"fullName":"Bootstrap Integration Tests Database Integration After Bootstrap should have functional database service","status":"failed","title":"should have functional database service","duration":10.754452999681234,"failureMessages":["Error: DatabaseService not initialized. Call initialize() first.\n    at Function.getInstance (/var/www/html/systemprompt-os/src/modules/core/database/services/database.service.ts:65:13)\n    at DatabaseModule.getService (/var/www/html/systemprompt-os/src/modules/core/database/index.ts:109:28)\n    at Object.service (/var/www/html/systemprompt-os/src/modules/core/database/index.ts:87:54)\n    at /var/www/html/systemprompt-os/tests/integration/bootstrap/bootstrap.integration.test.ts:157:44\n    at file:///var/www/html/systemprompt-os/node_modules/@vitest/runner/dist/index.js:146:14\n    at file:///var/www/html/systemprompt-os/node_modules/@vitest/runner/dist/index.js:533:11\n    at runWithTimeout (file:///var/www/html/systemprompt-os/node_modules/@vitest/runner/dist/index.js:39:7)\n    at runTest (file:///var/www/html/systemprompt-os/node_modules/@vitest/runner/dist/index.js:1056:17)\n    at runSuite (file:///var/www/html/systemprompt-os/node_modules/@vitest/runner/dist/index.js:1205:15)\n    at runSuite (file:///var/www/html/systemprompt-os/node_modules/@vitest/runner/dist/index.js:1205:15)"],"meta":{}},{"ancestorTitles":["Bootstrap Integration Tests","Database Integration After Bootstrap"],"fullName":"Bootstrap Integration Tests Database Integration After Bootstrap should test database CLI commands work","status":"passed","title":"should test database CLI commands work","duration":3569.827268000692,"failureMessages":[],"meta":{}},{"ancestorTitles":["Bootstrap Integration Tests","Logger Integration After Bootstrap"],"fullName":"Bootstrap Integration Tests Logger Integration After Bootstrap should have functional logger service","status":"passed","title":"should have functional logger service","duration":1.264546999707818,"failureMessages":[],"meta":{}},{"ancestorTitles":["Bootstrap Integration Tests","Logger Integration After Bootstrap"],"fullName":"Bootstrap Integration Tests Logger Integration After Bootstrap should test logger CLI commands work","status":"passed","title":"should test logger CLI commands work","duration":1662.6986819999292,"failureMessages":[],"meta":{}},{"ancestorTitles":["Bootstrap Integration Tests","Modules System Integration After Bootstrap"],"fullName":"Bootstrap Integration Tests Modules System Integration After Bootstrap should have functional modules service","status":"passed","title":"should have functional modules service","duration":0.6503040008246899,"failureMessages":[],"meta":{}},{"ancestorTitles":["Bootstrap Integration Tests","Modules System Integration After Bootstrap"],"fullName":"Bootstrap Integration Tests Modules System Integration After Bootstrap should test modules CLI commands work","status":"passed","title":"should test modules CLI commands work","duration":3101.0856539998204,"failureMessages":[],"meta":{}},{"ancestorTitles":["Bootstrap Integration Tests","System-wide CLI Integration After Bootstrap"],"fullName":"Bootstrap Integration Tests System-wide CLI Integration After Bootstrap should test system status commands work","status":"passed","title":"should test system status commands work","duration":1472.7213300000876,"failureMessages":[],"meta":{}},{"ancestorTitles":["Bootstrap Integration Tests","System-wide CLI Integration After Bootstrap"],"fullName":"Bootstrap Integration Tests System-wide CLI Integration After Bootstrap should test help command works","status":"passed","title":"should test help command works","duration":1327.9566740002483,"failureMessages":[],"meta":{}},{"ancestorTitles":["Bootstrap Integration Tests","System-wide CLI Integration After Bootstrap"],"fullName":"Bootstrap Integration Tests System-wide CLI Integration After Bootstrap should test users CLI commands work","status":"passed","title":"should test users CLI commands work","duration":1091.6864350000396,"failureMessages":[],"meta":{}},{"ancestorTitles":["Bootstrap Integration Tests","System-wide CLI Integration After Bootstrap"],"fullName":"Bootstrap Integration Tests System-wide CLI Integration After Bootstrap should test agents CLI commands work","status":"passed","title":"should test agents CLI commands work","duration":1137.3151270002127,"failureMessages":[],"meta":{}},{"ancestorTitles":["Bootstrap Integration Tests","System-wide CLI Integration After Bootstrap"],"fullName":"Bootstrap Integration Tests System-wide CLI Integration After Bootstrap should test tasks CLI commands work","status":"passed","title":"should test tasks CLI commands work","duration":1165.0929589997977,"failureMessages":[],"meta":{}},{"ancestorTitles":["Bootstrap Integration Tests","Bootstrap State Management"],"fullName":"Bootstrap Integration Tests Bootstrap State Management should track bootstrap phases correctly","status":"passed","title":"should track bootstrap phases correctly","duration":0.6045340001583099,"failureMessages":[],"meta":{}},{"ancestorTitles":["Bootstrap Integration Tests","Bootstrap State Management"],"fullName":"Bootstrap Integration Tests Bootstrap State Management should allow clean shutdown and restart","status":"failed","title":"should allow clean shutdown and restart","duration":33.978099999949336,"failureMessages":["Error: Cannot start module in initializing state\n    at MonitorModule.start (/var/www/html/systemprompt-os/src/modules/core/monitor/index.ts:108:15)\n    at ModuleRegistryService.startAllModules (/var/www/html/systemprompt-os/src/modules/core/modules/services/module-registry.service.ts:212:24)\n    at ModuleLoaderService.startModules (/var/www/html/systemprompt-os/src/modules/core/modules/services/module-loader.service.ts:221:5)\n    at ModulesModuleService.start (/var/www/html/systemprompt-os/src/modules/core/modules/services/modules-module.service.ts:260:9)\n    at startCriticalModule (/var/www/html/systemprompt-os/src/bootstrap/phases/core-modules-phase.ts:133:5)\n    at processEssentialModule (/var/www/html/systemprompt-os/src/bootstrap/phases/core-modules-phase.ts:170:3)\n    at loadEssentialModules (/var/www/html/systemprompt-os/src/bootstrap/phases/core-modules-phase.ts:193:5)\n    at Module.executeCoreModulesPhase (/var/www/html/systemprompt-os/src/bootstrap/phases/core-modules-phase.ts:397:3)\n    at Bootstrap.executeCoreModulesPhase (/var/www/html/systemprompt-os/src/bootstrap.ts:193:5)\n    at Bootstrap.executeAllPhases (/var/www/html/systemprompt-os/src/bootstrap.ts:156:5)"],"meta":{}}],"startTime":1753863252303,"endTime":1753863266891.978,"status":"failed","message":"","name":"/var/www/html/systemprompt-os/tests/integration/bootstrap/bootstrap.integration.test.ts"},{"assertionResults":[{"ancestorTitles":["Agent-Task Simple Integration Test","Clean Module Separation"],"fullName":"Agent-Task Simple Integration Test Clean Module Separation should create agent without task knowledge","status":"passed","title":"should create agent without task knowledge","duration":10.855259999632835,"failureMessages":[],"meta":{}},{"ancestorTitles":["Agent-Task Simple Integration Test","Clean Module Separation"],"fullName":"Agent-Task Simple Integration Test Clean Module Separation should create task without agent knowledge","status":"failed","title":"should create task without agent knowledge","duration":5.924360000528395,"failureMessages":["TypeError: Cannot read properties of undefined (reading 'PENDING')\n    at /var/www/html/systemprompt-os/tests/integration/modules/core/agents/agents-tasks-service-direct.integration.test.ts:245:32\n    at file:///var/www/html/systemprompt-os/node_modules/@vitest/runner/dist/index.js:146:14\n    at file:///var/www/html/systemprompt-os/node_modules/@vitest/runner/dist/index.js:533:11\n    at runWithTimeout (file:///var/www/html/systemprompt-os/node_modules/@vitest/runner/dist/index.js:39:7)\n    at runTest (file:///var/www/html/systemprompt-os/node_modules/@vitest/runner/dist/index.js:1056:17)\n    at runSuite (file:///var/www/html/systemprompt-os/node_modules/@vitest/runner/dist/index.js:1205:15)\n    at runSuite (file:///var/www/html/systemprompt-os/node_modules/@vitest/runner/dist/index.js:1205:15)\n    at runSuite (file:///var/www/html/systemprompt-os/node_modules/@vitest/runner/dist/index.js:1205:15)\n    at runFiles (file:///var/www/html/systemprompt-os/node_modules/@vitest/runner/dist/index.js:1262:5)\n    at startTests (file:///var/www/html/systemprompt-os/node_modules/@vitest/runner/dist/index.js:1271:3)"],"meta":{}},{"ancestorTitles":["Agent-Task Simple Integration Test","Clean Module Separation"],"fullName":"Agent-Task Simple Integration Test Clean Module Separation should start agent and emit availability","status":"passed","title":"should start agent and emit availability","duration":5.008125999942422,"failureMessages":[],"meta":{}},{"ancestorTitles":["Agent-Task Simple Integration Test","Clean Module Separation"],"fullName":"Agent-Task Simple Integration Test Clean Module Separation should assign task to agent through task service","status":"failed","title":"should assign task to agent through task service","duration":0.7682220004498959,"failureMessages":["Error: Created agent or task is not available - previous tests may have failed\n    at /var/www/html/systemprompt-os/tests/integration/modules/core/agents/agents-tasks-service-direct.integration.test.ts:288:15\n    at file:///var/www/html/systemprompt-os/node_modules/@vitest/runner/dist/index.js:146:14\n    at file:///var/www/html/systemprompt-os/node_modules/@vitest/runner/dist/index.js:533:11\n    at runWithTimeout (file:///var/www/html/systemprompt-os/node_modules/@vitest/runner/dist/index.js:39:7)\n    at runTest (file:///var/www/html/systemprompt-os/node_modules/@vitest/runner/dist/index.js:1056:17)\n    at runSuite (file:///var/www/html/systemprompt-os/node_modules/@vitest/runner/dist/index.js:1205:15)\n    at runSuite (file:///var/www/html/systemprompt-os/node_modules/@vitest/runner/dist/index.js:1205:15)\n    at runSuite (file:///var/www/html/systemprompt-os/node_modules/@vitest/runner/dist/index.js:1205:15)\n    at runFiles (file:///var/www/html/systemprompt-os/node_modules/@vitest/runner/dist/index.js:1262:5)\n    at startTests (file:///var/www/html/systemprompt-os/node_modules/@vitest/runner/dist/index.js:1271:3)"],"meta":{}},{"ancestorTitles":["Agent-Task Simple Integration Test","Clean Module Separation"],"fullName":"Agent-Task Simple Integration Test Clean Module Separation should report agent as busy","status":"failed","title":"should report agent as busy","duration":0.616644000634551,"failureMessages":["Error: Created agent or task is not available - previous tests may have failed\n    at /var/www/html/systemprompt-os/tests/integration/modules/core/agents/agents-tasks-service-direct.integration.test.ts:310:15\n    at file:///var/www/html/systemprompt-os/node_modules/@vitest/runner/dist/index.js:146:14\n    at file:///var/www/html/systemprompt-os/node_modules/@vitest/runner/dist/index.js:533:11\n    at runWithTimeout (file:///var/www/html/systemprompt-os/node_modules/@vitest/runner/dist/index.js:39:7)\n    at runTest (file:///var/www/html/systemprompt-os/node_modules/@vitest/runner/dist/index.js:1056:17)\n    at runSuite (file:///var/www/html/systemprompt-os/node_modules/@vitest/runner/dist/index.js:1205:15)\n    at runSuite (file:///var/www/html/systemprompt-os/node_modules/@vitest/runner/dist/index.js:1205:15)\n    at runSuite (file:///var/www/html/systemprompt-os/node_modules/@vitest/runner/dist/index.js:1205:15)\n    at runFiles (file:///var/www/html/systemprompt-os/node_modules/@vitest/runner/dist/index.js:1262:5)\n    at startTests (file:///var/www/html/systemprompt-os/node_modules/@vitest/runner/dist/index.js:1271:3)"],"meta":{}},{"ancestorTitles":["Agent-Task Simple Integration Test","Clean Module Separation"],"fullName":"Agent-Task Simple Integration Test Clean Module Separation should complete task and emit event","status":"failed","title":"should complete task and emit event","duration":0.5903439996764064,"failureMessages":["TypeError: Cannot read properties of null (reading 'id')\n    at /var/www/html/systemprompt-os/tests/integration/modules/core/agents/agents-tasks-service-direct.integration.test.ts:325:61\n    at file:///var/www/html/systemprompt-os/node_modules/@vitest/runner/dist/index.js:146:14\n    at file:///var/www/html/systemprompt-os/node_modules/@vitest/runner/dist/index.js:533:11\n    at runWithTimeout (file:///var/www/html/systemprompt-os/node_modules/@vitest/runner/dist/index.js:39:7)\n    at runTest (file:///var/www/html/systemprompt-os/node_modules/@vitest/runner/dist/index.js:1056:17)\n    at runSuite (file:///var/www/html/systemprompt-os/node_modules/@vitest/runner/dist/index.js:1205:15)\n    at runSuite (file:///var/www/html/systemprompt-os/node_modules/@vitest/runner/dist/index.js:1205:15)\n    at runSuite (file:///var/www/html/systemprompt-os/node_modules/@vitest/runner/dist/index.js:1205:15)\n    at runFiles (file:///var/www/html/systemprompt-os/node_modules/@vitest/runner/dist/index.js:1262:5)\n    at startTests (file:///var/www/html/systemprompt-os/node_modules/@vitest/runner/dist/index.js:1271:3)"],"meta":{}},{"ancestorTitles":["Agent-Task Simple Integration Test","Clean Module Separation"],"fullName":"Agent-Task Simple Integration Test Clean Module Separation should report agent as idle","status":"passed","title":"should report agent as idle","duration":0.7908119997009635,"failureMessages":[],"meta":{}},{"ancestorTitles":["Agent-Task Simple Integration Test","Clean Module Separation"],"fullName":"Agent-Task Simple Integration Test Clean Module Separation should handle task failure","status":"failed","title":"should handle task failure","duration":4.757066000252962,"failureMessages":["Error: Task module_id is required and must be a string\n    at TaskRepository.validateRequiredTaskFields (/var/www/html/systemprompt-os/src/modules/core/tasks/repositories/task.repository.ts:204:13)\n    at TaskRepository.create (/var/www/html/systemprompt-os/src/modules/core/tasks/repositories/task.repository.ts:33:10)\n    at TaskService.addTask (/var/www/html/systemprompt-os/src/modules/core/tasks/services/task.service.ts:77:51)\n    at /var/www/html/systemprompt-os/tests/integration/modules/core/agents/agents-tasks-service-direct.integration.test.ts:355:45\n    at file:///var/www/html/systemprompt-os/node_modules/@vitest/runner/dist/index.js:146:14\n    at file:///var/www/html/systemprompt-os/node_modules/@vitest/runner/dist/index.js:533:11\n    at runWithTimeout (file:///var/www/html/systemprompt-os/node_modules/@vitest/runner/dist/index.js:39:7)\n    at runTest (file:///var/www/html/systemprompt-os/node_modules/@vitest/runner/dist/index.js:1056:17)\n    at runSuite (file:///var/www/html/systemprompt-os/node_modules/@vitest/runner/dist/index.js:1205:15)\n    at runSuite (file:///var/www/html/systemprompt-os/node_modules/@vitest/runner/dist/index.js:1205:15)"],"meta":{}},{"ancestorTitles":["Agent-Task Simple Integration Test","Clean Module Separation"],"fullName":"Agent-Task Simple Integration Test Clean Module Separation should get available agents","status":"passed","title":"should get available agents","duration":2.3046059999614954,"failureMessages":[],"meta":{}},{"ancestorTitles":["Agent-Task Simple Integration Test","Clean Module Separation"],"fullName":"Agent-Task Simple Integration Test Clean Module Separation should filter tasks by agent","status":"failed","title":"should filter tasks by agent","duration":1.4373460002243519,"failureMessages":["AssertionError: expected 0 to be greater than 0\n    at /var/www/html/systemprompt-os/tests/integration/modules/core/agents/agents-tasks-service-direct.integration.test.ts:391:33\n    at file:///var/www/html/systemprompt-os/node_modules/@vitest/runner/dist/index.js:533:5\n    at runTest (file:///var/www/html/systemprompt-os/node_modules/@vitest/runner/dist/index.js:1056:11)\n    at runSuite (file:///var/www/html/systemprompt-os/node_modules/@vitest/runner/dist/index.js:1205:15)\n    at runSuite (file:///var/www/html/systemprompt-os/node_modules/@vitest/runner/dist/index.js:1205:15)\n    at runSuite (file:///var/www/html/systemprompt-os/node_modules/@vitest/runner/dist/index.js:1205:15)\n    at runFiles (file:///var/www/html/systemprompt-os/node_modules/@vitest/runner/dist/index.js:1262:5)\n    at startTests (file:///var/www/html/systemprompt-os/node_modules/@vitest/runner/dist/index.js:1271:3)\n    at file:///var/www/html/systemprompt-os/node_modules/vitest/dist/chunks/runBaseTests.3qpJUEJM.js:126:11\n    at withEnv (file:///var/www/html/systemprompt-os/node_modules/vitest/dist/chunks/runBaseTests.3qpJUEJM.js:90:5)"],"meta":{}}],"startTime":1753863250621,"endTime":1753863250654.4373,"status":"failed","message":"","name":"/var/www/html/systemprompt-os/tests/integration/modules/core/agents/agents-tasks-service-direct.integration.test.ts"},{"assertionResults":[{"ancestorTitles":["Agent-Task Clean Separation Integration Test","Clean Module Separation"],"fullName":"Agent-Task Clean Separation Integration Test Clean Module Separation should create agent without knowing about tasks","status":"passed","title":"should create agent without knowing about tasks","duration":108.25122299976647,"failureMessages":[],"meta":{}},{"ancestorTitles":["Agent-Task Clean Separation Integration Test","Clean Module Separation"],"fullName":"Agent-Task Clean Separation Integration Test Clean Module Separation should create task without knowing about agents","status":"passed","title":"should create task without knowing about agents","duration":0.5195650001987815,"failureMessages":[],"meta":{}},{"ancestorTitles":["Agent-Task Clean Separation Integration Test","Clean Module Separation"],"fullName":"Agent-Task Clean Separation Integration Test Clean Module Separation should coordinate task assignment through orchestrator","status":"passed","title":"should coordinate task assignment through orchestrator","duration":312.1046849992126,"failureMessages":[],"meta":{}},{"ancestorTitles":["Agent-Task Clean Separation Integration Test","Clean Module Separation"],"fullName":"Agent-Task Clean Separation Integration Test Clean Module Separation should handle task execution with clean interfaces","status":"passed","title":"should handle task execution with clean interfaces","duration":155.88125600013882,"failureMessages":[],"meta":{}},{"ancestorTitles":["Agent-Task Clean Separation Integration Test","Clean Module Separation"],"fullName":"Agent-Task Clean Separation Integration Test Clean Module Separation should handle multiple agents and tasks independently","status":"passed","title":"should handle multiple agents and tasks independently","duration":100.9759900001809,"failureMessages":[],"meta":{}},{"ancestorTitles":["Agent-Task Clean Separation Integration Test","Event-Based Communication"],"fullName":"Agent-Task Clean Separation Integration Test Event-Based Communication should communicate through events without direct coupling","status":"passed","title":"should communicate through events without direct coupling","duration":52.21540200058371,"failureMessages":[],"meta":{}}],"startTime":1753863250351,"endTime":1753863251081.2153,"status":"passed","message":"","name":"/var/www/html/systemprompt-os/tests/integration/modules/core/agents/agents-with-tasks-architecture.integration.test.ts"},{"assertionResults":[{"ancestorTitles":["Agents Module Integration Tests","Module Bootstrap"],"fullName":"Agents Module Integration Tests Module Bootstrap should load agents module during bootstrap","status":"passed","title":"should load agents module during bootstrap","duration":108.90155800059438,"failureMessages":[],"meta":{}},{"ancestorTitles":["Agents Module Integration Tests","Module Bootstrap"],"fullName":"Agents Module Integration Tests Module Bootstrap should execute agents status command","status":"failed","title":"should execute agents status command","duration":2063.73003599979,"failureMessages":["AssertionError: expected 1 to be +0 // Object.is equality\n    at /var/www/html/systemprompt-os/tests/integration/modules/core/agents/agents.integration.test.ts:151:31\n    at processTicksAndRejections (node:internal/process/task_queues:95:5)\n    at file:///var/www/html/systemprompt-os/node_modules/@vitest/runner/dist/index.js:533:5\n    at runTest (file:///var/www/html/systemprompt-os/node_modules/@vitest/runner/dist/index.js:1056:11)\n    at runSuite (file:///var/www/html/systemprompt-os/node_modules/@vitest/runner/dist/index.js:1205:15)\n    at runSuite (file:///var/www/html/systemprompt-os/node_modules/@vitest/runner/dist/index.js:1205:15)\n    at runSuite (file:///var/www/html/systemprompt-os/node_modules/@vitest/runner/dist/index.js:1205:15)\n    at runFiles (file:///var/www/html/systemprompt-os/node_modules/@vitest/runner/dist/index.js:1262:5)\n    at startTests (file:///var/www/html/systemprompt-os/node_modules/@vitest/runner/dist/index.js:1271:3)\n    at file:///var/www/html/systemprompt-os/node_modules/vitest/dist/chunks/runBaseTests.3qpJUEJM.js:126:11"],"meta":{}},{"ancestorTitles":["Agents Module Integration Tests","Agent Lifecycle"],"fullName":"Agents Module Integration Tests Agent Lifecycle should create agent without knowing about tasks","status":"passed","title":"should create agent without knowing about tasks","duration":103.8171070003882,"failureMessages":[],"meta":{}},{"ancestorTitles":["Agents Module Integration Tests","Agent Lifecycle"],"fullName":"Agents Module Integration Tests Agent Lifecycle should handle multiple agents and tasks independently","status":"passed","title":"should handle multiple agents and tasks independently","duration":105.33551200013608,"failureMessages":[],"meta":{}},{"ancestorTitles":["Agents Module Integration Tests","Agent Lifecycle"],"fullName":"Agents Module Integration Tests Agent Lifecycle should update agent properties","status":"passed","title":"should update agent properties","duration":153.1353719998151,"failureMessages":[],"meta":{}},{"ancestorTitles":["Agents Module Integration Tests","Agent Lifecycle"],"fullName":"Agents Module Integration Tests Agent Lifecycle should delete agent and clean up references","status":"passed","title":"should delete agent and clean up references","duration":103.04686600062996,"failureMessages":[],"meta":{}},{"ancestorTitles":["Agents Module Integration Tests","Agent Status Management"],"fullName":"Agents Module Integration Tests Agent Status Management should transition agent from stopped to idle","status":"passed","title":"should transition agent from stopped to idle","duration":102.83074799925089,"failureMessages":[],"meta":{}},{"ancestorTitles":["Agents Module Integration Tests","Agent Status Management"],"fullName":"Agents Module Integration Tests Agent Status Management should transition agent from idle to active","status":"passed","title":"should transition agent from idle to active","duration":101.69161900039762,"failureMessages":[],"meta":{}},{"ancestorTitles":["Agents Module Integration Tests","Agent-Task Integration"],"fullName":"Agents Module Integration Tests Agent-Task Integration should communicate through events without direct coupling","status":"passed","title":"should communicate through events without direct coupling","duration":152.0173039995134,"failureMessages":[],"meta":{}},{"ancestorTitles":["Agents Module Integration Tests","CLI Commands"],"fullName":"Agents Module Integration Tests CLI Commands should create agent with all required fields","status":"failed","title":"should create agent with all required fields","duration":1685.584401000291,"failureMessages":["AssertionError: expected 1 to be +0 // Object.is equality\n    at /var/www/html/systemprompt-os/tests/integration/modules/core/agents/agents.integration.test.ts:319:31\n    at processTicksAndRejections (node:internal/process/task_queues:95:5)\n    at file:///var/www/html/systemprompt-os/node_modules/@vitest/runner/dist/index.js:533:5\n    at runTest (file:///var/www/html/systemprompt-os/node_modules/@vitest/runner/dist/index.js:1056:11)\n    at runSuite (file:///var/www/html/systemprompt-os/node_modules/@vitest/runner/dist/index.js:1205:15)\n    at runSuite (file:///var/www/html/systemprompt-os/node_modules/@vitest/runner/dist/index.js:1205:15)\n    at runSuite (file:///var/www/html/systemprompt-os/node_modules/@vitest/runner/dist/index.js:1205:15)\n    at runFiles (file:///var/www/html/systemprompt-os/node_modules/@vitest/runner/dist/index.js:1262:5)\n    at startTests (file:///var/www/html/systemprompt-os/node_modules/@vitest/runner/dist/index.js:1271:3)\n    at file:///var/www/html/systemprompt-os/node_modules/vitest/dist/chunks/runBaseTests.3qpJUEJM.js:126:11"],"meta":{}},{"ancestorTitles":["Agents Module Integration Tests","CLI Commands"],"fullName":"Agents Module Integration Tests CLI Commands should list agents in JSON format","status":"passed","title":"should list agents in JSON format","duration":1751.2234119996428,"failureMessages":[],"meta":{}},{"ancestorTitles":["Agents Module Integration Tests","CLI Commands"],"fullName":"Agents Module Integration Tests CLI Commands should show agent details by name","status":"passed","title":"should show agent details by name","duration":1628.042287999764,"failureMessages":[],"meta":{}},{"ancestorTitles":["Agents Module Integration Tests","CLI Commands"],"fullName":"Agents Module Integration Tests CLI Commands should handle CLI validation errors","status":"failed","title":"should handle CLI validation errors","duration":1497.9044479997829,"failureMessages":["AssertionError: expected +0 not to be +0 // Object.is equality\n    at /var/www/html/systemprompt-os/tests/integration/modules/core/agents/agents.integration.test.ts:372:36\n    at processTicksAndRejections (node:internal/process/task_queues:95:5)\n    at file:///var/www/html/systemprompt-os/node_modules/@vitest/runner/dist/index.js:533:5\n    at runTest (file:///var/www/html/systemprompt-os/node_modules/@vitest/runner/dist/index.js:1056:11)\n    at runSuite (file:///var/www/html/systemprompt-os/node_modules/@vitest/runner/dist/index.js:1205:15)\n    at runSuite (file:///var/www/html/systemprompt-os/node_modules/@vitest/runner/dist/index.js:1205:15)\n    at runSuite (file:///var/www/html/systemprompt-os/node_modules/@vitest/runner/dist/index.js:1205:15)\n    at runFiles (file:///var/www/html/systemprompt-os/node_modules/@vitest/runner/dist/index.js:1262:5)\n    at startTests (file:///var/www/html/systemprompt-os/node_modules/@vitest/runner/dist/index.js:1271:3)\n    at file:///var/www/html/systemprompt-os/node_modules/vitest/dist/chunks/runBaseTests.3qpJUEJM.js:126:11"],"meta":{}}],"startTime":1753863252285,"endTime":1753863261843.9045,"status":"failed","message":"","name":"/var/www/html/systemprompt-os/tests/integration/modules/core/agents/agents.integration.test.ts"},{"assertionResults":[{"ancestorTitles":["Auth Module Integration Tests","Module Bootstrap"],"fullName":"Auth Module Integration Tests Module Bootstrap should load auth module during bootstrap","status":"passed","title":"should load auth module during bootstrap","duration":103.55075800046325,"failureMessages":[],"meta":{}},{"ancestorTitles":["Auth Module Integration Tests","Module Bootstrap"],"fullName":"Auth Module Integration Tests Module Bootstrap should execute auth status command","status":"passed","title":"should execute auth status command","duration":1895.8606620002538,"failureMessages":[],"meta":{}},{"ancestorTitles":["Auth Module Integration Tests","Module Bootstrap"],"fullName":"Auth Module Integration Tests Module Bootstrap should have properly initialized database schema","status":"passed","title":"should have properly initialized database schema","duration":104.44108999986202,"failureMessages":[],"meta":{}},{"ancestorTitles":["Auth Module Integration Tests","OAuth2 Provider Integration"],"fullName":"Auth Module Integration Tests OAuth2 Provider Integration should register OAuth2 providers","status":"passed","title":"should register OAuth2 providers","duration":102.0958259999752,"failureMessages":[],"meta":{}},{"ancestorTitles":["Auth Module Integration Tests","OAuth2 Provider Integration"],"fullName":"Auth Module Integration Tests OAuth2 Provider Integration should handle provider configuration","status":"passed","title":"should handle provider configuration","duration":102.21380899939686,"failureMessages":[],"meta":{}},{"ancestorTitles":["Auth Module Integration Tests","OAuth2 Provider Integration"],"fullName":"Auth Module Integration Tests OAuth2 Provider Integration should access provider registry","status":"passed","title":"should access provider registry","duration":101.96652900055051,"failureMessages":[],"meta":{}},{"ancestorTitles":["Auth Module Integration Tests","OAuth2 Provider Integration"],"fullName":"Auth Module Integration Tests OAuth2 Provider Integration should reload providers","status":"passed","title":"should reload providers","duration":107.40098199993372,"failureMessages":[],"meta":{}},{"ancestorTitles":["Auth Module Integration Tests","Token Management"],"fullName":"Auth Module Integration Tests Token Management should generate access tokens","status":"passed","title":"should generate access tokens","duration":108.35478799976408,"failureMessages":[],"meta":{}},{"ancestorTitles":["Auth Module Integration Tests","Token Management"],"fullName":"Auth Module Integration Tests Token Management should validate token signatures","status":"passed","title":"should validate token signatures","duration":107.11134700011462,"failureMessages":[],"meta":{}},{"ancestorTitles":["Auth Module Integration Tests","Token Management"],"fullName":"Auth Module Integration Tests Token Management should handle token expiration","status":"passed","title":"should handle token expiration","duration":1205.8866799995303,"failureMessages":[],"meta":{}},{"ancestorTitles":["Auth Module Integration Tests","Token Management"],"fullName":"Auth Module Integration Tests Token Management should revoke tokens","status":"passed","title":"should revoke tokens","duration":104.49456100072712,"failureMessages":[],"meta":{}},{"ancestorTitles":["Auth Module Integration Tests","Token Management"],"fullName":"Auth Module Integration Tests Token Management should refresh tokens","status":"passed","title":"should refresh tokens","duration":105.25010200031102,"failureMessages":[],"meta":{}},{"ancestorTitles":["Auth Module Integration Tests","User Authentication"],"fullName":"Auth Module Integration Tests User Authentication should authenticate user with credentials","status":"passed","title":"should authenticate user with credentials","duration":103.33974900003523,"failureMessages":[],"meta":{}},{"ancestorTitles":["Auth Module Integration Tests","User Authentication"],"fullName":"Auth Module Integration Tests User Authentication should create user session","status":"passed","title":"should create user session","duration":103.30021699983627,"failureMessages":[],"meta":{}},{"ancestorTitles":["Auth Module Integration Tests","User Authentication"],"fullName":"Auth Module Integration Tests User Authentication should handle failed authentication","status":"passed","title":"should handle failed authentication","duration":102.5851000007242,"failureMessages":[],"meta":{}},{"ancestorTitles":["Auth Module Integration Tests","User Authentication"],"fullName":"Auth Module Integration Tests User Authentication should track authentication attempts","status":"passed","title":"should track authentication attempts","duration":104.50112000014633,"failureMessages":[],"meta":{}},{"ancestorTitles":["Auth Module Integration Tests","Tunnel Service"],"fullName":"Auth Module Integration Tests Tunnel Service should provide tunnel status","status":"passed","title":"should provide tunnel status","duration":102.42361299972981,"failureMessages":[],"meta":{}},{"ancestorTitles":["Auth Module Integration Tests","Tunnel Service"],"fullName":"Auth Module Integration Tests Tunnel Service should access tunnel service","status":"passed","title":"should access tunnel service","duration":102.37959999963641,"failureMessages":[],"meta":{}},{"ancestorTitles":["Auth Module Integration Tests","Tunnel Service"],"fullName":"Auth Module Integration Tests Tunnel Service should handle tunnel configuration","status":"passed","title":"should handle tunnel configuration","duration":102.32975200004876,"failureMessages":[],"meta":{}},{"ancestorTitles":["Auth Module Integration Tests","MFA Integration"],"fullName":"Auth Module Integration Tests MFA Integration should generate MFA secrets","status":"passed","title":"should generate MFA secrets","duration":104.37890100013465,"failureMessages":[],"meta":{}},{"ancestorTitles":["Auth Module Integration Tests","MFA Integration"],"fullName":"Auth Module Integration Tests MFA Integration should validate TOTP codes","status":"passed","title":"should validate TOTP codes","duration":110.77150000073016,"failureMessages":[],"meta":{}},{"ancestorTitles":["Auth Module Integration Tests","MFA Integration"],"fullName":"Auth Module Integration Tests MFA Integration should handle backup codes","status":"passed","title":"should handle backup codes","duration":114.2464610002935,"failureMessages":[],"meta":{}},{"ancestorTitles":["Auth Module Integration Tests","MFA Integration"],"fullName":"Auth Module Integration Tests MFA Integration should enforce MFA when enabled","status":"passed","title":"should enforce MFA when enabled","duration":103.00492500048131,"failureMessages":[],"meta":{}},{"ancestorTitles":["Auth Module Integration Tests","Audit Logging"],"fullName":"Auth Module Integration Tests Audit Logging should log authentication events","status":"passed","title":"should log authentication events","duration":102.82008900027722,"failureMessages":[],"meta":{}},{"ancestorTitles":["Auth Module Integration Tests","Audit Logging"],"fullName":"Auth Module Integration Tests Audit Logging should log authorization failures","status":"passed","title":"should log authorization failures","duration":103.23909800034016,"failureMessages":[],"meta":{}},{"ancestorTitles":["Auth Module Integration Tests","Audit Logging"],"fullName":"Auth Module Integration Tests Audit Logging should track token usage","status":"passed","title":"should track token usage","duration":103.59313399996608,"failureMessages":[],"meta":{}},{"ancestorTitles":["Auth Module Integration Tests","Audit Logging"],"fullName":"Auth Module Integration Tests Audit Logging should generate audit reports","status":"passed","title":"should generate audit reports","duration":103.8526259995997,"failureMessages":[],"meta":{}},{"ancestorTitles":["Auth Module Integration Tests","CLI Commands"],"fullName":"Auth Module Integration Tests CLI Commands should execute auth status command","status":"passed","title":"should execute auth status command","duration":1639.1132189994678,"failureMessages":[],"meta":{}},{"ancestorTitles":["Auth Module Integration Tests","CLI Commands"],"fullName":"Auth Module Integration Tests CLI Commands should list auth providers","status":"passed","title":"should list auth providers","duration":1518.0886430004612,"failureMessages":[],"meta":{}},{"ancestorTitles":["Auth Module Integration Tests","CLI Commands"],"fullName":"Auth Module Integration Tests CLI Commands should generate JWT keys","status":"passed","title":"should generate JWT keys","duration":1365.998593000695,"failureMessages":[],"meta":{}},{"ancestorTitles":["Auth Module Integration Tests","CLI Commands"],"fullName":"Auth Module Integration Tests CLI Commands should handle database commands","status":"passed","title":"should handle database commands","duration":1284.9567440003157,"failureMessages":[],"meta":{}},{"ancestorTitles":["Auth Module Integration Tests","CLI Commands"],"fullName":"Auth Module Integration Tests CLI Commands should handle role management","status":"passed","title":"should handle role management","duration":1190.81597999949,"failureMessages":[],"meta":{}},{"ancestorTitles":["Auth Module Integration Tests","Database Normalization"],"fullName":"Auth Module Integration Tests Database Normalization should store token scopes in normalized table","status":"passed","title":"should store token scopes in normalized table","duration":104.21325400006026,"failureMessages":[],"meta":{}},{"ancestorTitles":["Auth Module Integration Tests","Database Normalization"],"fullName":"Auth Module Integration Tests Database Normalization should not use JSON columns in core tables","status":"passed","title":"should not use JSON columns in core tables","duration":101.73099799919873,"failureMessages":[],"meta":{}},{"ancestorTitles":["Auth Module Integration Tests","Service Integration"],"fullName":"Auth Module Integration Tests Service Integration should have all services properly initialized","status":"passed","title":"should have all services properly initialized","duration":100.97517700027674,"failureMessages":[],"meta":{}},{"ancestorTitles":["Auth Module Integration Tests","Service Integration"],"fullName":"Auth Module Integration Tests Service Integration should access all auth module exports","status":"passed","title":"should access all auth module exports","duration":101.313232999295,"failureMessages":[],"meta":{}}],"startTime":1753863252493,"endTime":1753863265618.3132,"status":"passed","message":"","name":"/var/www/html/systemprompt-os/tests/integration/modules/core/auth/auth-comprehensive.integration.test.ts"},{"assertionResults":[{"ancestorTitles":["Auth Module Integration Tests","Module Bootstrap"],"fullName":"Auth Module Integration Tests Module Bootstrap should load auth module during bootstrap","status":"passed","title":"should load auth module during bootstrap","duration":8.280677000060678,"failureMessages":[],"meta":{}},{"ancestorTitles":["Auth Module Integration Tests","Module Bootstrap"],"fullName":"Auth Module Integration Tests Module Bootstrap should initialize auth services correctly","status":"passed","title":"should initialize auth services correctly","duration":4.502024999819696,"failureMessages":[],"meta":{}},{"ancestorTitles":["Auth Module Integration Tests","Module Bootstrap"],"fullName":"Auth Module Integration Tests Module Bootstrap should have auth database tables created","status":"passed","title":"should have auth database tables created","duration":11.156798000447452,"failureMessages":[],"meta":{}},{"ancestorTitles":["Auth Module Integration Tests","Token Management"],"fullName":"Auth Module Integration Tests Token Management should create API tokens","status":"failed","title":"should create API tokens","duration":27.504784000106156,"failureMessages":["SqliteError: FOREIGN KEY constraint failed\n    at SqliteConnection.execute (/var/www/html/systemprompt-os/src/modules/core/database/adapters/sqlite-connection.adapter.ts:57:12)\n    at DatabaseService.execute (/var/www/html/systemprompt-os/src/modules/core/database/services/database.service.ts:111:22)\n    at TokenRepository.insertToken (/var/www/html/systemprompt-os/src/modules/core/auth/repositories/token.repository.ts:40:5)\n    at TokenService.createToken (/var/www/html/systemprompt-os/src/modules/core/auth/services/token.service.ts:77:5)\n    at AuthModule.createToken (/var/www/html/systemprompt-os/src/modules/core/auth/index.ts:429:12)\n    at Object.createToken (/var/www/html/systemprompt-os/src/modules/core/auth/index.ts:81:16)\n    at /var/www/html/systemprompt-os/tests/integration/modules/core/auth/auth.integration.test.ts:200:21\n    at file:///var/www/html/systemprompt-os/node_modules/@vitest/runner/dist/index.js:533:5\n    at runTest (file:///var/www/html/systemprompt-os/node_modules/@vitest/runner/dist/index.js:1056:11)\n    at runSuite (file:///var/www/html/systemprompt-os/node_modules/@vitest/runner/dist/index.js:1205:15)"],"meta":{}},{"ancestorTitles":["Auth Module Integration Tests","Token Management"],"fullName":"Auth Module Integration Tests Token Management should validate tokens","status":"passed","title":"should validate tokens","duration":4.157948000356555,"failureMessages":[],"meta":{}},{"ancestorTitles":["Auth Module Integration Tests","Token Management"],"fullName":"Auth Module Integration Tests Token Management should list user tokens","status":"passed","title":"should list user tokens","duration":4.432756000198424,"failureMessages":[],"meta":{}},{"ancestorTitles":["Auth Module Integration Tests","Token Management"],"fullName":"Auth Module Integration Tests Token Management should revoke tokens","status":"passed","title":"should revoke tokens","duration":13.324033999815583,"failureMessages":[],"meta":{}},{"ancestorTitles":["Auth Module Integration Tests","Token Management"],"fullName":"Auth Module Integration Tests Token Management should revoke all user tokens","status":"passed","title":"should revoke all user tokens","duration":18.562563999556005,"failureMessages":[],"meta":{}},{"ancestorTitles":["Auth Module Integration Tests","OAuth2 Configuration"],"fullName":"Auth Module Integration Tests OAuth2 Configuration should provide OAuth2 server metadata","status":"passed","title":"should provide OAuth2 server metadata","duration":6.9535199999809265,"failureMessages":[],"meta":{}},{"ancestorTitles":["Auth Module Integration Tests","OAuth2 Configuration"],"fullName":"Auth Module Integration Tests OAuth2 Configuration should provide protected resource metadata","status":"passed","title":"should provide protected resource metadata","duration":2.4970349995419383,"failureMessages":[],"meta":{}},{"ancestorTitles":["Auth Module Integration Tests","OAuth2 Configuration"],"fullName":"Auth Module Integration Tests OAuth2 Configuration should generate provider callback URLs","status":"passed","title":"should generate provider callback URLs","duration":1.2795270001515746,"failureMessages":[],"meta":{}},{"ancestorTitles":["Auth Module Integration Tests","User Management"],"fullName":"Auth Module Integration Tests User Management should handle getUserById with non-existent user","status":"passed","title":"should handle getUserById with non-existent user","duration":3.169209999963641,"failureMessages":[],"meta":{}},{"ancestorTitles":["Auth Module Integration Tests","User Management"],"fullName":"Auth Module Integration Tests User Management should handle getUserByEmail with non-existent email","status":"passed","title":"should handle getUserByEmail with non-existent email","duration":1.259157999418676,"failureMessages":[],"meta":{}},{"ancestorTitles":["Auth Module Integration Tests","User Management"],"fullName":"Auth Module Integration Tests User Management should retrieve existing users","status":"passed","title":"should retrieve existing users","duration":1.3676369991153479,"failureMessages":[],"meta":{}},{"ancestorTitles":["Auth Module Integration Tests","Provider Management"],"fullName":"Auth Module Integration Tests Provider Management should check provider availability","status":"passed","title":"should check provider availability","duration":0.5981639996170998,"failureMessages":[],"meta":{}},{"ancestorTitles":["Auth Module Integration Tests","Provider Management"],"fullName":"Auth Module Integration Tests Provider Management should get all providers","status":"passed","title":"should get all providers","duration":0.444454999640584,"failureMessages":[],"meta":{}},{"ancestorTitles":["Auth Module Integration Tests","Provider Management"],"fullName":"Auth Module Integration Tests Provider Management should get provider registry","status":"passed","title":"should get provider registry","duration":0.780562000349164,"failureMessages":[],"meta":{}},{"ancestorTitles":["Auth Module Integration Tests","CLI Commands"],"fullName":"Auth Module Integration Tests CLI Commands should execute auth status command","status":"passed","title":"should execute auth status command","duration":1735.8128270003945,"failureMessages":[],"meta":{}},{"ancestorTitles":["Auth Module Integration Tests","CLI Commands"],"fullName":"Auth Module Integration Tests CLI Commands should execute auth providers command","status":"passed","title":"should execute auth providers command","duration":1643.3358000004664,"failureMessages":[],"meta":{}},{"ancestorTitles":["Auth Module Integration Tests","CLI Commands"],"fullName":"Auth Module Integration Tests CLI Commands should execute auth db status command","status":"passed","title":"should execute auth db status command","duration":1584.6973400004208,"failureMessages":[],"meta":{}},{"ancestorTitles":["Auth Module Integration Tests","CLI Commands"],"fullName":"Auth Module Integration Tests CLI Commands should handle auth role commands","status":"passed","title":"should handle auth role commands","duration":1668.2063850006089,"failureMessages":[],"meta":{}},{"ancestorTitles":["Auth Module Integration Tests","Security and Audit"],"fullName":"Auth Module Integration Tests Security and Audit should log token creation events","status":"passed","title":"should log token creation events","duration":7.278066999278963,"failureMessages":[],"meta":{}},{"ancestorTitles":["Auth Module Integration Tests","Security and Audit"],"fullName":"Auth Module Integration Tests Security and Audit should handle token validation securely","status":"passed","title":"should handle token validation securely","duration":5.016890999861062,"failureMessages":[],"meta":{}},{"ancestorTitles":["Auth Module Integration Tests","Security and Audit"],"fullName":"Auth Module Integration Tests Security and Audit should clean up expired tokens","status":"passed","title":"should clean up expired tokens","duration":2.50785499997437,"failureMessages":[],"meta":{}},{"ancestorTitles":["Auth Module Integration Tests","Service Integration"],"fullName":"Auth Module Integration Tests Service Integration should handle service errors gracefully","status":"passed","title":"should handle service errors gracefully","duration":3.4413550002500415,"failureMessages":[],"meta":{}},{"ancestorTitles":["Auth Module Integration Tests","Service Integration"],"fullName":"Auth Module Integration Tests Service Integration should maintain singleton pattern","status":"passed","title":"should maintain singleton pattern","duration":2.002499000169337,"failureMessages":[],"meta":{}},{"ancestorTitles":["Auth Module Integration Tests","Service Integration"],"fullName":"Auth Module Integration Tests Service Integration should provide tunnel service when available","status":"passed","title":"should provide tunnel service when available","duration":11.273749000392854,"failureMessages":[],"meta":{}},{"ancestorTitles":["Auth Module Integration Tests","Database Integration"],"fullName":"Auth Module Integration Tests Database Integration should properly interact with auth database tables","status":"passed","title":"should properly interact with auth database tables","duration":5.313148000277579,"failureMessages":[],"meta":{}},{"ancestorTitles":["Auth Module Integration Tests","Database Integration"],"fullName":"Auth Module Integration Tests Database Integration should handle database constraints properly","status":"passed","title":"should handle database constraints properly","duration":1.155268999747932,"failureMessages":[],"meta":{}},{"ancestorTitles":["Auth Module Integration Tests","Database Integration"],"fullName":"Auth Module Integration Tests Database Integration should maintain referential integrity","status":"passed","title":"should maintain referential integrity","duration":7.62689199950546,"failureMessages":[],"meta":{}}],"startTime":1753863252359,"endTime":1753863259149.627,"status":"failed","message":"","name":"/var/www/html/systemprompt-os/tests/integration/modules/core/auth/auth.integration.test.ts"},{"assertionResults":[{"ancestorTitles":["CLI Bootstrap Integration"],"fullName":"CLI Bootstrap Integration should show help when no arguments provided","status":"passed","title":"should show help when no arguments provided","duration":2097.4579320000485,"failureMessages":[],"meta":{}},{"ancestorTitles":["CLI Bootstrap Integration"],"fullName":"CLI Bootstrap Integration should execute help command","status":"passed","title":"should execute help command","duration":1976.7324399994686,"failureMessages":[],"meta":{}},{"ancestorTitles":["CLI Bootstrap Integration"],"fullName":"CLI Bootstrap Integration should list all modules","status":"passed","title":"should list all modules","duration":1991.0200450001284,"failureMessages":[],"meta":{}},{"ancestorTitles":["CLI Bootstrap Integration"],"fullName":"CLI Bootstrap Integration should show module status","status":"failed","title":"should show module status","duration":1915.5194680001587,"failureMessages":["AssertionError: expected 1 to be +0 // Object.is equality\n    at /var/www/html/systemprompt-os/tests/integration/modules/core/cli/cli-bootstrap.integration.test.ts:139:29\n    at processTicksAndRejections (node:internal/process/task_queues:95:5)\n    at file:///var/www/html/systemprompt-os/node_modules/@vitest/runner/dist/index.js:533:5\n    at runTest (file:///var/www/html/systemprompt-os/node_modules/@vitest/runner/dist/index.js:1056:11)\n    at runSuite (file:///var/www/html/systemprompt-os/node_modules/@vitest/runner/dist/index.js:1205:15)\n    at runSuite (file:///var/www/html/systemprompt-os/node_modules/@vitest/runner/dist/index.js:1205:15)\n    at runFiles (file:///var/www/html/systemprompt-os/node_modules/@vitest/runner/dist/index.js:1262:5)\n    at startTests (file:///var/www/html/systemprompt-os/node_modules/@vitest/runner/dist/index.js:1271:3)\n    at file:///var/www/html/systemprompt-os/node_modules/vitest/dist/chunks/runBaseTests.3qpJUEJM.js:126:11\n    at withEnv (file:///var/www/html/systemprompt-os/node_modules/vitest/dist/chunks/runBaseTests.3qpJUEJM.js:90:5)"],"meta":{}},{"ancestorTitles":["CLI Bootstrap Integration"],"fullName":"CLI Bootstrap Integration should show database status","status":"failed","title":"should show database status","duration":1622.634116999805,"failureMessages":["AssertionError: expected 1 to be +0 // Object.is equality\n    at /var/www/html/systemprompt-os/tests/integration/modules/core/cli/cli-bootstrap.integration.test.ts:147:29\n    at processTicksAndRejections (node:internal/process/task_queues:95:5)\n    at file:///var/www/html/systemprompt-os/node_modules/@vitest/runner/dist/index.js:533:5\n    at runTest (file:///var/www/html/systemprompt-os/node_modules/@vitest/runner/dist/index.js:1056:11)\n    at runSuite (file:///var/www/html/systemprompt-os/node_modules/@vitest/runner/dist/index.js:1205:15)\n    at runSuite (file:///var/www/html/systemprompt-os/node_modules/@vitest/runner/dist/index.js:1205:15)\n    at runFiles (file:///var/www/html/systemprompt-os/node_modules/@vitest/runner/dist/index.js:1262:5)\n    at startTests (file:///var/www/html/systemprompt-os/node_modules/@vitest/runner/dist/index.js:1271:3)\n    at file:///var/www/html/systemprompt-os/node_modules/vitest/dist/chunks/runBaseTests.3qpJUEJM.js:126:11\n    at withEnv (file:///var/www/html/systemprompt-os/node_modules/vitest/dist/chunks/runBaseTests.3qpJUEJM.js:90:5)"],"meta":{}},{"ancestorTitles":["CLI Bootstrap Integration"],"fullName":"CLI Bootstrap Integration should show database summary","status":"passed","title":"should show database summary","duration":1541.1694829994813,"failureMessages":[],"meta":{}},{"ancestorTitles":["CLI Bootstrap Integration"],"fullName":"CLI Bootstrap Integration should show system status","status":"passed","title":"should show system status","duration":1327.816313999705,"failureMessages":[],"meta":{}},{"ancestorTitles":["CLI Bootstrap Integration"],"fullName":"CLI Bootstrap Integration should show system info","status":"passed","title":"should show system info","duration":1304.3693469995633,"failureMessages":[],"meta":{}},{"ancestorTitles":["CLI Bootstrap Integration"],"fullName":"CLI Bootstrap Integration should handle invalid commands gracefully","status":"passed","title":"should handle invalid commands gracefully","duration":1307.6529179997742,"failureMessages":[],"meta":{}},{"ancestorTitles":["CLI Bootstrap Integration"],"fullName":"CLI Bootstrap Integration should handle nested commands","status":"passed","title":"should handle nested commands","duration":1201.067977000028,"failureMessages":[],"meta":{}},{"ancestorTitles":["CLI Bootstrap Integration"],"fullName":"CLI Bootstrap Integration should show configuration values","status":"passed","title":"should show configuration values","duration":1193.8434870000929,"failureMessages":[],"meta":{}},{"ancestorTitles":["CLI Bootstrap Integration"],"fullName":"CLI Bootstrap Integration should validate command execution order","status":"passed","title":"should validate command execution order","duration":3554.1603279998526,"failureMessages":[],"meta":{}},{"ancestorTitles":["CLI Bootstrap Integration"],"fullName":"CLI Bootstrap Integration should support verbose output flag","status":"passed","title":"should support verbose output flag","duration":2579.244036000222,"failureMessages":[],"meta":{}}],"startTime":1753863252323,"endTime":1753863275936.2441,"status":"failed","message":"","name":"/var/www/html/systemprompt-os/tests/integration/modules/core/cli/cli-bootstrap.integration.test.ts"},{"assertionResults":[{"ancestorTitles":["CLI Module Direct Integration Tests","CLI Module Class"],"fullName":"CLI Module Direct Integration Tests CLI Module Class should have correct module properties","status":"passed","title":"should have correct module properties","duration":2.4930150005966425,"failureMessages":[],"meta":{}},{"ancestorTitles":["CLI Module Direct Integration Tests","CLI Module Class"],"fullName":"CLI Module Direct Integration Tests CLI Module Class should provide health check","status":"passed","title":"should provide health check","duration":0.40415600035339594,"failureMessages":[],"meta":{}},{"ancestorTitles":["CLI Module Direct Integration Tests","CLI Module Class"],"fullName":"CLI Module Direct Integration Tests CLI Module Class should export service methods","status":"passed","title":"should export service methods","duration":0.4171460000798106,"failureMessages":[],"meta":{}},{"ancestorTitles":["CLI Module Direct Integration Tests","CLI Service"],"fullName":"CLI Module Direct Integration Tests CLI Service should be initialized","status":"passed","title":"should be initialized","duration":0.34271600004285574,"failureMessages":[],"meta":{}},{"ancestorTitles":["CLI Module Direct Integration Tests","CLI Service"],"fullName":"CLI Module Direct Integration Tests CLI Service should get all commands from database","status":"passed","title":"should get all commands from database","duration":6.579393000341952,"failureMessages":[],"meta":{}},{"ancestorTitles":["CLI Module Direct Integration Tests","CLI Service"],"fullName":"CLI Module Direct Integration Tests CLI Service should get command metadata","status":"passed","title":"should get command metadata","duration":4.447625000029802,"failureMessages":[],"meta":{}},{"ancestorTitles":["CLI Module Direct Integration Tests","CLI Service"],"fullName":"CLI Module Direct Integration Tests CLI Service should register command with options and aliases","status":"passed","title":"should register command with options and aliases","duration":23.370126999914646,"failureMessages":[],"meta":{}},{"ancestorTitles":["CLI Module Direct Integration Tests","CLI Formatter Service"],"fullName":"CLI Module Direct Integration Tests CLI Formatter Service should get command icons","status":"passed","title":"should get command icons","duration":0.514835000038147,"failureMessages":[],"meta":{}},{"ancestorTitles":["CLI Module Direct Integration Tests","CLI Formatter Service"],"fullName":"CLI Module Direct Integration Tests CLI Formatter Service should format messages","status":"passed","title":"should format messages","duration":0.8222219999879599,"failureMessages":[],"meta":{}},{"ancestorTitles":["CLI Module Direct Integration Tests","CLI Formatter Service"],"fullName":"CLI Module Direct Integration Tests CLI Formatter Service should create progress logger","status":"passed","title":"should create progress logger","duration":0.37100599985569715,"failureMessages":[],"meta":{}},{"ancestorTitles":["CLI Module Direct Integration Tests","CLI Output Service"],"fullName":"CLI Module Direct Integration Tests CLI Output Service should output data in different formats","status":"passed","title":"should output data in different formats","duration":6.559055000543594,"failureMessages":[],"meta":{}},{"ancestorTitles":["CLI Module Direct Integration Tests","CLI Output Service"],"fullName":"CLI Module Direct Integration Tests CLI Output Service should create sections and key-value pairs","status":"passed","title":"should create sections and key-value pairs","duration":1.1456280006095767,"failureMessages":[],"meta":{}},{"ancestorTitles":["CLI Module Direct Integration Tests","CLI Output Service"],"fullName":"CLI Module Direct Integration Tests CLI Output Service should display messages","status":"passed","title":"should display messages","duration":1.4223050000146031,"failureMessages":[],"meta":{}},{"ancestorTitles":["CLI Module Direct Integration Tests","CLI Output Service"],"fullName":"CLI Module Direct Integration Tests CLI Output Service should display tables","status":"passed","title":"should display tables","duration":0.5968840001150966,"failureMessages":[],"meta":{}},{"ancestorTitles":["CLI Module Direct Integration Tests","CLI Services Integration"],"fullName":"CLI Module Direct Integration Tests CLI Services Integration should test refresh service","status":"passed","title":"should test refresh service","duration":0.6670540003105998,"failureMessages":[],"meta":{}},{"ancestorTitles":["CLI Module Direct Integration Tests","CLI Services Integration"],"fullName":"CLI Module Direct Integration Tests CLI Services Integration should test status service","status":"passed","title":"should test status service","duration":4.5048749996349216,"failureMessages":[],"meta":{}},{"ancestorTitles":["CLI Module Direct Integration Tests","CLI Services Integration"],"fullName":"CLI Module Direct Integration Tests CLI Services Integration should test help service","status":"passed","title":"should test help service","duration":2.474045000039041,"failureMessages":[],"meta":{}},{"ancestorTitles":["CLI Module Direct Integration Tests","CLI Services Integration"],"fullName":"CLI Module Direct Integration Tests CLI Services Integration should test database query service","status":"passed","title":"should test database query service","duration":1.4639450004324317,"failureMessages":[],"meta":{}},{"ancestorTitles":["CLI Module Direct Integration Tests","CLI Services Integration"],"fullName":"CLI Module Direct Integration Tests CLI Services Integration should test database view service","status":"passed","title":"should test database view service","duration":1.3839560002088547,"failureMessages":[],"meta":{}},{"ancestorTitles":["CLI Module Direct Integration Tests","CLI Services Integration"],"fullName":"CLI Module Direct Integration Tests CLI Services Integration should test database status service","status":"passed","title":"should test database status service","duration":1.4506350001320243,"failureMessages":[],"meta":{}},{"ancestorTitles":["CLI Module Direct Integration Tests","CLI Services Integration"],"fullName":"CLI Module Direct Integration Tests CLI Services Integration should test database summary service","status":"passed","title":"should test database summary service","duration":2.853101000189781,"failureMessages":[],"meta":{}},{"ancestorTitles":["CLI Module Direct Integration Tests","CLI Commands Direct Execution"],"fullName":"CLI Module Direct Integration Tests CLI Commands Direct Execution should test help command functionality","status":"passed","title":"should test help command functionality","duration":12.759482000023127,"failureMessages":[],"meta":{}},{"ancestorTitles":["CLI Module Direct Integration Tests","CLI Commands Direct Execution"],"fullName":"CLI Module Direct Integration Tests CLI Commands Direct Execution should test command formatting","status":"passed","title":"should test command formatting","duration":5.252638000063598,"failureMessages":[],"meta":{}},{"ancestorTitles":["CLI Module Direct Integration Tests","CLI Commands Direct Execution"],"fullName":"CLI Module Direct Integration Tests CLI Commands Direct Execution should test documentation generation","status":"passed","title":"should test documentation generation","duration":7.115678999572992,"failureMessages":[],"meta":{}},{"ancestorTitles":["CLI Module Direct Integration Tests","Error Handling"],"fullName":"CLI Module Direct Integration Tests Error Handling should handle uninitialized service errors","status":"passed","title":"should handle uninitialized service errors","duration":1.1358989998698235,"failureMessages":[],"meta":{}},{"ancestorTitles":["CLI Module Direct Integration Tests","Error Handling"],"fullName":"CLI Module Direct Integration Tests Error Handling should handle invalid command registration","status":"passed","title":"should handle invalid command registration","duration":0.6090639997273684,"failureMessages":[],"meta":{}},{"ancestorTitles":["CLI Module Direct Integration Tests","CLI Module Lifecycle"],"fullName":"CLI Module Direct Integration Tests CLI Module Lifecycle should handle start/stop lifecycle","status":"failed","title":"should handle start/stop lifecycle","duration":7.357902000658214,"failureMessages":["Error: DatabaseService not initialized. Call initialize() first.\n    at Function.getInstance (/var/www/html/systemprompt-os/src/modules/core/database/services/database.service.ts:65:13)\n    at CLIModule.initialize (/var/www/html/systemprompt-os/src/modules/core/cli/index.ts:73:38)\n    at /var/www/html/systemprompt-os/tests/integration/modules/core/cli/cli-direct.integration.test.ts:367:24\n    at file:///var/www/html/systemprompt-os/node_modules/@vitest/runner/dist/index.js:146:14\n    at file:///var/www/html/systemprompt-os/node_modules/@vitest/runner/dist/index.js:533:11\n    at runWithTimeout (file:///var/www/html/systemprompt-os/node_modules/@vitest/runner/dist/index.js:39:7)\n    at runTest (file:///var/www/html/systemprompt-os/node_modules/@vitest/runner/dist/index.js:1056:17)\n    at runSuite (file:///var/www/html/systemprompt-os/node_modules/@vitest/runner/dist/index.js:1205:15)\n    at runSuite (file:///var/www/html/systemprompt-os/node_modules/@vitest/runner/dist/index.js:1205:15)\n    at runSuite (file:///var/www/html/systemprompt-os/node_modules/@vitest/runner/dist/index.js:1205:15)"],"meta":{}},{"ancestorTitles":["CLI Module Direct Integration Tests","CLI Module Lifecycle"],"fullName":"CLI Module Direct Integration Tests CLI Module Lifecycle should handle module exports","status":"passed","title":"should handle module exports","duration":21.998194999992847,"failureMessages":[],"meta":{}}],"startTime":1753863252262,"endTime":1753863252390.9983,"status":"failed","message":"","name":"/var/www/html/systemprompt-os/tests/integration/modules/core/cli/cli-direct.integration.test.ts"},{"assertionResults":[{"ancestorTitles":["Agent-Task Lifecycle Integration Test","Full Lifecycle Test"],"fullName":"Agent-Task Lifecycle Integration Test Full Lifecycle Test should show database status","status":"passed","title":"should show database status","duration":2070.553341000341,"failureMessages":[],"meta":{}},{"ancestorTitles":["Agent-Task Lifecycle Integration Test","Full Lifecycle Test"],"fullName":"Agent-Task Lifecycle Integration Test Full Lifecycle Test should create an agent","status":"failed","title":"should create an agent","duration":1957.3804780002683,"failureMessages":["AssertionError: expected 1 to be +0 // Object.is equality\n    at /var/www/html/systemprompt-os/tests/integration/modules/core/cli/cli-end-to-end-lifecycle.integration.test.ts:155:27\n    at processTicksAndRejections (node:internal/process/task_queues:95:5)\n    at file:///var/www/html/systemprompt-os/node_modules/@vitest/runner/dist/index.js:533:5\n    at runTest (file:///var/www/html/systemprompt-os/node_modules/@vitest/runner/dist/index.js:1056:11)\n    at runSuite (file:///var/www/html/systemprompt-os/node_modules/@vitest/runner/dist/index.js:1205:15)\n    at runSuite (file:///var/www/html/systemprompt-os/node_modules/@vitest/runner/dist/index.js:1205:15)\n    at runSuite (file:///var/www/html/systemprompt-os/node_modules/@vitest/runner/dist/index.js:1205:15)\n    at runFiles (file:///var/www/html/systemprompt-os/node_modules/@vitest/runner/dist/index.js:1262:5)\n    at startTests (file:///var/www/html/systemprompt-os/node_modules/@vitest/runner/dist/index.js:1271:3)\n    at file:///var/www/html/systemprompt-os/node_modules/vitest/dist/chunks/runBaseTests.3qpJUEJM.js:126:11"],"meta":{}},{"ancestorTitles":["Agent-Task Lifecycle Integration Test","Full Lifecycle Test"],"fullName":"Agent-Task Lifecycle Integration Test Full Lifecycle Test should start the agent","status":"passed","title":"should start the agent","duration":1919.3735440000892,"failureMessages":[],"meta":{}},{"ancestorTitles":["Agent-Task Lifecycle Integration Test","Full Lifecycle Test"],"fullName":"Agent-Task Lifecycle Integration Test Full Lifecycle Test should create a task","status":"failed","title":"should create a task","duration":1789.529467000626,"failureMessages":["AssertionError: expected 1 to be +0 // Object.is equality\n    at /var/www/html/systemprompt-os/tests/integration/modules/core/cli/cli-end-to-end-lifecycle.integration.test.ts:199:27\n    at processTicksAndRejections (node:internal/process/task_queues:95:5)\n    at file:///var/www/html/systemprompt-os/node_modules/@vitest/runner/dist/index.js:533:5\n    at runTest (file:///var/www/html/systemprompt-os/node_modules/@vitest/runner/dist/index.js:1056:11)\n    at runSuite (file:///var/www/html/systemprompt-os/node_modules/@vitest/runner/dist/index.js:1205:15)\n    at runSuite (file:///var/www/html/systemprompt-os/node_modules/@vitest/runner/dist/index.js:1205:15)\n    at runSuite (file:///var/www/html/systemprompt-os/node_modules/@vitest/runner/dist/index.js:1205:15)\n    at runFiles (file:///var/www/html/systemprompt-os/node_modules/@vitest/runner/dist/index.js:1262:5)\n    at startTests (file:///var/www/html/systemprompt-os/node_modules/@vitest/runner/dist/index.js:1271:3)\n    at file:///var/www/html/systemprompt-os/node_modules/vitest/dist/chunks/runBaseTests.3qpJUEJM.js:126:11"],"meta":{}},{"ancestorTitles":["Agent-Task Lifecycle Integration Test","Full Lifecycle Test"],"fullName":"Agent-Task Lifecycle Integration Test Full Lifecycle Test should show task in pending state","status":"failed","title":"should show task in pending state","duration":1622.5132769998163,"failureMessages":["AssertionError: expected 1 to be +0 // Object.is equality\n    at /var/www/html/systemprompt-os/tests/integration/modules/core/cli/cli-end-to-end-lifecycle.integration.test.ts:226:27\n    at processTicksAndRejections (node:internal/process/task_queues:95:5)\n    at file:///var/www/html/systemprompt-os/node_modules/@vitest/runner/dist/index.js:533:5\n    at runTest (file:///var/www/html/systemprompt-os/node_modules/@vitest/runner/dist/index.js:1056:11)\n    at runSuite (file:///var/www/html/systemprompt-os/node_modules/@vitest/runner/dist/index.js:1205:15)\n    at runSuite (file:///var/www/html/systemprompt-os/node_modules/@vitest/runner/dist/index.js:1205:15)\n    at runSuite (file:///var/www/html/systemprompt-os/node_modules/@vitest/runner/dist/index.js:1205:15)\n    at runFiles (file:///var/www/html/systemprompt-os/node_modules/@vitest/runner/dist/index.js:1262:5)\n    at startTests (file:///var/www/html/systemprompt-os/node_modules/@vitest/runner/dist/index.js:1271:3)\n    at file:///var/www/html/systemprompt-os/node_modules/vitest/dist/chunks/runBaseTests.3qpJUEJM.js:126:11"],"meta":{}},{"ancestorTitles":["Agent-Task Lifecycle Integration Test","Full Lifecycle Test"],"fullName":"Agent-Task Lifecycle Integration Test Full Lifecycle Test should assign task to agent using update","status":"failed","title":"should assign task to agent using update","duration":1470.2382230004296,"failureMessages":["AssertionError: expected 1 to be +0 // Object.is equality\n    at /var/www/html/systemprompt-os/tests/integration/modules/core/cli/cli-end-to-end-lifecycle.integration.test.ts:254:33\n    at processTicksAndRejections (node:internal/process/task_queues:95:5)\n    at file:///var/www/html/systemprompt-os/node_modules/@vitest/runner/dist/index.js:533:5\n    at runTest (file:///var/www/html/systemprompt-os/node_modules/@vitest/runner/dist/index.js:1056:11)\n    at runSuite (file:///var/www/html/systemprompt-os/node_modules/@vitest/runner/dist/index.js:1205:15)\n    at runSuite (file:///var/www/html/systemprompt-os/node_modules/@vitest/runner/dist/index.js:1205:15)\n    at runSuite (file:///var/www/html/systemprompt-os/node_modules/@vitest/runner/dist/index.js:1205:15)\n    at runFiles (file:///var/www/html/systemprompt-os/node_modules/@vitest/runner/dist/index.js:1262:5)\n    at startTests (file:///var/www/html/systemprompt-os/node_modules/@vitest/runner/dist/index.js:1271:3)\n    at file:///var/www/html/systemprompt-os/node_modules/vitest/dist/chunks/runBaseTests.3qpJUEJM.js:126:11"],"meta":{}},{"ancestorTitles":["Agent-Task Lifecycle Integration Test","Full Lifecycle Test"],"fullName":"Agent-Task Lifecycle Integration Test Full Lifecycle Test should update task to in_progress","status":"failed","title":"should update task to in_progress","duration":1432.2786170002073,"failureMessages":["AssertionError: expected 1 to be +0 // Object.is equality\n    at /var/www/html/systemprompt-os/tests/integration/modules/core/cli/cli-end-to-end-lifecycle.integration.test.ts:279:27\n    at processTicksAndRejections (node:internal/process/task_queues:95:5)\n    at file:///var/www/html/systemprompt-os/node_modules/@vitest/runner/dist/index.js:533:5\n    at runTest (file:///var/www/html/systemprompt-os/node_modules/@vitest/runner/dist/index.js:1056:11)\n    at runSuite (file:///var/www/html/systemprompt-os/node_modules/@vitest/runner/dist/index.js:1205:15)\n    at runSuite (file:///var/www/html/systemprompt-os/node_modules/@vitest/runner/dist/index.js:1205:15)\n    at runSuite (file:///var/www/html/systemprompt-os/node_modules/@vitest/runner/dist/index.js:1205:15)\n    at runFiles (file:///var/www/html/systemprompt-os/node_modules/@vitest/runner/dist/index.js:1262:5)\n    at startTests (file:///var/www/html/systemprompt-os/node_modules/@vitest/runner/dist/index.js:1271:3)\n    at file:///var/www/html/systemprompt-os/node_modules/vitest/dist/chunks/runBaseTests.3qpJUEJM.js:126:11"],"meta":{}},{"ancestorTitles":["Agent-Task Lifecycle Integration Test","Full Lifecycle Test"],"fullName":"Agent-Task Lifecycle Integration Test Full Lifecycle Test should update task progress","status":"failed","title":"should update task progress","duration":1252.837846999988,"failureMessages":["AssertionError: expected 1 to be +0 // Object.is equality\n    at /var/www/html/systemprompt-os/tests/integration/modules/core/cli/cli-end-to-end-lifecycle.integration.test.ts:295:27\n    at processTicksAndRejections (node:internal/process/task_queues:95:5)\n    at file:///var/www/html/systemprompt-os/node_modules/@vitest/runner/dist/index.js:533:5\n    at runTest (file:///var/www/html/systemprompt-os/node_modules/@vitest/runner/dist/index.js:1056:11)\n    at runSuite (file:///var/www/html/systemprompt-os/node_modules/@vitest/runner/dist/index.js:1205:15)\n    at runSuite (file:///var/www/html/systemprompt-os/node_modules/@vitest/runner/dist/index.js:1205:15)\n    at runSuite (file:///var/www/html/systemprompt-os/node_modules/@vitest/runner/dist/index.js:1205:15)\n    at runFiles (file:///var/www/html/systemprompt-os/node_modules/@vitest/runner/dist/index.js:1262:5)\n    at startTests (file:///var/www/html/systemprompt-os/node_modules/@vitest/runner/dist/index.js:1271:3)\n    at file:///var/www/html/systemprompt-os/node_modules/vitest/dist/chunks/runBaseTests.3qpJUEJM.js:126:11"],"meta":{}},{"ancestorTitles":["Agent-Task Lifecycle Integration Test","Full Lifecycle Test"],"fullName":"Agent-Task Lifecycle Integration Test Full Lifecycle Test should complete the task","status":"failed","title":"should complete the task","duration":1267.7884080000222,"failureMessages":["AssertionError: expected 1 to be +0 // Object.is equality\n    at /var/www/html/systemprompt-os/tests/integration/modules/core/cli/cli-end-to-end-lifecycle.integration.test.ts:322:27\n    at processTicksAndRejections (node:internal/process/task_queues:95:5)\n    at file:///var/www/html/systemprompt-os/node_modules/@vitest/runner/dist/index.js:533:5\n    at runTest (file:///var/www/html/systemprompt-os/node_modules/@vitest/runner/dist/index.js:1056:11)\n    at runSuite (file:///var/www/html/systemprompt-os/node_modules/@vitest/runner/dist/index.js:1205:15)\n    at runSuite (file:///var/www/html/systemprompt-os/node_modules/@vitest/runner/dist/index.js:1205:15)\n    at runSuite (file:///var/www/html/systemprompt-os/node_modules/@vitest/runner/dist/index.js:1205:15)\n    at runFiles (file:///var/www/html/systemprompt-os/node_modules/@vitest/runner/dist/index.js:1262:5)\n    at startTests (file:///var/www/html/systemprompt-os/node_modules/@vitest/runner/dist/index.js:1271:3)\n    at file:///var/www/html/systemprompt-os/node_modules/vitest/dist/chunks/runBaseTests.3qpJUEJM.js:126:11"],"meta":{}},{"ancestorTitles":["Agent-Task Lifecycle Integration Test","Full Lifecycle Test"],"fullName":"Agent-Task Lifecycle Integration Test Full Lifecycle Test should verify completed task has assigned agent","status":"failed","title":"should verify completed task has assigned agent","duration":1224.3794929999858,"failureMessages":["AssertionError: expected 1 to be +0 // Object.is equality\n    at /var/www/html/systemprompt-os/tests/integration/modules/core/cli/cli-end-to-end-lifecycle.integration.test.ts:339:27\n    at processTicksAndRejections (node:internal/process/task_queues:95:5)\n    at file:///var/www/html/systemprompt-os/node_modules/@vitest/runner/dist/index.js:533:5\n    at runTest (file:///var/www/html/systemprompt-os/node_modules/@vitest/runner/dist/index.js:1056:11)\n    at runSuite (file:///var/www/html/systemprompt-os/node_modules/@vitest/runner/dist/index.js:1205:15)\n    at runSuite (file:///var/www/html/systemprompt-os/node_modules/@vitest/runner/dist/index.js:1205:15)\n    at runSuite (file:///var/www/html/systemprompt-os/node_modules/@vitest/runner/dist/index.js:1205:15)\n    at runFiles (file:///var/www/html/systemprompt-os/node_modules/@vitest/runner/dist/index.js:1262:5)\n    at startTests (file:///var/www/html/systemprompt-os/node_modules/@vitest/runner/dist/index.js:1271:3)\n    at file:///var/www/html/systemprompt-os/node_modules/vitest/dist/chunks/runBaseTests.3qpJUEJM.js:126:11"],"meta":{}},{"ancestorTitles":["Agent-Task Lifecycle Integration Test","Full Lifecycle Test"],"fullName":"Agent-Task Lifecycle Integration Test Full Lifecycle Test should handle task failure scenario","status":"failed","title":"should handle task failure scenario","duration":1207.496968999505,"failureMessages":["SyntaxError: Unexpected end of JSON input\n    at JSON.parse (<anonymous>)\n    at /var/www/html/systemprompt-os/tests/integration/modules/core/cli/cli-end-to-end-lifecycle.integration.test.ts:358:32\n    at processTicksAndRejections (node:internal/process/task_queues:95:5)\n    at file:///var/www/html/systemprompt-os/node_modules/@vitest/runner/dist/index.js:533:5\n    at runTest (file:///var/www/html/systemprompt-os/node_modules/@vitest/runner/dist/index.js:1056:11)\n    at runSuite (file:///var/www/html/systemprompt-os/node_modules/@vitest/runner/dist/index.js:1205:15)\n    at runSuite (file:///var/www/html/systemprompt-os/node_modules/@vitest/runner/dist/index.js:1205:15)\n    at runSuite (file:///var/www/html/systemprompt-os/node_modules/@vitest/runner/dist/index.js:1205:15)\n    at runFiles (file:///var/www/html/systemprompt-os/node_modules/@vitest/runner/dist/index.js:1262:5)\n    at startTests (file:///var/www/html/systemprompt-os/node_modules/@vitest/runner/dist/index.js:1271:3)"],"meta":{}},{"ancestorTitles":["Agent-Task Lifecycle Integration Test","Full Lifecycle Test"],"fullName":"Agent-Task Lifecycle Integration Test Full Lifecycle Test should show task statistics","status":"passed","title":"should show task statistics","duration":1283.6965300003067,"failureMessages":[],"meta":{}},{"ancestorTitles":["Agent-Task Lifecycle Integration Test","Full Lifecycle Test"],"fullName":"Agent-Task Lifecycle Integration Test Full Lifecycle Test should stop the agent","status":"passed","title":"should stop the agent","duration":1190.397533999756,"failureMessages":[],"meta":{}},{"ancestorTitles":["Agent-Task Lifecycle Integration Test","Event System Verification"],"fullName":"Agent-Task Lifecycle Integration Test Event System Verification should show agent module is healthy","status":"passed","title":"should show agent module is healthy","duration":1172.061228999868,"failureMessages":[],"meta":{}},{"ancestorTitles":["Agent-Task Lifecycle Integration Test","Event System Verification"],"fullName":"Agent-Task Lifecycle Integration Test Event System Verification should handle concurrent tasks","status":"failed","title":"should handle concurrent tasks","duration":1241.3470230000094,"failureMessages":["SyntaxError: Unexpected end of JSON input\n    at JSON.parse (<anonymous>)\n    at /var/www/html/systemprompt-os/tests/integration/modules/core/cli/cli-end-to-end-lifecycle.integration.test.ts:436:43\n    at Array.map (<anonymous>)\n    at /var/www/html/systemprompt-os/tests/integration/modules/core/cli/cli-end-to-end-lifecycle.integration.test.ts:436:29\n    at processTicksAndRejections (node:internal/process/task_queues:95:5)\n    at file:///var/www/html/systemprompt-os/node_modules/@vitest/runner/dist/index.js:533:5\n    at runTest (file:///var/www/html/systemprompt-os/node_modules/@vitest/runner/dist/index.js:1056:11)\n    at runSuite (file:///var/www/html/systemprompt-os/node_modules/@vitest/runner/dist/index.js:1205:15)\n    at runSuite (file:///var/www/html/systemprompt-os/node_modules/@vitest/runner/dist/index.js:1205:15)\n    at runSuite (file:///var/www/html/systemprompt-os/node_modules/@vitest/runner/dist/index.js:1205:15)"],"meta":{}}],"startTime":1753863252280,"endTime":1753863274382.347,"status":"failed","message":"","name":"/var/www/html/systemprompt-os/tests/integration/modules/core/cli/cli-end-to-end-lifecycle.integration.test.ts"},{"assertionResults":[{"ancestorTitles":["CLI and Configuration Integration Test","Configuration Management"],"fullName":"CLI and Configuration Integration Test Configuration Management should manage system configuration settings using basic methods","status":"passed","title":"should manage system configuration settings using basic methods","duration":13.727861000224948,"failureMessages":[],"meta":{}},{"ancestorTitles":["CLI and Configuration Integration Test","Configuration Management"],"fullName":"CLI and Configuration Integration Test Configuration Management should handle configuration updates and deletions","status":"passed","title":"should handle configuration updates and deletions","duration":8.952770000323653,"failureMessages":[],"meta":{}},{"ancestorTitles":["CLI and Configuration Integration Test","Configuration Management"],"fullName":"CLI and Configuration Integration Test Configuration Management should handle configuration file operations manually","status":"passed","title":"should handle configuration file operations manually","duration":6.756373000331223,"failureMessages":[],"meta":{}},{"ancestorTitles":["CLI and Configuration Integration Test","Configuration Management"],"fullName":"CLI and Configuration Integration Test Configuration Management should support environment-specific configurations","status":"passed","title":"should support environment-specific configurations","duration":6.209657999686897,"failureMessages":[],"meta":{}},{"ancestorTitles":["CLI and Configuration Integration Test","Module Configuration"],"fullName":"CLI and Configuration Integration Test Module Configuration should manage module configurations","status":"passed","title":"should manage module configurations","duration":6.222297000698745,"failureMessages":[],"meta":{}},{"ancestorTitles":["CLI and Configuration Integration Test","Module Configuration"],"fullName":"CLI and Configuration Integration Test Module Configuration should handle module enable/disable","status":"passed","title":"should handle module enable/disable","duration":5.117139000445604,"failureMessages":[],"meta":{}},{"ancestorTitles":["CLI and Configuration Integration Test","Configuration Persistence"],"fullName":"CLI and Configuration Integration Test Configuration Persistence should persist configurations across service restarts","status":"passed","title":"should persist configurations across service restarts","duration":7.259554999880493,"failureMessages":[],"meta":{}},{"ancestorTitles":["CLI and Configuration Integration Test","Configuration Persistence"],"fullName":"CLI and Configuration Integration Test Configuration Persistence should handle configuration export and import","status":"passed","title":"should handle configuration export and import","duration":6.99303499981761,"failureMessages":[],"meta":{}}],"startTime":1753863250637,"endTime":1753863250698.993,"status":"passed","message":"","name":"/var/www/html/systemprompt-os/tests/integration/modules/core/cli/cli-with-config.integration.test.ts"},{"assertionResults":[{"ancestorTitles":["CLI Module Integration Tests","Bootstrap Integration"],"fullName":"CLI Module Integration Tests Bootstrap Integration should have CLI module loaded correctly","status":"skipped","title":"should have CLI module loaded correctly","failureMessages":[],"meta":{}},{"ancestorTitles":["CLI Module Integration Tests","Bootstrap Integration"],"fullName":"CLI Module Integration Tests Bootstrap Integration should have database connection established","status":"skipped","title":"should have database connection established","failureMessages":[],"meta":{}},{"ancestorTitles":["CLI Module Integration Tests","Bootstrap Integration"],"fullName":"CLI Module Integration Tests Bootstrap Integration should have registered commands in database","status":"skipped","title":"should have registered commands in database","failureMessages":[],"meta":{}},{"ancestorTitles":["CLI Module Integration Tests","CLI Command Execution"],"fullName":"CLI Module Integration Tests CLI Command Execution should show help when no arguments provided","status":"skipped","title":"should show help when no arguments provided","failureMessages":[],"meta":{}},{"ancestorTitles":["CLI Module Integration Tests","CLI Command Execution"],"fullName":"CLI Module Integration Tests CLI Command Execution should execute help command","status":"skipped","title":"should execute help command","failureMessages":[],"meta":{}},{"ancestorTitles":["CLI Module Integration Tests","CLI Command Execution"],"fullName":"CLI Module Integration Tests CLI Command Execution should list all modules","status":"skipped","title":"should list all modules","failureMessages":[],"meta":{}},{"ancestorTitles":["CLI Module Integration Tests","CLI Command Execution"],"fullName":"CLI Module Integration Tests CLI Command Execution should show module status","status":"skipped","title":"should show module status","failureMessages":[],"meta":{}},{"ancestorTitles":["CLI Module Integration Tests","CLI Command Execution"],"fullName":"CLI Module Integration Tests CLI Command Execution should show database status","status":"skipped","title":"should show database status","failureMessages":[],"meta":{}},{"ancestorTitles":["CLI Module Integration Tests","CLI Command Execution"],"fullName":"CLI Module Integration Tests CLI Command Execution should show database summary","status":"skipped","title":"should show database summary","failureMessages":[],"meta":{}},{"ancestorTitles":["CLI Module Integration Tests","CLI Command Execution"],"fullName":"CLI Module Integration Tests CLI Command Execution should handle invalid commands gracefully","status":"skipped","title":"should handle invalid commands gracefully","failureMessages":[],"meta":{}},{"ancestorTitles":["CLI Module Integration Tests","CLI Command Execution"],"fullName":"CLI Module Integration Tests CLI Command Execution should handle nested commands","status":"skipped","title":"should handle nested commands","failureMessages":[],"meta":{}},{"ancestorTitles":["CLI Module Integration Tests","Direct Service Testing"],"fullName":"CLI Module Integration Tests Direct Service Testing should have CLI service initialized","status":"skipped","title":"should have CLI service initialized","failureMessages":[],"meta":{}},{"ancestorTitles":["CLI Module Integration Tests","Direct Service Testing"],"fullName":"CLI Module Integration Tests Direct Service Testing should get all commands from database","status":"skipped","title":"should get all commands from database","failureMessages":[],"meta":{}},{"ancestorTitles":["CLI Module Integration Tests","Direct Service Testing"],"fullName":"CLI Module Integration Tests Direct Service Testing should get command metadata","status":"skipped","title":"should get command metadata","failureMessages":[],"meta":{}},{"ancestorTitles":["CLI Module Integration Tests","Direct Service Testing"],"fullName":"CLI Module Integration Tests Direct Service Testing should register command with options and aliases","status":"skipped","title":"should register command with options and aliases","failureMessages":[],"meta":{}},{"ancestorTitles":["CLI Module Integration Tests","Output Formatting Services"],"fullName":"CLI Module Integration Tests Output Formatting Services should format messages","status":"skipped","title":"should format messages","failureMessages":[],"meta":{}},{"ancestorTitles":["CLI Module Integration Tests","Output Formatting Services"],"fullName":"CLI Module Integration Tests Output Formatting Services should create progress logger","status":"skipped","title":"should create progress logger","failureMessages":[],"meta":{}},{"ancestorTitles":["CLI Module Integration Tests","Output Formatting Services"],"fullName":"CLI Module Integration Tests Output Formatting Services should output data in different formats","status":"skipped","title":"should output data in different formats","failureMessages":[],"meta":{}},{"ancestorTitles":["CLI Module Integration Tests","Output Formatting Services"],"fullName":"CLI Module Integration Tests Output Formatting Services should create sections and key-value pairs","status":"skipped","title":"should create sections and key-value pairs","failureMessages":[],"meta":{}},{"ancestorTitles":["CLI Module Integration Tests","Output Formatting Services"],"fullName":"CLI Module Integration Tests Output Formatting Services should display messages with different levels","status":"skipped","title":"should display messages with different levels","failureMessages":[],"meta":{}},{"ancestorTitles":["CLI Module Integration Tests","Output Formatting Services"],"fullName":"CLI Module Integration Tests Output Formatting Services should display tables","status":"skipped","title":"should display tables","failureMessages":[],"meta":{}},{"ancestorTitles":["CLI Module Integration Tests","Database Integration Services"],"fullName":"CLI Module Integration Tests Database Integration Services should test database status service","status":"skipped","title":"should test database status service","failureMessages":[],"meta":{}},{"ancestorTitles":["CLI Module Integration Tests","Database Integration Services"],"fullName":"CLI Module Integration Tests Database Integration Services should test database query service","status":"skipped","title":"should test database query service","failureMessages":[],"meta":{}},{"ancestorTitles":["CLI Module Integration Tests","Database Integration Services"],"fullName":"CLI Module Integration Tests Database Integration Services should test database view service","status":"skipped","title":"should test database view service","failureMessages":[],"meta":{}},{"ancestorTitles":["CLI Module Integration Tests","Database Integration Services"],"fullName":"CLI Module Integration Tests Database Integration Services should test database clear service with confirmation","status":"skipped","title":"should test database clear service with confirmation","failureMessages":[],"meta":{}},{"ancestorTitles":["CLI Module Integration Tests","Help System Integration"],"fullName":"CLI Module Integration Tests Help System Integration should test help command functionality","status":"skipped","title":"should test help command functionality","failureMessages":[],"meta":{}},{"ancestorTitles":["CLI Module Integration Tests","Help System Integration"],"fullName":"CLI Module Integration Tests Help System Integration should test command formatting","status":"skipped","title":"should test command formatting","failureMessages":[],"meta":{}},{"ancestorTitles":["CLI Module Integration Tests","Help System Integration"],"fullName":"CLI Module Integration Tests Help System Integration should test documentation generation","status":"skipped","title":"should test documentation generation","failureMessages":[],"meta":{}},{"ancestorTitles":["CLI Module Integration Tests","Error Handling"],"fullName":"CLI Module Integration Tests Error Handling should handle invalid command registration","status":"skipped","title":"should handle invalid command registration","failureMessages":[],"meta":{}},{"ancestorTitles":["CLI Module Integration Tests","Error Handling"],"fullName":"CLI Module Integration Tests Error Handling should handle database connection errors gracefully","status":"skipped","title":"should handle database connection errors gracefully","failureMessages":[],"meta":{}},{"ancestorTitles":["CLI Module Integration Tests","Module Lifecycle"],"fullName":"CLI Module Integration Tests Module Lifecycle should handle start/stop lifecycle","status":"skipped","title":"should handle start/stop lifecycle","failureMessages":[],"meta":{}},{"ancestorTitles":["CLI Module Integration Tests","Module Lifecycle"],"fullName":"CLI Module Integration Tests Module Lifecycle should handle module exports","status":"skipped","title":"should handle module exports","failureMessages":[],"meta":{}},{"ancestorTitles":["CLI Module Integration Tests","Module Lifecycle"],"fullName":"CLI Module Integration Tests Module Lifecycle should provide health check","status":"skipped","title":"should provide health check","failureMessages":[],"meta":{}},{"ancestorTitles":["CLI Module Integration Tests","Configuration Integration"],"fullName":"CLI Module Integration Tests Configuration Integration should support configuration management","status":"skipped","title":"should support configuration management","failureMessages":[],"meta":{}},{"ancestorTitles":["CLI Module Integration Tests","Configuration Integration"],"fullName":"CLI Module Integration Tests Configuration Integration should validate command execution order","status":"skipped","title":"should validate command execution order","failureMessages":[],"meta":{}},{"ancestorTitles":["CLI Module Integration Tests","Configuration Integration"],"fullName":"CLI Module Integration Tests Configuration Integration should support verbose output flag","status":"skipped","title":"should support verbose output flag","failureMessages":[],"meta":{}},{"ancestorTitles":["CLI Module Integration Tests","System Integration"],"fullName":"CLI Module Integration Tests System Integration should show system status","status":"skipped","title":"should show system status","failureMessages":[],"meta":{}},{"ancestorTitles":["CLI Module Integration Tests","System Integration"],"fullName":"CLI Module Integration Tests System Integration should show system info","status":"skipped","title":"should show system info","failureMessages":[],"meta":{}}],"startTime":1753863249663,"endTime":1753863249663,"status":"failed","message":"","name":"/var/www/html/systemprompt-os/tests/integration/modules/core/cli/cli.integration.test.ts"},{"assertionResults":[{"ancestorTitles":["Config Module Integration Tests","Module Bootstrap"],"fullName":"Config Module Integration Tests Module Bootstrap should load config module during bootstrap","status":"passed","title":"should load config module during bootstrap","duration":3.001860000193119,"failureMessages":[],"meta":{}},{"ancestorTitles":["Config Module Integration Tests","Module Bootstrap"],"fullName":"Config Module Integration Tests Module Bootstrap should execute config status command","status":"failed","title":"should execute config status command","duration":1843.743162999861,"failureMessages":["AssertionError: expected 1 to be +0 // Object.is equality\n    at /var/www/html/systemprompt-os/tests/integration/modules/core/config/config.integration.test.ts:103:31\n    at processTicksAndRejections (node:internal/process/task_queues:95:5)\n    at file:///var/www/html/systemprompt-os/node_modules/@vitest/runner/dist/index.js:533:5\n    at runTest (file:///var/www/html/systemprompt-os/node_modules/@vitest/runner/dist/index.js:1056:11)\n    at runSuite (file:///var/www/html/systemprompt-os/node_modules/@vitest/runner/dist/index.js:1205:15)\n    at runSuite (file:///var/www/html/systemprompt-os/node_modules/@vitest/runner/dist/index.js:1205:15)\n    at runSuite (file:///var/www/html/systemprompt-os/node_modules/@vitest/runner/dist/index.js:1205:15)\n    at runFiles (file:///var/www/html/systemprompt-os/node_modules/@vitest/runner/dist/index.js:1262:5)\n    at startTests (file:///var/www/html/systemprompt-os/node_modules/@vitest/runner/dist/index.js:1271:3)\n    at file:///var/www/html/systemprompt-os/node_modules/vitest/dist/chunks/runBaseTests.3qpJUEJM.js:126:11"],"meta":{}},{"ancestorTitles":["Config Module Integration Tests","Configuration Loading"],"fullName":"Config Module Integration Tests Configuration Loading should load default configuration","status":"passed","title":"should load default configuration","duration":2.9407799998298287,"failureMessages":[],"meta":{}},{"ancestorTitles":["Config Module Integration Tests","Configuration Loading"],"fullName":"Config Module Integration Tests Configuration Loading should override with environment variables","status":"passed","title":"should override with environment variables","duration":0.5352139994502068,"failureMessages":[],"meta":{}},{"ancestorTitles":["Config Module Integration Tests","Configuration Loading"],"fullName":"Config Module Integration Tests Configuration Loading should validate configuration schema","status":"passed","title":"should validate configuration schema","duration":0.812741999514401,"failureMessages":[],"meta":{}},{"ancestorTitles":["Config Module Integration Tests","Configuration Loading"],"fullName":"Config Module Integration Tests Configuration Loading should handle missing required fields","status":"passed","title":"should handle missing required fields","duration":0.4054260002449155,"failureMessages":[],"meta":{}},{"ancestorTitles":["Config Module Integration Tests","Configuration Persistence"],"fullName":"Config Module Integration Tests Configuration Persistence should manage system configuration settings using basic methods","status":"passed","title":"should manage system configuration settings using basic methods","duration":3.855401000007987,"failureMessages":[],"meta":{}},{"ancestorTitles":["Config Module Integration Tests","Configuration Persistence"],"fullName":"Config Module Integration Tests Configuration Persistence should handle configuration updates and deletions","status":"passed","title":"should handle configuration updates and deletions","duration":2.344416000880301,"failureMessages":[],"meta":{}},{"ancestorTitles":["Config Module Integration Tests","Configuration Persistence"],"fullName":"Config Module Integration Tests Configuration Persistence should handle configuration file operations manually","status":"passed","title":"should handle configuration file operations manually","duration":1.377157000824809,"failureMessages":[],"meta":{}},{"ancestorTitles":["Config Module Integration Tests","Configuration Persistence"],"fullName":"Config Module Integration Tests Configuration Persistence should support environment-specific configurations","status":"passed","title":"should support environment-specific configurations","duration":9.070189000107348,"failureMessages":[],"meta":{}},{"ancestorTitles":["Config Module Integration Tests","Configuration Persistence"],"fullName":"Config Module Integration Tests Configuration Persistence should persist configurations across service restarts","status":"passed","title":"should persist configurations across service restarts","duration":3.105968000367284,"failureMessages":[],"meta":{}},{"ancestorTitles":["Config Module Integration Tests","Configuration Persistence"],"fullName":"Config Module Integration Tests Configuration Persistence should handle configuration export and import","status":"passed","title":"should handle configuration export and import","duration":45.32521199993789,"failureMessages":[],"meta":{}},{"ancestorTitles":["Config Module Integration Tests","CLI Commands"],"fullName":"Config Module Integration Tests CLI Commands should get configuration values","status":"failed","title":"should get configuration values","duration":1757.8624999998137,"failureMessages":["AssertionError: expected 1 to be +0 // Object.is equality\n    at /var/www/html/systemprompt-os/tests/integration/modules/core/config/config.integration.test.ts:311:34\n    at processTicksAndRejections (node:internal/process/task_queues:95:5)\n    at file:///var/www/html/systemprompt-os/node_modules/@vitest/runner/dist/index.js:533:5\n    at runTest (file:///var/www/html/systemprompt-os/node_modules/@vitest/runner/dist/index.js:1056:11)\n    at runSuite (file:///var/www/html/systemprompt-os/node_modules/@vitest/runner/dist/index.js:1205:15)\n    at runSuite (file:///var/www/html/systemprompt-os/node_modules/@vitest/runner/dist/index.js:1205:15)\n    at runSuite (file:///var/www/html/systemprompt-os/node_modules/@vitest/runner/dist/index.js:1205:15)\n    at runFiles (file:///var/www/html/systemprompt-os/node_modules/@vitest/runner/dist/index.js:1262:5)\n    at startTests (file:///var/www/html/systemprompt-os/node_modules/@vitest/runner/dist/index.js:1271:3)\n    at file:///var/www/html/systemprompt-os/node_modules/vitest/dist/chunks/runBaseTests.3qpJUEJM.js:126:11"],"meta":{}},{"ancestorTitles":["Config Module Integration Tests","CLI Commands"],"fullName":"Config Module Integration Tests CLI Commands should list all configuration values","status":"failed","title":"should list all configuration values","duration":6281.896141000092,"failureMessages":["AssertionError: expected 1 to be +0 // Object.is equality\n    at /var/www/html/systemprompt-os/tests/integration/modules/core/config/config.integration.test.ts:328:31\n    at processTicksAndRejections (node:internal/process/task_queues:95:5)\n    at file:///var/www/html/systemprompt-os/node_modules/@vitest/runner/dist/index.js:533:5\n    at runTest (file:///var/www/html/systemprompt-os/node_modules/@vitest/runner/dist/index.js:1056:11)\n    at runSuite (file:///var/www/html/systemprompt-os/node_modules/@vitest/runner/dist/index.js:1205:15)\n    at runSuite (file:///var/www/html/systemprompt-os/node_modules/@vitest/runner/dist/index.js:1205:15)\n    at runSuite (file:///var/www/html/systemprompt-os/node_modules/@vitest/runner/dist/index.js:1205:15)\n    at runFiles (file:///var/www/html/systemprompt-os/node_modules/@vitest/runner/dist/index.js:1262:5)\n    at startTests (file:///var/www/html/systemprompt-os/node_modules/@vitest/runner/dist/index.js:1271:3)\n    at file:///var/www/html/systemprompt-os/node_modules/vitest/dist/chunks/runBaseTests.3qpJUEJM.js:126:11"],"meta":{}},{"ancestorTitles":["Config Module Integration Tests","CLI Commands"],"fullName":"Config Module Integration Tests CLI Commands should set configuration values","status":"failed","title":"should set configuration values","duration":1229.5965510001406,"failureMessages":["AssertionError: expected 1 to be +0 // Object.is equality\n    at /var/www/html/systemprompt-os/tests/integration/modules/core/config/config.integration.test.ts:336:31\n    at processTicksAndRejections (node:internal/process/task_queues:95:5)\n    at file:///var/www/html/systemprompt-os/node_modules/@vitest/runner/dist/index.js:533:5\n    at runTest (file:///var/www/html/systemprompt-os/node_modules/@vitest/runner/dist/index.js:1056:11)\n    at runSuite (file:///var/www/html/systemprompt-os/node_modules/@vitest/runner/dist/index.js:1205:15)\n    at runSuite (file:///var/www/html/systemprompt-os/node_modules/@vitest/runner/dist/index.js:1205:15)\n    at runSuite (file:///var/www/html/systemprompt-os/node_modules/@vitest/runner/dist/index.js:1205:15)\n    at runFiles (file:///var/www/html/systemprompt-os/node_modules/@vitest/runner/dist/index.js:1262:5)\n    at startTests (file:///var/www/html/systemprompt-os/node_modules/@vitest/runner/dist/index.js:1271:3)\n    at file:///var/www/html/systemprompt-os/node_modules/vitest/dist/chunks/runBaseTests.3qpJUEJM.js:126:11"],"meta":{}},{"ancestorTitles":["Config Module Integration Tests","CLI Commands"],"fullName":"Config Module Integration Tests CLI Commands should validate configuration","status":"passed","title":"should validate configuration","duration":1088.5436890004203,"failureMessages":[],"meta":{}}],"startTime":1753863252300,"endTime":1753863264575.5437,"status":"failed","message":"","name":"/var/www/html/systemprompt-os/tests/integration/modules/core/config/config.integration.test.ts"},{"assertionResults":[{"ancestorTitles":["Database CLI Commands Integration","database:status"],"fullName":"Database CLI Commands Integration database:status should show database connection status","status":"failed","title":"should show database connection status","duration":2020.6266099996865,"failureMessages":["AssertionError: expected 1 to be +0 // Object.is equality\n    at /var/www/html/systemprompt-os/tests/integration/modules/core/database/database-cli-commands.integration.test.ts:152:31\n    at processTicksAndRejections (node:internal/process/task_queues:95:5)\n    at file:///var/www/html/systemprompt-os/node_modules/@vitest/runner/dist/index.js:533:5\n    at runTest (file:///var/www/html/systemprompt-os/node_modules/@vitest/runner/dist/index.js:1056:11)\n    at runSuite (file:///var/www/html/systemprompt-os/node_modules/@vitest/runner/dist/index.js:1205:15)\n    at runSuite (file:///var/www/html/systemprompt-os/node_modules/@vitest/runner/dist/index.js:1205:15)\n    at runSuite (file:///var/www/html/systemprompt-os/node_modules/@vitest/runner/dist/index.js:1205:15)\n    at runFiles (file:///var/www/html/systemprompt-os/node_modules/@vitest/runner/dist/index.js:1262:5)\n    at startTests (file:///var/www/html/systemprompt-os/node_modules/@vitest/runner/dist/index.js:1271:3)\n    at file:///var/www/html/systemprompt-os/node_modules/vitest/dist/chunks/runBaseTests.3qpJUEJM.js:126:11"],"meta":{}},{"ancestorTitles":["Database CLI Commands Integration","database:status"],"fullName":"Database CLI Commands Integration database:status should show status in JSON format","status":"failed","title":"should show status in JSON format","duration":1825.7401250004768,"failureMessages":["AssertionError: expected 1 to be +0 // Object.is equality\n    at /var/www/html/systemprompt-os/tests/integration/modules/core/database/database-cli-commands.integration.test.ts:161:31\n    at processTicksAndRejections (node:internal/process/task_queues:95:5)\n    at file:///var/www/html/systemprompt-os/node_modules/@vitest/runner/dist/index.js:533:5\n    at runTest (file:///var/www/html/systemprompt-os/node_modules/@vitest/runner/dist/index.js:1056:11)\n    at runSuite (file:///var/www/html/systemprompt-os/node_modules/@vitest/runner/dist/index.js:1205:15)\n    at runSuite (file:///var/www/html/systemprompt-os/node_modules/@vitest/runner/dist/index.js:1205:15)\n    at runSuite (file:///var/www/html/systemprompt-os/node_modules/@vitest/runner/dist/index.js:1205:15)\n    at runFiles (file:///var/www/html/systemprompt-os/node_modules/@vitest/runner/dist/index.js:1262:5)\n    at startTests (file:///var/www/html/systemprompt-os/node_modules/@vitest/runner/dist/index.js:1271:3)\n    at file:///var/www/html/systemprompt-os/node_modules/vitest/dist/chunks/runBaseTests.3qpJUEJM.js:126:11"],"meta":{}},{"ancestorTitles":["Database CLI Commands Integration","database:summary"],"fullName":"Database CLI Commands Integration database:summary should show database summary with table statistics","status":"failed","title":"should show database summary with table statistics","duration":1771.5633800001815,"failureMessages":["AssertionError: expected 1 to be +0 // Object.is equality\n    at /var/www/html/systemprompt-os/tests/integration/modules/core/database/database-cli-commands.integration.test.ts:173:31\n    at processTicksAndRejections (node:internal/process/task_queues:95:5)\n    at file:///var/www/html/systemprompt-os/node_modules/@vitest/runner/dist/index.js:533:5\n    at runTest (file:///var/www/html/systemprompt-os/node_modules/@vitest/runner/dist/index.js:1056:11)\n    at runSuite (file:///var/www/html/systemprompt-os/node_modules/@vitest/runner/dist/index.js:1205:15)\n    at runSuite (file:///var/www/html/systemprompt-os/node_modules/@vitest/runner/dist/index.js:1205:15)\n    at runSuite (file:///var/www/html/systemprompt-os/node_modules/@vitest/runner/dist/index.js:1205:15)\n    at runFiles (file:///var/www/html/systemprompt-os/node_modules/@vitest/runner/dist/index.js:1262:5)\n    at startTests (file:///var/www/html/systemprompt-os/node_modules/@vitest/runner/dist/index.js:1271:3)\n    at file:///var/www/html/systemprompt-os/node_modules/vitest/dist/chunks/runBaseTests.3qpJUEJM.js:126:11"],"meta":{}},{"ancestorTitles":["Database CLI Commands Integration","database:summary"],"fullName":"Database CLI Commands Integration database:summary should sort tables by row count","status":"failed","title":"should sort tables by row count","duration":1715.653718999587,"failureMessages":["AssertionError: expected 1 to be +0 // Object.is equality\n    at /var/www/html/systemprompt-os/tests/integration/modules/core/database/database-cli-commands.integration.test.ts:185:31\n    at processTicksAndRejections (node:internal/process/task_queues:95:5)\n    at file:///var/www/html/systemprompt-os/node_modules/@vitest/runner/dist/index.js:533:5\n    at runTest (file:///var/www/html/systemprompt-os/node_modules/@vitest/runner/dist/index.js:1056:11)\n    at runSuite (file:///var/www/html/systemprompt-os/node_modules/@vitest/runner/dist/index.js:1205:15)\n    at runSuite (file:///var/www/html/systemprompt-os/node_modules/@vitest/runner/dist/index.js:1205:15)\n    at runSuite (file:///var/www/html/systemprompt-os/node_modules/@vitest/runner/dist/index.js:1205:15)\n    at runFiles (file:///var/www/html/systemprompt-os/node_modules/@vitest/runner/dist/index.js:1262:5)\n    at startTests (file:///var/www/html/systemprompt-os/node_modules/@vitest/runner/dist/index.js:1271:3)\n    at file:///var/www/html/systemprompt-os/node_modules/vitest/dist/chunks/runBaseTests.3qpJUEJM.js:126:11"],"meta":{}},{"ancestorTitles":["Database CLI Commands Integration","database:summary"],"fullName":"Database CLI Commands Integration database:summary should sort tables by column count","status":"failed","title":"should sort tables by column count","duration":1565.663053999655,"failureMessages":["AssertionError: expected 1 to be +0 // Object.is equality\n    at /var/www/html/systemprompt-os/tests/integration/modules/core/database/database-cli-commands.integration.test.ts:195:31\n    at processTicksAndRejections (node:internal/process/task_queues:95:5)\n    at file:///var/www/html/systemprompt-os/node_modules/@vitest/runner/dist/index.js:533:5\n    at runTest (file:///var/www/html/systemprompt-os/node_modules/@vitest/runner/dist/index.js:1056:11)\n    at runSuite (file:///var/www/html/systemprompt-os/node_modules/@vitest/runner/dist/index.js:1205:15)\n    at runSuite (file:///var/www/html/systemprompt-os/node_modules/@vitest/runner/dist/index.js:1205:15)\n    at runSuite (file:///var/www/html/systemprompt-os/node_modules/@vitest/runner/dist/index.js:1205:15)\n    at runFiles (file:///var/www/html/systemprompt-os/node_modules/@vitest/runner/dist/index.js:1262:5)\n    at startTests (file:///var/www/html/systemprompt-os/node_modules/@vitest/runner/dist/index.js:1271:3)\n    at file:///var/www/html/systemprompt-os/node_modules/vitest/dist/chunks/runBaseTests.3qpJUEJM.js:126:11"],"meta":{}},{"ancestorTitles":["Database CLI Commands Integration","database:summary"],"fullName":"Database CLI Commands Integration database:summary should output summary in JSON format","status":"failed","title":"should output summary in JSON format","duration":1466.3249490000308,"failureMessages":["AssertionError: expected 1 to be +0 // Object.is equality\n    at /var/www/html/systemprompt-os/tests/integration/modules/core/database/database-cli-commands.integration.test.ts:202:31\n    at processTicksAndRejections (node:internal/process/task_queues:95:5)\n    at file:///var/www/html/systemprompt-os/node_modules/@vitest/runner/dist/index.js:533:5\n    at runTest (file:///var/www/html/systemprompt-os/node_modules/@vitest/runner/dist/index.js:1056:11)\n    at runSuite (file:///var/www/html/systemprompt-os/node_modules/@vitest/runner/dist/index.js:1205:15)\n    at runSuite (file:///var/www/html/systemprompt-os/node_modules/@vitest/runner/dist/index.js:1205:15)\n    at runSuite (file:///var/www/html/systemprompt-os/node_modules/@vitest/runner/dist/index.js:1205:15)\n    at runFiles (file:///var/www/html/systemprompt-os/node_modules/@vitest/runner/dist/index.js:1262:5)\n    at startTests (file:///var/www/html/systemprompt-os/node_modules/@vitest/runner/dist/index.js:1271:3)\n    at file:///var/www/html/systemprompt-os/node_modules/vitest/dist/chunks/runBaseTests.3qpJUEJM.js:126:11"],"meta":{}},{"ancestorTitles":["Database CLI Commands Integration","database:summary"],"fullName":"Database CLI Commands Integration database:summary should include system tables when requested","status":"failed","title":"should include system tables when requested","duration":1339.632381000556,"failureMessages":["AssertionError: expected 1 to be +0 // Object.is equality\n    at /var/www/html/systemprompt-os/tests/integration/modules/core/database/database-cli-commands.integration.test.ts:217:31\n    at processTicksAndRejections (node:internal/process/task_queues:95:5)\n    at file:///var/www/html/systemprompt-os/node_modules/@vitest/runner/dist/index.js:533:5\n    at runTest (file:///var/www/html/systemprompt-os/node_modules/@vitest/runner/dist/index.js:1056:11)\n    at runSuite (file:///var/www/html/systemprompt-os/node_modules/@vitest/runner/dist/index.js:1205:15)\n    at runSuite (file:///var/www/html/systemprompt-os/node_modules/@vitest/runner/dist/index.js:1205:15)\n    at runSuite (file:///var/www/html/systemprompt-os/node_modules/@vitest/runner/dist/index.js:1205:15)\n    at runFiles (file:///var/www/html/systemprompt-os/node_modules/@vitest/runner/dist/index.js:1262:5)\n    at startTests (file:///var/www/html/systemprompt-os/node_modules/@vitest/runner/dist/index.js:1271:3)\n    at file:///var/www/html/systemprompt-os/node_modules/vitest/dist/chunks/runBaseTests.3qpJUEJM.js:126:11"],"meta":{}},{"ancestorTitles":["Database CLI Commands Integration","database:summary"],"fullName":"Database CLI Commands Integration database:summary should output summary in text format","status":"failed","title":"should output summary in text format","duration":1214.9448499996215,"failureMessages":["AssertionError: expected 1 to be +0 // Object.is equality\n    at /var/www/html/systemprompt-os/tests/integration/modules/core/database/database-cli-commands.integration.test.ts:224:31\n    at processTicksAndRejections (node:internal/process/task_queues:95:5)\n    at file:///var/www/html/systemprompt-os/node_modules/@vitest/runner/dist/index.js:533:5\n    at runTest (file:///var/www/html/systemprompt-os/node_modules/@vitest/runner/dist/index.js:1056:11)\n    at runSuite (file:///var/www/html/systemprompt-os/node_modules/@vitest/runner/dist/index.js:1205:15)\n    at runSuite (file:///var/www/html/systemprompt-os/node_modules/@vitest/runner/dist/index.js:1205:15)\n    at runSuite (file:///var/www/html/systemprompt-os/node_modules/@vitest/runner/dist/index.js:1205:15)\n    at runFiles (file:///var/www/html/systemprompt-os/node_modules/@vitest/runner/dist/index.js:1262:5)\n    at startTests (file:///var/www/html/systemprompt-os/node_modules/@vitest/runner/dist/index.js:1271:3)\n    at file:///var/www/html/systemprompt-os/node_modules/vitest/dist/chunks/runBaseTests.3qpJUEJM.js:126:11"],"meta":{}},{"ancestorTitles":["Database CLI Commands Integration","database:query"],"fullName":"Database CLI Commands Integration database:query should execute SELECT queries","status":"failed","title":"should execute SELECT queries","duration":1166.0111180003732,"failureMessages":["AssertionError: expected 1 to be +0 // Object.is equality\n    at /var/www/html/systemprompt-os/tests/integration/modules/core/database/database-cli-commands.integration.test.ts:235:31\n    at processTicksAndRejections (node:internal/process/task_queues:95:5)\n    at file:///var/www/html/systemprompt-os/node_modules/@vitest/runner/dist/index.js:533:5\n    at runTest (file:///var/www/html/systemprompt-os/node_modules/@vitest/runner/dist/index.js:1056:11)\n    at runSuite (file:///var/www/html/systemprompt-os/node_modules/@vitest/runner/dist/index.js:1205:15)\n    at runSuite (file:///var/www/html/systemprompt-os/node_modules/@vitest/runner/dist/index.js:1205:15)\n    at runSuite (file:///var/www/html/systemprompt-os/node_modules/@vitest/runner/dist/index.js:1205:15)\n    at runFiles (file:///var/www/html/systemprompt-os/node_modules/@vitest/runner/dist/index.js:1262:5)\n    at startTests (file:///var/www/html/systemprompt-os/node_modules/@vitest/runner/dist/index.js:1271:3)\n    at file:///var/www/html/systemprompt-os/node_modules/vitest/dist/chunks/runBaseTests.3qpJUEJM.js:126:11"],"meta":{}},{"ancestorTitles":["Database CLI Commands Integration","database:query"],"fullName":"Database CLI Commands Integration database:query should execute queries with parameters","status":"failed","title":"should execute queries with parameters","duration":1171.132837999612,"failureMessages":["AssertionError: expected 1 to be +0 // Object.is equality\n    at /var/www/html/systemprompt-os/tests/integration/modules/core/database/database-cli-commands.integration.test.ts:248:31\n    at processTicksAndRejections (node:internal/process/task_queues:95:5)\n    at file:///var/www/html/systemprompt-os/node_modules/@vitest/runner/dist/index.js:533:5\n    at runTest (file:///var/www/html/systemprompt-os/node_modules/@vitest/runner/dist/index.js:1056:11)\n    at runSuite (file:///var/www/html/systemprompt-os/node_modules/@vitest/runner/dist/index.js:1205:15)\n    at runSuite (file:///var/www/html/systemprompt-os/node_modules/@vitest/runner/dist/index.js:1205:15)\n    at runSuite (file:///var/www/html/systemprompt-os/node_modules/@vitest/runner/dist/index.js:1205:15)\n    at runFiles (file:///var/www/html/systemprompt-os/node_modules/@vitest/runner/dist/index.js:1262:5)\n    at startTests (file:///var/www/html/systemprompt-os/node_modules/@vitest/runner/dist/index.js:1271:3)\n    at file:///var/www/html/systemprompt-os/node_modules/vitest/dist/chunks/runBaseTests.3qpJUEJM.js:126:11"],"meta":{}},{"ancestorTitles":["Database CLI Commands Integration","database:query"],"fullName":"Database CLI Commands Integration database:query should execute queries with multiple parameters","status":"failed","title":"should execute queries with multiple parameters","duration":1146.1891129994765,"failureMessages":["AssertionError: expected 1 to be +0 // Object.is equality\n    at /var/www/html/systemprompt-os/tests/integration/modules/core/database/database-cli-commands.integration.test.ts:260:31\n    at processTicksAndRejections (node:internal/process/task_queues:95:5)\n    at file:///var/www/html/systemprompt-os/node_modules/@vitest/runner/dist/index.js:533:5\n    at runTest (file:///var/www/html/systemprompt-os/node_modules/@vitest/runner/dist/index.js:1056:11)\n    at runSuite (file:///var/www/html/systemprompt-os/node_modules/@vitest/runner/dist/index.js:1205:15)\n    at runSuite (file:///var/www/html/systemprompt-os/node_modules/@vitest/runner/dist/index.js:1205:15)\n    at runSuite (file:///var/www/html/systemprompt-os/node_modules/@vitest/runner/dist/index.js:1205:15)\n    at runFiles (file:///var/www/html/systemprompt-os/node_modules/@vitest/runner/dist/index.js:1262:5)\n    at startTests (file:///var/www/html/systemprompt-os/node_modules/@vitest/runner/dist/index.js:1271:3)\n    at file:///var/www/html/systemprompt-os/node_modules/vitest/dist/chunks/runBaseTests.3qpJUEJM.js:126:11"],"meta":{}},{"ancestorTitles":["Database CLI Commands Integration","database:query"],"fullName":"Database CLI Commands Integration database:query should output query results in JSON format","status":"failed","title":"should output query results in JSON format","duration":1109.3224339997396,"failureMessages":["AssertionError: expected 1 to be +0 // Object.is equality\n    at /var/www/html/systemprompt-os/tests/integration/modules/core/database/database-cli-commands.integration.test.ts:272:31\n    at processTicksAndRejections (node:internal/process/task_queues:95:5)\n    at file:///var/www/html/systemprompt-os/node_modules/@vitest/runner/dist/index.js:533:5\n    at runTest (file:///var/www/html/systemprompt-os/node_modules/@vitest/runner/dist/index.js:1056:11)\n    at runSuite (file:///var/www/html/systemprompt-os/node_modules/@vitest/runner/dist/index.js:1205:15)\n    at runSuite (file:///var/www/html/systemprompt-os/node_modules/@vitest/runner/dist/index.js:1205:15)\n    at runSuite (file:///var/www/html/systemprompt-os/node_modules/@vitest/runner/dist/index.js:1205:15)\n    at runFiles (file:///var/www/html/systemprompt-os/node_modules/@vitest/runner/dist/index.js:1262:5)\n    at startTests (file:///var/www/html/systemprompt-os/node_modules/@vitest/runner/dist/index.js:1271:3)\n    at file:///var/www/html/systemprompt-os/node_modules/vitest/dist/chunks/runBaseTests.3qpJUEJM.js:126:11"],"meta":{}},{"ancestorTitles":["Database CLI Commands Integration","database:query"],"fullName":"Database CLI Commands Integration database:query should output query results in CSV format","status":"failed","title":"should output query results in CSV format","duration":1089.890732999891,"failureMessages":["AssertionError: expected 1 to be +0 // Object.is equality\n    at /var/www/html/systemprompt-os/tests/integration/modules/core/database/database-cli-commands.integration.test.ts:286:31\n    at processTicksAndRejections (node:internal/process/task_queues:95:5)\n    at file:///var/www/html/systemprompt-os/node_modules/@vitest/runner/dist/index.js:533:5\n    at runTest (file:///var/www/html/systemprompt-os/node_modules/@vitest/runner/dist/index.js:1056:11)\n    at runSuite (file:///var/www/html/systemprompt-os/node_modules/@vitest/runner/dist/index.js:1205:15)\n    at runSuite (file:///var/www/html/systemprompt-os/node_modules/@vitest/runner/dist/index.js:1205:15)\n    at runSuite (file:///var/www/html/systemprompt-os/node_modules/@vitest/runner/dist/index.js:1205:15)\n    at runFiles (file:///var/www/html/systemprompt-os/node_modules/@vitest/runner/dist/index.js:1262:5)\n    at startTests (file:///var/www/html/systemprompt-os/node_modules/@vitest/runner/dist/index.js:1271:3)\n    at file:///var/www/html/systemprompt-os/node_modules/vitest/dist/chunks/runBaseTests.3qpJUEJM.js:126:11"],"meta":{}},{"ancestorTitles":["Database CLI Commands Integration","database:query"],"fullName":"Database CLI Commands Integration database:query should handle queries with no results","status":"failed","title":"should handle queries with no results","duration":1089.9219149993733,"failureMessages":["AssertionError: expected 1 to be +0 // Object.is equality\n    at /var/www/html/systemprompt-os/tests/integration/modules/core/database/database-cli-commands.integration.test.ts:299:31\n    at processTicksAndRejections (node:internal/process/task_queues:95:5)\n    at file:///var/www/html/systemprompt-os/node_modules/@vitest/runner/dist/index.js:533:5\n    at runTest (file:///var/www/html/systemprompt-os/node_modules/@vitest/runner/dist/index.js:1056:11)\n    at runSuite (file:///var/www/html/systemprompt-os/node_modules/@vitest/runner/dist/index.js:1205:15)\n    at runSuite (file:///var/www/html/systemprompt-os/node_modules/@vitest/runner/dist/index.js:1205:15)\n    at runSuite (file:///var/www/html/systemprompt-os/node_modules/@vitest/runner/dist/index.js:1205:15)\n    at runFiles (file:///var/www/html/systemprompt-os/node_modules/@vitest/runner/dist/index.js:1262:5)\n    at startTests (file:///var/www/html/systemprompt-os/node_modules/@vitest/runner/dist/index.js:1271:3)\n    at file:///var/www/html/systemprompt-os/node_modules/vitest/dist/chunks/runBaseTests.3qpJUEJM.js:126:11"],"meta":{}},{"ancestorTitles":["Database CLI Commands Integration","database:query"],"fullName":"Database CLI Commands Integration database:query should handle invalid SQL gracefully","status":"failed","title":"should handle invalid SQL gracefully","duration":1124.8781209997833,"failureMessages":["AssertionError: expected '' to contain 'Error'\n    at /var/www/html/systemprompt-os/tests/integration/modules/core/database/database-cli-commands.integration.test.ts:307:29\n    at processTicksAndRejections (node:internal/process/task_queues:95:5)\n    at file:///var/www/html/systemprompt-os/node_modules/@vitest/runner/dist/index.js:533:5\n    at runTest (file:///var/www/html/systemprompt-os/node_modules/@vitest/runner/dist/index.js:1056:11)\n    at runSuite (file:///var/www/html/systemprompt-os/node_modules/@vitest/runner/dist/index.js:1205:15)\n    at runSuite (file:///var/www/html/systemprompt-os/node_modules/@vitest/runner/dist/index.js:1205:15)\n    at runSuite (file:///var/www/html/systemprompt-os/node_modules/@vitest/runner/dist/index.js:1205:15)\n    at runFiles (file:///var/www/html/systemprompt-os/node_modules/@vitest/runner/dist/index.js:1262:5)\n    at startTests (file:///var/www/html/systemprompt-os/node_modules/@vitest/runner/dist/index.js:1271:3)\n    at file:///var/www/html/systemprompt-os/node_modules/vitest/dist/chunks/runBaseTests.3qpJUEJM.js:126:11"],"meta":{}},{"ancestorTitles":["Database CLI Commands Integration","database:query"],"fullName":"Database CLI Commands Integration database:query should execute aggregate queries","status":"failed","title":"should execute aggregate queries","duration":2.192098000086844,"failureMessages":["AssertionError: expected 2 to be +0 // Object.is equality\n    at /var/www/html/systemprompt-os/tests/integration/modules/core/database/database-cli-commands.integration.test.ts:316:31\n    at file:///var/www/html/systemprompt-os/node_modules/@vitest/runner/dist/index.js:533:5\n    at runTest (file:///var/www/html/systemprompt-os/node_modules/@vitest/runner/dist/index.js:1056:11)\n    at runSuite (file:///var/www/html/systemprompt-os/node_modules/@vitest/runner/dist/index.js:1205:15)\n    at runSuite (file:///var/www/html/systemprompt-os/node_modules/@vitest/runner/dist/index.js:1205:15)\n    at runSuite (file:///var/www/html/systemprompt-os/node_modules/@vitest/runner/dist/index.js:1205:15)\n    at runFiles (file:///var/www/html/systemprompt-os/node_modules/@vitest/runner/dist/index.js:1262:5)\n    at startTests (file:///var/www/html/systemprompt-os/node_modules/@vitest/runner/dist/index.js:1271:3)\n    at file:///var/www/html/systemprompt-os/node_modules/vitest/dist/chunks/runBaseTests.3qpJUEJM.js:126:11\n    at withEnv (file:///var/www/html/systemprompt-os/node_modules/vitest/dist/chunks/runBaseTests.3qpJUEJM.js:90:5)"],"meta":{}},{"ancestorTitles":["Database CLI Commands Integration","database:schema"],"fullName":"Database CLI Commands Integration database:schema should list all schemas","status":"failed","title":"should list all schemas","duration":1110.5686750002205,"failureMessages":["AssertionError: expected 1 to be +0 // Object.is equality\n    at /var/www/html/systemprompt-os/tests/integration/modules/core/database/database-cli-commands.integration.test.ts:326:31\n    at processTicksAndRejections (node:internal/process/task_queues:95:5)\n    at file:///var/www/html/systemprompt-os/node_modules/@vitest/runner/dist/index.js:533:5\n    at runTest (file:///var/www/html/systemprompt-os/node_modules/@vitest/runner/dist/index.js:1056:11)\n    at runSuite (file:///var/www/html/systemprompt-os/node_modules/@vitest/runner/dist/index.js:1205:15)\n    at runSuite (file:///var/www/html/systemprompt-os/node_modules/@vitest/runner/dist/index.js:1205:15)\n    at runSuite (file:///var/www/html/systemprompt-os/node_modules/@vitest/runner/dist/index.js:1205:15)\n    at runFiles (file:///var/www/html/systemprompt-os/node_modules/@vitest/runner/dist/index.js:1262:5)\n    at startTests (file:///var/www/html/systemprompt-os/node_modules/@vitest/runner/dist/index.js:1271:3)\n    at file:///var/www/html/systemprompt-os/node_modules/vitest/dist/chunks/runBaseTests.3qpJUEJM.js:126:11"],"meta":{}},{"ancestorTitles":["Database CLI Commands Integration","database:schema"],"fullName":"Database CLI Commands Integration database:schema should validate schemas","status":"failed","title":"should validate schemas","duration":1122.627934999764,"failureMessages":["AssertionError: expected 1 to be +0 // Object.is equality\n    at /var/www/html/systemprompt-os/tests/integration/modules/core/database/database-cli-commands.integration.test.ts:335:31\n    at processTicksAndRejections (node:internal/process/task_queues:95:5)\n    at file:///var/www/html/systemprompt-os/node_modules/@vitest/runner/dist/index.js:533:5\n    at runTest (file:///var/www/html/systemprompt-os/node_modules/@vitest/runner/dist/index.js:1056:11)\n    at runSuite (file:///var/www/html/systemprompt-os/node_modules/@vitest/runner/dist/index.js:1205:15)\n    at runSuite (file:///var/www/html/systemprompt-os/node_modules/@vitest/runner/dist/index.js:1205:15)\n    at runSuite (file:///var/www/html/systemprompt-os/node_modules/@vitest/runner/dist/index.js:1205:15)\n    at runFiles (file:///var/www/html/systemprompt-os/node_modules/@vitest/runner/dist/index.js:1262:5)\n    at startTests (file:///var/www/html/systemprompt-os/node_modules/@vitest/runner/dist/index.js:1271:3)\n    at file:///var/www/html/systemprompt-os/node_modules/vitest/dist/chunks/runBaseTests.3qpJUEJM.js:126:11"],"meta":{}},{"ancestorTitles":["Database CLI Commands Integration","database:schema"],"fullName":"Database CLI Commands Integration database:schema should show schema for specific module","status":"passed","title":"should show schema for specific module","duration":1112.2619890002534,"failureMessages":[],"meta":{}},{"ancestorTitles":["Database CLI Commands Integration","database:view"],"fullName":"Database CLI Commands Integration database:view should display table data","status":"failed","title":"should display table data","duration":1085.9186289999634,"failureMessages":["AssertionError: expected 1 to be +0 // Object.is equality\n    at /var/www/html/systemprompt-os/tests/integration/modules/core/database/database-cli-commands.integration.test.ts:353:31\n    at processTicksAndRejections (node:internal/process/task_queues:95:5)\n    at file:///var/www/html/systemprompt-os/node_modules/@vitest/runner/dist/index.js:533:5\n    at runTest (file:///var/www/html/systemprompt-os/node_modules/@vitest/runner/dist/index.js:1056:11)\n    at runSuite (file:///var/www/html/systemprompt-os/node_modules/@vitest/runner/dist/index.js:1205:15)\n    at runSuite (file:///var/www/html/systemprompt-os/node_modules/@vitest/runner/dist/index.js:1205:15)\n    at runSuite (file:///var/www/html/systemprompt-os/node_modules/@vitest/runner/dist/index.js:1205:15)\n    at runFiles (file:///var/www/html/systemprompt-os/node_modules/@vitest/runner/dist/index.js:1262:5)\n    at startTests (file:///var/www/html/systemprompt-os/node_modules/@vitest/runner/dist/index.js:1271:3)\n    at file:///var/www/html/systemprompt-os/node_modules/vitest/dist/chunks/runBaseTests.3qpJUEJM.js:126:11"],"meta":{}},{"ancestorTitles":["Database CLI Commands Integration","database:view"],"fullName":"Database CLI Commands Integration database:view should display view data","status":"failed","title":"should display view data","duration":1076.0927570005879,"failureMessages":["AssertionError: expected 1 to be +0 // Object.is equality\n    at /var/www/html/systemprompt-os/tests/integration/modules/core/database/database-cli-commands.integration.test.ts:362:31\n    at processTicksAndRejections (node:internal/process/task_queues:95:5)\n    at file:///var/www/html/systemprompt-os/node_modules/@vitest/runner/dist/index.js:533:5\n    at runTest (file:///var/www/html/systemprompt-os/node_modules/@vitest/runner/dist/index.js:1056:11)\n    at runSuite (file:///var/www/html/systemprompt-os/node_modules/@vitest/runner/dist/index.js:1205:15)\n    at runSuite (file:///var/www/html/systemprompt-os/node_modules/@vitest/runner/dist/index.js:1205:15)\n    at runSuite (file:///var/www/html/systemprompt-os/node_modules/@vitest/runner/dist/index.js:1205:15)\n    at runFiles (file:///var/www/html/systemprompt-os/node_modules/@vitest/runner/dist/index.js:1262:5)\n    at startTests (file:///var/www/html/systemprompt-os/node_modules/@vitest/runner/dist/index.js:1271:3)\n    at file:///var/www/html/systemprompt-os/node_modules/vitest/dist/chunks/runBaseTests.3qpJUEJM.js:126:11"],"meta":{}},{"ancestorTitles":["Database CLI Commands Integration","database:view"],"fullName":"Database CLI Commands Integration database:view should limit rows displayed","status":"failed","title":"should limit rows displayed","duration":1045.3059600004926,"failureMessages":["AssertionError: expected 1 to be +0 // Object.is equality\n    at /var/www/html/systemprompt-os/tests/integration/modules/core/database/database-cli-commands.integration.test.ts:370:31\n    at processTicksAndRejections (node:internal/process/task_queues:95:5)\n    at file:///var/www/html/systemprompt-os/node_modules/@vitest/runner/dist/index.js:533:5\n    at runTest (file:///var/www/html/systemprompt-os/node_modules/@vitest/runner/dist/index.js:1056:11)\n    at runSuite (file:///var/www/html/systemprompt-os/node_modules/@vitest/runner/dist/index.js:1205:15)\n    at runSuite (file:///var/www/html/systemprompt-os/node_modules/@vitest/runner/dist/index.js:1205:15)\n    at runSuite (file:///var/www/html/systemprompt-os/node_modules/@vitest/runner/dist/index.js:1205:15)\n    at runFiles (file:///var/www/html/systemprompt-os/node_modules/@vitest/runner/dist/index.js:1262:5)\n    at startTests (file:///var/www/html/systemprompt-os/node_modules/@vitest/runner/dist/index.js:1271:3)\n    at file:///var/www/html/systemprompt-os/node_modules/vitest/dist/chunks/runBaseTests.3qpJUEJM.js:126:11"],"meta":{}},{"ancestorTitles":["Database CLI Commands Integration","database:view"],"fullName":"Database CLI Commands Integration database:view should offset rows","status":"failed","title":"should offset rows","duration":1056.7564380001277,"failureMessages":["AssertionError: expected 1 to be +0 // Object.is equality\n    at /var/www/html/systemprompt-os/tests/integration/modules/core/database/database-cli-commands.integration.test.ts:378:31\n    at processTicksAndRejections (node:internal/process/task_queues:95:5)\n    at file:///var/www/html/systemprompt-os/node_modules/@vitest/runner/dist/index.js:533:5\n    at runTest (file:///var/www/html/systemprompt-os/node_modules/@vitest/runner/dist/index.js:1056:11)\n    at runSuite (file:///var/www/html/systemprompt-os/node_modules/@vitest/runner/dist/index.js:1205:15)\n    at runSuite (file:///var/www/html/systemprompt-os/node_modules/@vitest/runner/dist/index.js:1205:15)\n    at runSuite (file:///var/www/html/systemprompt-os/node_modules/@vitest/runner/dist/index.js:1205:15)\n    at runFiles (file:///var/www/html/systemprompt-os/node_modules/@vitest/runner/dist/index.js:1262:5)\n    at startTests (file:///var/www/html/systemprompt-os/node_modules/@vitest/runner/dist/index.js:1271:3)\n    at file:///var/www/html/systemprompt-os/node_modules/vitest/dist/chunks/runBaseTests.3qpJUEJM.js:126:11"],"meta":{}},{"ancestorTitles":["Database CLI Commands Integration","database:view"],"fullName":"Database CLI Commands Integration database:view should display in JSON format","status":"failed","title":"should display in JSON format","duration":1070.3858460001647,"failureMessages":["AssertionError: expected 1 to be +0 // Object.is equality\n    at /var/www/html/systemprompt-os/tests/integration/modules/core/database/database-cli-commands.integration.test.ts:386:31\n    at processTicksAndRejections (node:internal/process/task_queues:95:5)\n    at file:///var/www/html/systemprompt-os/node_modules/@vitest/runner/dist/index.js:533:5\n    at runTest (file:///var/www/html/systemprompt-os/node_modules/@vitest/runner/dist/index.js:1056:11)\n    at runSuite (file:///var/www/html/systemprompt-os/node_modules/@vitest/runner/dist/index.js:1205:15)\n    at runSuite (file:///var/www/html/systemprompt-os/node_modules/@vitest/runner/dist/index.js:1205:15)\n    at runSuite (file:///var/www/html/systemprompt-os/node_modules/@vitest/runner/dist/index.js:1205:15)\n    at runFiles (file:///var/www/html/systemprompt-os/node_modules/@vitest/runner/dist/index.js:1262:5)\n    at startTests (file:///var/www/html/systemprompt-os/node_modules/@vitest/runner/dist/index.js:1271:3)\n    at file:///var/www/html/systemprompt-os/node_modules/vitest/dist/chunks/runBaseTests.3qpJUEJM.js:126:11"],"meta":{}},{"ancestorTitles":["Database CLI Commands Integration","database:view"],"fullName":"Database CLI Commands Integration database:view should show table schema","status":"failed","title":"should show table schema","duration":1063.0709159998223,"failureMessages":["AssertionError: expected 1 to be +0 // Object.is equality\n    at /var/www/html/systemprompt-os/tests/integration/modules/core/database/database-cli-commands.integration.test.ts:395:31\n    at processTicksAndRejections (node:internal/process/task_queues:95:5)\n    at file:///var/www/html/systemprompt-os/node_modules/@vitest/runner/dist/index.js:533:5\n    at runTest (file:///var/www/html/systemprompt-os/node_modules/@vitest/runner/dist/index.js:1056:11)\n    at runSuite (file:///var/www/html/systemprompt-os/node_modules/@vitest/runner/dist/index.js:1205:15)\n    at runSuite (file:///var/www/html/systemprompt-os/node_modules/@vitest/runner/dist/index.js:1205:15)\n    at runSuite (file:///var/www/html/systemprompt-os/node_modules/@vitest/runner/dist/index.js:1205:15)\n    at runFiles (file:///var/www/html/systemprompt-os/node_modules/@vitest/runner/dist/index.js:1262:5)\n    at startTests (file:///var/www/html/systemprompt-os/node_modules/@vitest/runner/dist/index.js:1271:3)\n    at file:///var/www/html/systemprompt-os/node_modules/vitest/dist/chunks/runBaseTests.3qpJUEJM.js:126:11"],"meta":{}},{"ancestorTitles":["Database CLI Commands Integration","database:view"],"fullName":"Database CLI Commands Integration database:view should handle non-existent tables","status":"failed","title":"should handle non-existent tables","duration":1058.9590769996867,"failureMessages":["AssertionError: expected '' to contain 'Error'\n    at /var/www/html/systemprompt-os/tests/integration/modules/core/database/database-cli-commands.integration.test.ts:405:29\n    at processTicksAndRejections (node:internal/process/task_queues:95:5)\n    at file:///var/www/html/systemprompt-os/node_modules/@vitest/runner/dist/index.js:533:5\n    at runTest (file:///var/www/html/systemprompt-os/node_modules/@vitest/runner/dist/index.js:1056:11)\n    at runSuite (file:///var/www/html/systemprompt-os/node_modules/@vitest/runner/dist/index.js:1205:15)\n    at runSuite (file:///var/www/html/systemprompt-os/node_modules/@vitest/runner/dist/index.js:1205:15)\n    at runSuite (file:///var/www/html/systemprompt-os/node_modules/@vitest/runner/dist/index.js:1205:15)\n    at runFiles (file:///var/www/html/systemprompt-os/node_modules/@vitest/runner/dist/index.js:1262:5)\n    at startTests (file:///var/www/html/systemprompt-os/node_modules/@vitest/runner/dist/index.js:1271:3)\n    at file:///var/www/html/systemprompt-os/node_modules/vitest/dist/chunks/runBaseTests.3qpJUEJM.js:126:11"],"meta":{}},{"ancestorTitles":["Database CLI Commands Integration","database:clear"],"fullName":"Database CLI Commands Integration database:clear should clear specific table data","status":"failed","title":"should clear specific table data","duration":1084.5410869996995,"failureMessages":["AssertionError: expected 1 to be +0 // Object.is equality\n    at /var/www/html/systemprompt-os/tests/integration/modules/core/database/database-cli-commands.integration.test.ts:429:31\n    at processTicksAndRejections (node:internal/process/task_queues:95:5)\n    at file:///var/www/html/systemprompt-os/node_modules/@vitest/runner/dist/index.js:533:5\n    at runTest (file:///var/www/html/systemprompt-os/node_modules/@vitest/runner/dist/index.js:1056:11)\n    at runSuite (file:///var/www/html/systemprompt-os/node_modules/@vitest/runner/dist/index.js:1205:15)\n    at runSuite (file:///var/www/html/systemprompt-os/node_modules/@vitest/runner/dist/index.js:1205:15)\n    at runSuite (file:///var/www/html/systemprompt-os/node_modules/@vitest/runner/dist/index.js:1205:15)\n    at runFiles (file:///var/www/html/systemprompt-os/node_modules/@vitest/runner/dist/index.js:1262:5)\n    at startTests (file:///var/www/html/systemprompt-os/node_modules/@vitest/runner/dist/index.js:1271:3)\n    at file:///var/www/html/systemprompt-os/node_modules/vitest/dist/chunks/runBaseTests.3qpJUEJM.js:126:11"],"meta":{}},{"ancestorTitles":["Database CLI Commands Integration","database:clear"],"fullName":"Database CLI Commands Integration database:clear should clear multiple tables","status":"failed","title":"should clear multiple tables","duration":1072.6831380007789,"failureMessages":["AssertionError: expected 1 to be +0 // Object.is equality\n    at /var/www/html/systemprompt-os/tests/integration/modules/core/database/database-cli-commands.integration.test.ts:456:31\n    at processTicksAndRejections (node:internal/process/task_queues:95:5)\n    at file:///var/www/html/systemprompt-os/node_modules/@vitest/runner/dist/index.js:533:5\n    at runTest (file:///var/www/html/systemprompt-os/node_modules/@vitest/runner/dist/index.js:1056:11)\n    at runSuite (file:///var/www/html/systemprompt-os/node_modules/@vitest/runner/dist/index.js:1205:15)\n    at runSuite (file:///var/www/html/systemprompt-os/node_modules/@vitest/runner/dist/index.js:1205:15)\n    at runSuite (file:///var/www/html/systemprompt-os/node_modules/@vitest/runner/dist/index.js:1205:15)\n    at runFiles (file:///var/www/html/systemprompt-os/node_modules/@vitest/runner/dist/index.js:1262:5)\n    at startTests (file:///var/www/html/systemprompt-os/node_modules/@vitest/runner/dist/index.js:1271:3)\n    at file:///var/www/html/systemprompt-os/node_modules/vitest/dist/chunks/runBaseTests.3qpJUEJM.js:126:11"],"meta":{}},{"ancestorTitles":["Database CLI Commands Integration","database:clear"],"fullName":"Database CLI Commands Integration database:clear should require force flag","status":"passed","title":"should require force flag","duration":1045.5508280005306,"failureMessages":[],"meta":{}},{"ancestorTitles":["Database CLI Commands Integration","database:rebuild"],"fullName":"Database CLI Commands Integration database:rebuild should rebuild database with force flag","status":"failed","title":"should rebuild database with force flag","duration":1026.1513760006055,"failureMessages":["AssertionError: expected 1 to be +0 // Object.is equality\n    at /var/www/html/systemprompt-os/tests/integration/modules/core/database/database-cli-commands.integration.test.ts:482:31\n    at processTicksAndRejections (node:internal/process/task_queues:95:5)\n    at file:///var/www/html/systemprompt-os/node_modules/@vitest/runner/dist/index.js:533:5\n    at runTest (file:///var/www/html/systemprompt-os/node_modules/@vitest/runner/dist/index.js:1056:11)\n    at runSuite (file:///var/www/html/systemprompt-os/node_modules/@vitest/runner/dist/index.js:1205:15)\n    at runSuite (file:///var/www/html/systemprompt-os/node_modules/@vitest/runner/dist/index.js:1205:15)\n    at runSuite (file:///var/www/html/systemprompt-os/node_modules/@vitest/runner/dist/index.js:1205:15)\n    at runFiles (file:///var/www/html/systemprompt-os/node_modules/@vitest/runner/dist/index.js:1262:5)\n    at startTests (file:///var/www/html/systemprompt-os/node_modules/@vitest/runner/dist/index.js:1271:3)\n    at file:///var/www/html/systemprompt-os/node_modules/vitest/dist/chunks/runBaseTests.3qpJUEJM.js:126:11"],"meta":{}},{"ancestorTitles":["Database CLI Commands Integration","database:rebuild"],"fullName":"Database CLI Commands Integration database:rebuild should require force flag","status":"passed","title":"should require force flag","duration":1053.8168890001252,"failureMessages":[],"meta":{}},{"ancestorTitles":["Database CLI Commands Integration","database:rebuild"],"fullName":"Database CLI Commands Integration database:rebuild should rebuild and reinitialize schemas","status":"failed","title":"should rebuild and reinitialize schemas","duration":2144.5424370002,"failureMessages":["AssertionError: expected 1 to be +0 // Object.is equality\n    at /var/www/html/systemprompt-os/tests/integration/modules/core/database/database-cli-commands.integration.test.ts:509:31\n    at processTicksAndRejections (node:internal/process/task_queues:95:5)\n    at file:///var/www/html/systemprompt-os/node_modules/@vitest/runner/dist/index.js:533:5\n    at runTest (file:///var/www/html/systemprompt-os/node_modules/@vitest/runner/dist/index.js:1056:11)\n    at runSuite (file:///var/www/html/systemprompt-os/node_modules/@vitest/runner/dist/index.js:1205:15)\n    at runSuite (file:///var/www/html/systemprompt-os/node_modules/@vitest/runner/dist/index.js:1205:15)\n    at runSuite (file:///var/www/html/systemprompt-os/node_modules/@vitest/runner/dist/index.js:1205:15)\n    at runFiles (file:///var/www/html/systemprompt-os/node_modules/@vitest/runner/dist/index.js:1262:5)\n    at startTests (file:///var/www/html/systemprompt-os/node_modules/@vitest/runner/dist/index.js:1271:3)\n    at file:///var/www/html/systemprompt-os/node_modules/vitest/dist/chunks/runBaseTests.3qpJUEJM.js:126:11"],"meta":{}},{"ancestorTitles":["Database CLI Commands Integration","Error Handling"],"fullName":"Database CLI Commands Integration Error Handling should handle database connection errors gracefully","status":"passed","title":"should handle database connection errors gracefully","duration":696.6298050004989,"failureMessages":[],"meta":{}},{"ancestorTitles":["Database CLI Commands Integration","Error Handling"],"fullName":"Database CLI Commands Integration Error Handling should handle invalid table names in view command","status":"failed","title":"should handle invalid table names in view command","duration":1185.9174100002274,"failureMessages":["AssertionError: expected 127 to be 1 // Object.is equality\n    at /var/www/html/systemprompt-os/tests/integration/modules/core/database/database-cli-commands.integration.test.ts:538:31\n    at file:///var/www/html/systemprompt-os/node_modules/@vitest/runner/dist/index.js:533:5\n    at runTest (file:///var/www/html/systemprompt-os/node_modules/@vitest/runner/dist/index.js:1056:11)\n    at runSuite (file:///var/www/html/systemprompt-os/node_modules/@vitest/runner/dist/index.js:1205:15)\n    at runSuite (file:///var/www/html/systemprompt-os/node_modules/@vitest/runner/dist/index.js:1205:15)\n    at runSuite (file:///var/www/html/systemprompt-os/node_modules/@vitest/runner/dist/index.js:1205:15)\n    at runFiles (file:///var/www/html/systemprompt-os/node_modules/@vitest/runner/dist/index.js:1262:5)\n    at startTests (file:///var/www/html/systemprompt-os/node_modules/@vitest/runner/dist/index.js:1271:3)\n    at file:///var/www/html/systemprompt-os/node_modules/vitest/dist/chunks/runBaseTests.3qpJUEJM.js:126:11\n    at withEnv (file:///var/www/html/systemprompt-os/node_modules/vitest/dist/chunks/runBaseTests.3qpJUEJM.js:90:5)"],"meta":{}},{"ancestorTitles":["Database CLI Commands Integration","Error Handling"],"fullName":"Database CLI Commands Integration Error Handling should handle SQL injection attempts in query command","status":"failed","title":"should handle SQL injection attempts in query command","duration":2.132687999866903,"failureMessages":["AssertionError: expected 2 to be +0 // Object.is equality\n    at /var/www/html/systemprompt-os/tests/integration/modules/core/database/database-cli-commands.integration.test.ts:550:31\n    at file:///var/www/html/systemprompt-os/node_modules/@vitest/runner/dist/index.js:533:5\n    at runTest (file:///var/www/html/systemprompt-os/node_modules/@vitest/runner/dist/index.js:1056:11)\n    at runSuite (file:///var/www/html/systemprompt-os/node_modules/@vitest/runner/dist/index.js:1205:15)\n    at runSuite (file:///var/www/html/systemprompt-os/node_modules/@vitest/runner/dist/index.js:1205:15)\n    at runSuite (file:///var/www/html/systemprompt-os/node_modules/@vitest/runner/dist/index.js:1205:15)\n    at runFiles (file:///var/www/html/systemprompt-os/node_modules/@vitest/runner/dist/index.js:1262:5)\n    at startTests (file:///var/www/html/systemprompt-os/node_modules/@vitest/runner/dist/index.js:1271:3)\n    at file:///var/www/html/systemprompt-os/node_modules/vitest/dist/chunks/runBaseTests.3qpJUEJM.js:126:11\n    at withEnv (file:///var/www/html/systemprompt-os/node_modules/vitest/dist/chunks/runBaseTests.3qpJUEJM.js:90:5)"],"meta":{}}],"startTime":1753863252220,"endTime":1753863293155.1326,"status":"failed","message":"","name":"/var/www/html/systemprompt-os/tests/integration/modules/core/database/database-cli-commands.integration.test.ts"},{"assertionResults":[{"ancestorTitles":["Database Module Integration Tests","Module Bootstrap"],"fullName":"Database Module Integration Tests Module Bootstrap should load database module during bootstrap","status":"passed","title":"should load database module during bootstrap","duration":2.0788190001621842,"failureMessages":[],"meta":{}},{"ancestorTitles":["Database Module Integration Tests","Module Bootstrap"],"fullName":"Database Module Integration Tests Module Bootstrap should execute database status command","status":"failed","title":"should execute database status command","duration":1815.7090769996867,"failureMessages":["AssertionError: expected 1 to be +0 // Object.is equality\n    at /var/www/html/systemprompt-os/tests/integration/modules/core/database/database.integration.test.ts:94:31\n    at file:///var/www/html/systemprompt-os/node_modules/@vitest/runner/dist/index.js:533:5\n    at runTest (file:///var/www/html/systemprompt-os/node_modules/@vitest/runner/dist/index.js:1056:11)\n    at runSuite (file:///var/www/html/systemprompt-os/node_modules/@vitest/runner/dist/index.js:1205:15)\n    at runSuite (file:///var/www/html/systemprompt-os/node_modules/@vitest/runner/dist/index.js:1205:15)\n    at runSuite (file:///var/www/html/systemprompt-os/node_modules/@vitest/runner/dist/index.js:1205:15)\n    at runFiles (file:///var/www/html/systemprompt-os/node_modules/@vitest/runner/dist/index.js:1262:5)\n    at startTests (file:///var/www/html/systemprompt-os/node_modules/@vitest/runner/dist/index.js:1271:3)\n    at file:///var/www/html/systemprompt-os/node_modules/vitest/dist/chunks/runBaseTests.3qpJUEJM.js:126:11\n    at withEnv (file:///var/www/html/systemprompt-os/node_modules/vitest/dist/chunks/runBaseTests.3qpJUEJM.js:90:5)"],"meta":{}},{"ancestorTitles":["Database Module Integration Tests","Database Initialization"],"fullName":"Database Module Integration Tests Database Initialization should handle database initialization errors","status":"passed","title":"should handle database initialization errors","duration":3.086210999637842,"failureMessages":[],"meta":{}},{"ancestorTitles":["Database Module Integration Tests","Database Initialization"],"fullName":"Database Module Integration Tests Database Initialization should support WAL mode configuration","status":"passed","title":"should support WAL mode configuration","duration":0.8697300003841519,"failureMessages":[],"meta":{}},{"ancestorTitles":["Database Module Integration Tests","Database Initialization"],"fullName":"Database Module Integration Tests Database Initialization should initialize SQLite database","status":"passed","title":"should initialize SQLite database","duration":0.5342749999836087,"failureMessages":[],"meta":{}},{"ancestorTitles":["Database Module Integration Tests","Database Initialization"],"fullName":"Database Module Integration Tests Database Initialization should create database file if not exists","status":"failed","title":"should create database file if not exists","duration":1.5494150007143617,"failureMessages":["AssertionError: expected false to be true // Object.is equality\n    at /var/www/html/systemprompt-os/tests/integration/modules/core/database/database.integration.test.ts:135:38\n    at file:///var/www/html/systemprompt-os/node_modules/@vitest/runner/dist/index.js:146:14\n    at file:///var/www/html/systemprompt-os/node_modules/@vitest/runner/dist/index.js:533:11\n    at runWithTimeout (file:///var/www/html/systemprompt-os/node_modules/@vitest/runner/dist/index.js:39:7)\n    at runTest (file:///var/www/html/systemprompt-os/node_modules/@vitest/runner/dist/index.js:1056:17)\n    at runSuite (file:///var/www/html/systemprompt-os/node_modules/@vitest/runner/dist/index.js:1205:15)\n    at runSuite (file:///var/www/html/systemprompt-os/node_modules/@vitest/runner/dist/index.js:1205:15)\n    at runSuite (file:///var/www/html/systemprompt-os/node_modules/@vitest/runner/dist/index.js:1205:15)\n    at runFiles (file:///var/www/html/systemprompt-os/node_modules/@vitest/runner/dist/index.js:1262:5)\n    at startTests (file:///var/www/html/systemprompt-os/node_modules/@vitest/runner/dist/index.js:1271:3)"],"meta":{}},{"ancestorTitles":["Database Module Integration Tests","Transaction Management"],"fullName":"Database Module Integration Tests Transaction Management should execute transactions successfully","status":"passed","title":"should execute transactions successfully","duration":1.2218679999932647,"failureMessages":[],"meta":{}},{"ancestorTitles":["Database Module Integration Tests","Transaction Management"],"fullName":"Database Module Integration Tests Transaction Management should rollback on error","status":"passed","title":"should rollback on error","duration":1.9180899998173118,"failureMessages":[],"meta":{}},{"ancestorTitles":["Database Module Integration Tests","Query Execution"],"fullName":"Database Module Integration Tests Query Execution should execute SELECT queries","status":"failed","title":"should execute SELECT queries","duration":1.7727729994803667,"failureMessages":["SqliteError: no such column: hello\n    at Database.prepare (/var/www/html/systemprompt-os/node_modules/better-sqlite3/lib/methods/wrappers.js:5:21)\n    at SqliteConnection.query (/var/www/html/systemprompt-os/src/modules/core/database/adapters/sqlite-connection.adapter.ts:38:26)\n    at DatabaseService.query (/var/www/html/systemprompt-os/src/modules/core/database/services/database.service.ts:99:37)\n    at /var/www/html/systemprompt-os/tests/integration/modules/core/database/database.integration.test.ts:197:22\n    at file:///var/www/html/systemprompt-os/node_modules/@vitest/runner/dist/index.js:533:5\n    at runTest (file:///var/www/html/systemprompt-os/node_modules/@vitest/runner/dist/index.js:1056:11)\n    at runSuite (file:///var/www/html/systemprompt-os/node_modules/@vitest/runner/dist/index.js:1205:15)\n    at runSuite (file:///var/www/html/systemprompt-os/node_modules/@vitest/runner/dist/index.js:1205:15)\n    at runSuite (file:///var/www/html/systemprompt-os/node_modules/@vitest/runner/dist/index.js:1205:15)\n    at runFiles (file:///var/www/html/systemprompt-os/node_modules/@vitest/runner/dist/index.js:1262:5)"],"meta":{}},{"ancestorTitles":["Database Module Integration Tests","Query Execution"],"fullName":"Database Module Integration Tests Query Execution should execute INSERT with lastInsertId","status":"passed","title":"should execute INSERT with lastInsertId","duration":2.0400599995628,"failureMessages":[],"meta":{}},{"ancestorTitles":["Database Module Integration Tests","Query Execution"],"fullName":"Database Module Integration Tests Query Execution should execute UPDATE with affected rows","status":"passed","title":"should execute UPDATE with affected rows","duration":4.497674999758601,"failureMessages":[],"meta":{}},{"ancestorTitles":["Database Module Integration Tests","Query Execution"],"fullName":"Database Module Integration Tests Query Execution should handle prepared statements","status":"passed","title":"should handle prepared statements","duration":4.492553000338376,"failureMessages":[],"meta":{}},{"ancestorTitles":["Database Module Integration Tests","Query Execution"],"fullName":"Database Module Integration Tests Query Execution should prevent SQL injection","status":"passed","title":"should prevent SQL injection","duration":1.026659999974072,"failureMessages":[],"meta":{}},{"ancestorTitles":["Database Module Integration Tests","CLI Operations"],"fullName":"Database Module Integration Tests CLI Operations should clear the database successfully","status":"passed","title":"should clear the database successfully","duration":1718.1242559999228,"failureMessages":[],"meta":{}},{"ancestorTitles":["Database Module Integration Tests","CLI Operations"],"fullName":"Database Module Integration Tests CLI Operations should rebuild the database with clean schema","status":"passed","title":"should rebuild the database with clean schema","duration":1724.919929000549,"failureMessages":[],"meta":{}},{"ancestorTitles":["Database Module Integration Tests","CLI Operations"],"fullName":"Database Module Integration Tests CLI Operations should verify database integrity after rebuild","status":"failed","title":"should verify database integrity after rebuild","duration":1627.795562000014,"failureMessages":["AssertionError: expected 1 to be +0 // Object.is equality\n    at /var/www/html/systemprompt-os/tests/integration/modules/core/database/database.integration.test.ts:331:31\n    at processTicksAndRejections (node:internal/process/task_queues:95:5)\n    at file:///var/www/html/systemprompt-os/node_modules/@vitest/runner/dist/index.js:533:5\n    at runTest (file:///var/www/html/systemprompt-os/node_modules/@vitest/runner/dist/index.js:1056:11)\n    at runSuite (file:///var/www/html/systemprompt-os/node_modules/@vitest/runner/dist/index.js:1205:15)\n    at runSuite (file:///var/www/html/systemprompt-os/node_modules/@vitest/runner/dist/index.js:1205:15)\n    at runSuite (file:///var/www/html/systemprompt-os/node_modules/@vitest/runner/dist/index.js:1205:15)\n    at runFiles (file:///var/www/html/systemprompt-os/node_modules/@vitest/runner/dist/index.js:1262:5)\n    at startTests (file:///var/www/html/systemprompt-os/node_modules/@vitest/runner/dist/index.js:1271:3)\n    at file:///var/www/html/systemprompt-os/node_modules/vitest/dist/chunks/runBaseTests.3qpJUEJM.js:126:11"],"meta":{}},{"ancestorTitles":["Database Module Integration Tests","CLI Operations"],"fullName":"Database Module Integration Tests CLI Operations should execute arbitrary queries","status":"passed","title":"should execute arbitrary queries","duration":1566.938475000672,"failureMessages":[],"meta":{}},{"ancestorTitles":["Database Module Integration Tests","Schema Operations"],"fullName":"Database Module Integration Tests Schema Operations should handle schema discovery and initialization","status":"passed","title":"should handle schema discovery and initialization","duration":0.6372729996219277,"failureMessages":[],"meta":{}}],"startTime":1753863252264,"endTime":1753863260744.6372,"status":"failed","message":"","name":"/var/www/html/systemprompt-os/tests/integration/modules/core/database/database.integration.test.ts"},{"assertionResults":[{"ancestorTitles":["Dev Module Integration Tests","Module Bootstrap"],"fullName":"Dev Module Integration Tests Module Bootstrap should load dev module during bootstrap","status":"passed","title":"should load dev module during bootstrap","duration":2.6305040000006557,"failureMessages":[],"meta":{}},{"ancestorTitles":["Dev Module Integration Tests","Module Bootstrap"],"fullName":"Dev Module Integration Tests Module Bootstrap should initialize dev service correctly","status":"passed","title":"should initialize dev service correctly","duration":10.744572999887168,"failureMessages":[],"meta":{}},{"ancestorTitles":["Dev Module Integration Tests","Development Tools"],"fullName":"Dev Module Integration Tests Development Tools should run ESLint checks","status":"passed","title":"should run ESLint checks","duration":1753.5109170004725,"failureMessages":[],"meta":{}},{"ancestorTitles":["Dev Module Integration Tests","Development Tools"],"fullName":"Dev Module Integration Tests Development Tools should run TypeScript compiler","status":"passed","title":"should run TypeScript compiler","duration":1642.630864999257,"failureMessages":[],"meta":{}},{"ancestorTitles":["Dev Module Integration Tests","Development Tools"],"fullName":"Dev Module Integration Tests Development Tools should execute tests","status":"passed","title":"should execute tests","duration":1757.5484480001032,"failureMessages":[],"meta":{}},{"ancestorTitles":["Dev Module Integration Tests","Module Generation"],"fullName":"Dev Module Integration Tests Module Generation should generate new module structure","status":"passed","title":"should generate new module structure","duration":1561.816913999617,"failureMessages":[],"meta":{}},{"ancestorTitles":["Dev Module Integration Tests","Module Generation"],"fullName":"Dev Module Integration Tests Module Generation should create module manifest","status":"passed","title":"should create module manifest","duration":1584.5724169993773,"failureMessages":[],"meta":{}},{"ancestorTitles":["Dev Module Integration Tests","Module Generation"],"fullName":"Dev Module Integration Tests Module Generation should validate module generation parameters","status":"passed","title":"should validate module generation parameters","duration":1441.1380129996687,"failureMessages":[],"meta":{}},{"ancestorTitles":["Dev Module Integration Tests","Code Quality"],"fullName":"Dev Module Integration Tests Code Quality should enforce coding standards","status":"passed","title":"should enforce coding standards","duration":1286.172256999649,"failureMessages":[],"meta":{}},{"ancestorTitles":["Dev Module Integration Tests","Code Quality"],"fullName":"Dev Module Integration Tests Code Quality should check import restrictions","status":"passed","title":"should check import restrictions","duration":1612.2968359999359,"failureMessages":[],"meta":{}},{"ancestorTitles":["Dev Module Integration Tests","Code Quality"],"fullName":"Dev Module Integration Tests Code Quality should validate module structure","status":"passed","title":"should validate module structure","duration":1524.1221939995885,"failureMessages":[],"meta":{}},{"ancestorTitles":["Dev Module Integration Tests","Profile Management"],"fullName":"Dev Module Integration Tests Profile Management should create and retrieve development profiles","status":"passed","title":"should create and retrieve development profiles","duration":1.1291890004649758,"failureMessages":[],"meta":{}},{"ancestorTitles":["Dev Module Integration Tests","Profile Management"],"fullName":"Dev Module Integration Tests Profile Management should list all profiles","status":"passed","title":"should list all profiles","duration":1.1682179998606443,"failureMessages":[],"meta":{}},{"ancestorTitles":["Dev Module Integration Tests","Profile Management"],"fullName":"Dev Module Integration Tests Profile Management should update profile configuration","status":"passed","title":"should update profile configuration","duration":0.8258210001513362,"failureMessages":[],"meta":{}},{"ancestorTitles":["Dev Module Integration Tests","Profile Management"],"fullName":"Dev Module Integration Tests Profile Management should delete profiles","status":"passed","title":"should delete profiles","duration":0.7574029993265867,"failureMessages":[],"meta":{}},{"ancestorTitles":["Dev Module Integration Tests","Session Management"],"fullName":"Dev Module Integration Tests Session Management should start and end development sessions","status":"passed","title":"should start and end development sessions","duration":1.016440000385046,"failureMessages":[],"meta":{}},{"ancestorTitles":["Dev Module Integration Tests","Session Management"],"fullName":"Dev Module Integration Tests Session Management should track session metadata","status":"passed","title":"should track session metadata","duration":0.9357600007206202,"failureMessages":[],"meta":{}},{"ancestorTitles":["Dev Module Integration Tests","Session Management"],"fullName":"Dev Module Integration Tests Session Management should calculate session statistics","status":"passed","title":"should calculate session statistics","duration":1.1453579999506474,"failureMessages":[],"meta":{}},{"ancestorTitles":["Dev Module Integration Tests","CLI Commands"],"fullName":"Dev Module Integration Tests CLI Commands should manage profiles via CLI","status":"failed","title":"should manage profiles via CLI","duration":1042.0743329999968,"failureMessages":["AssertionError: expected 1 to be +0 // Object.is equality\n    at /var/www/html/systemprompt-os/tests/integration/modules/core/dev/dev.integration.test.ts:368:37\n    at processTicksAndRejections (node:internal/process/task_queues:95:5)\n    at file:///var/www/html/systemprompt-os/node_modules/@vitest/runner/dist/index.js:533:5\n    at runTest (file:///var/www/html/systemprompt-os/node_modules/@vitest/runner/dist/index.js:1056:11)\n    at runSuite (file:///var/www/html/systemprompt-os/node_modules/@vitest/runner/dist/index.js:1205:15)\n    at runSuite (file:///var/www/html/systemprompt-os/node_modules/@vitest/runner/dist/index.js:1205:15)\n    at runSuite (file:///var/www/html/systemprompt-os/node_modules/@vitest/runner/dist/index.js:1205:15)\n    at runFiles (file:///var/www/html/systemprompt-os/node_modules/@vitest/runner/dist/index.js:1262:5)\n    at startTests (file:///var/www/html/systemprompt-os/node_modules/@vitest/runner/dist/index.js:1271:3)\n    at file:///var/www/html/systemprompt-os/node_modules/vitest/dist/chunks/runBaseTests.3qpJUEJM.js:126:11"],"meta":{}},{"ancestorTitles":["Dev Module Integration Tests","CLI Commands"],"fullName":"Dev Module Integration Tests CLI Commands should manage sessions via CLI","status":"failed","title":"should manage sessions via CLI","duration":1029.693021000363,"failureMessages":["AssertionError: expected 1 to be +0 // Object.is equality\n    at /var/www/html/systemprompt-os/tests/integration/modules/core/dev/dev.integration.test.ts:383:36\n    at processTicksAndRejections (node:internal/process/task_queues:95:5)\n    at file:///var/www/html/systemprompt-os/node_modules/@vitest/runner/dist/index.js:533:5\n    at runTest (file:///var/www/html/systemprompt-os/node_modules/@vitest/runner/dist/index.js:1056:11)\n    at runSuite (file:///var/www/html/systemprompt-os/node_modules/@vitest/runner/dist/index.js:1205:15)\n    at runSuite (file:///var/www/html/systemprompt-os/node_modules/@vitest/runner/dist/index.js:1205:15)\n    at runSuite (file:///var/www/html/systemprompt-os/node_modules/@vitest/runner/dist/index.js:1205:15)\n    at runFiles (file:///var/www/html/systemprompt-os/node_modules/@vitest/runner/dist/index.js:1262:5)\n    at startTests (file:///var/www/html/systemprompt-os/node_modules/@vitest/runner/dist/index.js:1271:3)\n    at file:///var/www/html/systemprompt-os/node_modules/vitest/dist/chunks/runBaseTests.3qpJUEJM.js:126:11"],"meta":{}},{"ancestorTitles":["Dev Module Integration Tests","Development Workflows"],"fullName":"Dev Module Integration Tests Development Workflows should support development session management","status":"passed","title":"should support development session management","duration":0.5323149999603629,"failureMessages":[],"meta":{}},{"ancestorTitles":["Dev Module Integration Tests","Development Workflows"],"fullName":"Dev Module Integration Tests Development Workflows should handle development tool configuration","status":"passed","title":"should handle development tool configuration","duration":2050.885700999759,"failureMessages":[],"meta":{}},{"ancestorTitles":["Dev Module Integration Tests","Development Workflows"],"fullName":"Dev Module Integration Tests Development Workflows should integrate with build and test systems","status":"passed","title":"should integrate with build and test systems","duration":987.5100630000234,"failureMessages":[],"meta":{}},{"ancestorTitles":["Dev Module Integration Tests","Development Workflows"],"fullName":"Dev Module Integration Tests Development Workflows should support profile-based development workflows","status":"passed","title":"should support profile-based development workflows","duration":1.1688589993864298,"failureMessages":[],"meta":{}}],"startTime":1753863252379,"endTime":1753863271677.169,"status":"failed","message":"","name":"/var/www/html/systemprompt-os/tests/integration/modules/core/dev/dev.integration.test.ts"},{"assertionResults":[{"ancestorTitles":["Event Bus Communication Integration Test","Event Bus Basic Operations"],"fullName":"Event Bus Communication Integration Test Event Bus Basic Operations should emit and handle events","status":"passed","title":"should emit and handle events","duration":13.393885000608861,"failureMessages":[],"meta":{}},{"ancestorTitles":["Event Bus Communication Integration Test","Event Bus Basic Operations"],"fullName":"Event Bus Communication Integration Test Event Bus Basic Operations should handle multiple subscribers","status":"passed","title":"should handle multiple subscribers","duration":12.827190999872983,"failureMessages":[],"meta":{}},{"ancestorTitles":["Event Bus Communication Integration Test","Cross-Module Event Communication"],"fullName":"Event Bus Communication Integration Test Cross-Module Event Communication should handle task creation events","status":"passed","title":"should handle task creation events","duration":61.283395000733435,"failureMessages":[],"meta":{}},{"ancestorTitles":["Event Bus Communication Integration Test","Cross-Module Event Communication"],"fullName":"Event Bus Communication Integration Test Cross-Module Event Communication should handle agent creation events","status":"passed","title":"should handle agent creation events","duration":52.29849600046873,"failureMessages":[],"meta":{}},{"ancestorTitles":["Event Bus Communication Integration Test","Event Error Handling"],"fullName":"Event Bus Communication Integration Test Event Error Handling should handle errors in event handlers gracefully","status":"passed","title":"should handle errors in event handlers gracefully","duration":12.30351599957794,"failureMessages":[],"meta":{}},{"ancestorTitles":["Event Bus Communication Integration Test","Event Patterns"],"fullName":"Event Bus Communication Integration Test Event Patterns should handle multiple event subscriptions","status":"passed","title":"should handle multiple event subscriptions","duration":21.129086999222636,"failureMessages":[],"meta":{}}],"startTime":1753863252351,"endTime":1753863252525.1292,"status":"passed","message":"","name":"/var/www/html/systemprompt-os/tests/integration/modules/core/events/events.integration.test.ts"},{"assertionResults":[{"ancestorTitles":["Logger Module Integration Tests","Module Bootstrap"],"fullName":"Logger Module Integration Tests Module Bootstrap should load logger module during bootstrap","status":"passed","title":"should load logger module during bootstrap","duration":2.5887649999931455,"failureMessages":[],"meta":{}},{"ancestorTitles":["Logger Module Integration Tests","Module Bootstrap"],"fullName":"Logger Module Integration Tests Module Bootstrap should execute logger status command","status":"failed","title":"should execute logger status command","duration":1806.7935629999265,"failureMessages":["AssertionError: expected 1 to be +0 // Object.is equality\n    at /var/www/html/systemprompt-os/tests/integration/modules/core/logger/logger.integration.test.ts:108:31\n    at processTicksAndRejections (node:internal/process/task_queues:95:5)\n    at file:///var/www/html/systemprompt-os/node_modules/@vitest/runner/dist/index.js:533:5\n    at runTest (file:///var/www/html/systemprompt-os/node_modules/@vitest/runner/dist/index.js:1056:11)\n    at runSuite (file:///var/www/html/systemprompt-os/node_modules/@vitest/runner/dist/index.js:1205:15)\n    at runSuite (file:///var/www/html/systemprompt-os/node_modules/@vitest/runner/dist/index.js:1205:15)\n    at runSuite (file:///var/www/html/systemprompt-os/node_modules/@vitest/runner/dist/index.js:1205:15)\n    at runFiles (file:///var/www/html/systemprompt-os/node_modules/@vitest/runner/dist/index.js:1262:5)\n    at startTests (file:///var/www/html/systemprompt-os/node_modules/@vitest/runner/dist/index.js:1271:3)\n    at file:///var/www/html/systemprompt-os/node_modules/vitest/dist/chunks/runBaseTests.3qpJUEJM.js:126:11"],"meta":{}},{"ancestorTitles":["Logger Module Integration Tests","Logger Initialization"],"fullName":"Logger Module Integration Tests Logger Initialization should initialize with configuration","status":"passed","title":"should initialize with configuration","duration":0.6818829998373985,"failureMessages":[],"meta":{}},{"ancestorTitles":["Logger Module Integration Tests","Logger Initialization"],"fullName":"Logger Module Integration Tests Logger Initialization should handle missing directories","status":"passed","title":"should handle missing directories","duration":0.5445150006562471,"failureMessages":[],"meta":{}},{"ancestorTitles":["Logger Module Integration Tests","Logger Initialization"],"fullName":"Logger Module Integration Tests Logger Initialization should validate log levels","status":"passed","title":"should validate log levels","duration":1.4517049994319677,"failureMessages":[],"meta":{}},{"ancestorTitles":["Logger Module Integration Tests","Logging Operations"],"fullName":"Logger Module Integration Tests Logging Operations should log to console in CLI mode","status":"passed","title":"should log to console in CLI mode","duration":0.7685319995507598,"failureMessages":[],"meta":{}},{"ancestorTitles":["Logger Module Integration Tests","Logging Operations"],"fullName":"Logger Module Integration Tests Logging Operations should include context metadata","status":"passed","title":"should include context metadata","duration":0.6570030003786087,"failureMessages":[],"meta":{}},{"ancestorTitles":["Logger Module Integration Tests","Logging Operations"],"fullName":"Logger Module Integration Tests Logging Operations should handle circular references","status":"passed","title":"should handle circular references","duration":0.6269439999014139,"failureMessages":[],"meta":{}},{"ancestorTitles":["Logger Module Integration Tests","Error Handling"],"fullName":"Logger Module Integration Tests Error Handling should capture application errors","status":"passed","title":"should capture application errors","duration":0.7176630003377795,"failureMessages":[],"meta":{}},{"ancestorTitles":["Logger Module Integration Tests","Error Handling"],"fullName":"Logger Module Integration Tests Error Handling should format error stack traces","status":"passed","title":"should format error stack traces","duration":0.7412740001454949,"failureMessages":[],"meta":{}},{"ancestorTitles":["Logger Module Integration Tests","Error Handling"],"fullName":"Logger Module Integration Tests Error Handling should categorize error types","status":"passed","title":"should categorize error types","duration":0.46625599917024374,"failureMessages":[],"meta":{}},{"ancestorTitles":["Logger Module Integration Tests","CLI Commands"],"fullName":"Logger Module Integration Tests CLI Commands should show recent logs","status":"failed","title":"should show recent logs","duration":1745.7138370005414,"failureMessages":["AssertionError: expected 1 to be +0 // Object.is equality\n    at /var/www/html/systemprompt-os/tests/integration/modules/core/logger/logger.integration.test.ts:226:31\n    at processTicksAndRejections (node:internal/process/task_queues:95:5)\n    at file:///var/www/html/systemprompt-os/node_modules/@vitest/runner/dist/index.js:533:5\n    at runTest (file:///var/www/html/systemprompt-os/node_modules/@vitest/runner/dist/index.js:1056:11)\n    at runSuite (file:///var/www/html/systemprompt-os/node_modules/@vitest/runner/dist/index.js:1205:15)\n    at runSuite (file:///var/www/html/systemprompt-os/node_modules/@vitest/runner/dist/index.js:1205:15)\n    at runSuite (file:///var/www/html/systemprompt-os/node_modules/@vitest/runner/dist/index.js:1205:15)\n    at runFiles (file:///var/www/html/systemprompt-os/node_modules/@vitest/runner/dist/index.js:1262:5)\n    at startTests (file:///var/www/html/systemprompt-os/node_modules/@vitest/runner/dist/index.js:1271:3)\n    at file:///var/www/html/systemprompt-os/node_modules/vitest/dist/chunks/runBaseTests.3qpJUEJM.js:126:11"],"meta":{}},{"ancestorTitles":["Logger Module Integration Tests","CLI Commands"],"fullName":"Logger Module Integration Tests CLI Commands should clear log files","status":"passed","title":"should clear log files","duration":1577.087214000523,"failureMessages":[],"meta":{}},{"ancestorTitles":["Logger Module Integration Tests","CLI Commands"],"fullName":"Logger Module Integration Tests CLI Commands should filter logs by criteria","status":"failed","title":"should filter logs by criteria","duration":1691.499560000375,"failureMessages":["AssertionError: expected 1 to be +0 // Object.is equality\n    at /var/www/html/systemprompt-os/tests/integration/modules/core/logger/logger.integration.test.ts:248:31\n    at processTicksAndRejections (node:internal/process/task_queues:95:5)\n    at file:///var/www/html/systemprompt-os/node_modules/@vitest/runner/dist/index.js:533:5\n    at runTest (file:///var/www/html/systemprompt-os/node_modules/@vitest/runner/dist/index.js:1056:11)\n    at runSuite (file:///var/www/html/systemprompt-os/node_modules/@vitest/runner/dist/index.js:1205:15)\n    at runSuite (file:///var/www/html/systemprompt-os/node_modules/@vitest/runner/dist/index.js:1205:15)\n    at runSuite (file:///var/www/html/systemprompt-os/node_modules/@vitest/runner/dist/index.js:1205:15)\n    at runFiles (file:///var/www/html/systemprompt-os/node_modules/@vitest/runner/dist/index.js:1262:5)\n    at startTests (file:///var/www/html/systemprompt-os/node_modules/@vitest/runner/dist/index.js:1271:3)\n    at file:///var/www/html/systemprompt-os/node_modules/vitest/dist/chunks/runBaseTests.3qpJUEJM.js:126:11"],"meta":{}},{"ancestorTitles":["Logger Module Integration Tests","Log Levels and Filtering"],"fullName":"Logger Module Integration Tests Log Levels and Filtering should respect log level filtering","status":"passed","title":"should respect log level filtering","duration":0.7286930000409484,"failureMessages":[],"meta":{}},{"ancestorTitles":["Logger Module Integration Tests","Log Levels and Filtering"],"fullName":"Logger Module Integration Tests Log Levels and Filtering should handle different log sources","status":"passed","title":"should handle different log sources","duration":0.6135040000081062,"failureMessages":[],"meta":{}},{"ancestorTitles":["Logger Module Integration Tests","Database Integration"],"fullName":"Logger Module Integration Tests Database Integration should integrate with database for log persistence","status":"passed","title":"should integrate with database for log persistence","duration":0.6462139999493957,"failureMessages":[],"meta":{}}],"startTime":1753863252270,"endTime":1753863259103.6462,"status":"failed","message":"","name":"/var/www/html/systemprompt-os/tests/integration/modules/core/logger/logger.integration.test.ts"},{"assertionResults":[{"ancestorTitles":["MCP Module Integration Tests","Module Bootstrap"],"fullName":"MCP Module Integration Tests Module Bootstrap should load mcp module during bootstrap","status":"passed","title":"should load mcp module during bootstrap","duration":2.327886000275612,"failureMessages":[],"meta":{}},{"ancestorTitles":["MCP Module Integration Tests","Module Bootstrap"],"fullName":"MCP Module Integration Tests Module Bootstrap should execute mcp status command","status":"passed","title":"should execute mcp status command","duration":1836.856014999561,"failureMessages":[],"meta":{}},{"ancestorTitles":["MCP Module Integration Tests","MCP Context Management"],"fullName":"MCP Module Integration Tests MCP Context Management should create and list MCP contexts","status":"passed","title":"should create and list MCP contexts","duration":4.677762000821531,"failureMessages":[],"meta":{}},{"ancestorTitles":["MCP Module Integration Tests","MCP Context Management"],"fullName":"MCP Module Integration Tests MCP Context Management should create and manage sessions","status":"passed","title":"should create and manage sessions","duration":3.620693000033498,"failureMessages":[],"meta":{}},{"ancestorTitles":["MCP Module Integration Tests","MCP Context Management"],"fullName":"MCP Module Integration Tests MCP Context Management should delete contexts","status":"passed","title":"should delete contexts","duration":2.4332349998876452,"failureMessages":[],"meta":{}},{"ancestorTitles":["MCP Module Integration Tests","Tool Integration"],"fullName":"MCP Module Integration Tests Tool Integration should register MCP tools","status":"passed","title":"should register MCP tools","duration":0.9938510004431009,"failureMessages":[],"meta":{}},{"ancestorTitles":["MCP Module Integration Tests","Tool Integration"],"fullName":"MCP Module Integration Tests Tool Integration should handle tool execution","status":"passed","title":"should handle tool execution","duration":2.0824539996683598,"failureMessages":[],"meta":{}},{"ancestorTitles":["MCP Module Integration Tests","Resource Management"],"fullName":"MCP Module Integration Tests Resource Management should list available resources","status":"passed","title":"should list available resources","duration":0.6537440000101924,"failureMessages":[],"meta":{}},{"ancestorTitles":["MCP Module Integration Tests","Resource Management"],"fullName":"MCP Module Integration Tests Resource Management should read resource content","status":"passed","title":"should read resource content","duration":1.1491989996284246,"failureMessages":[],"meta":{}},{"ancestorTitles":["MCP Module Integration Tests","Prompt Handling"],"fullName":"MCP Module Integration Tests Prompt Handling should register prompts","status":"passed","title":"should register prompts","duration":0.8233419992029667,"failureMessages":[],"meta":{}},{"ancestorTitles":["MCP Module Integration Tests","Prompt Handling"],"fullName":"MCP Module Integration Tests Prompt Handling should resolve prompt templates","status":"passed","title":"should resolve prompt templates","duration":0.7003530003130436,"failureMessages":[],"meta":{}},{"ancestorTitles":["MCP Module Integration Tests","Protocol Compliance"],"fullName":"MCP Module Integration Tests Protocol Compliance should handle initialization","status":"passed","title":"should handle initialization","duration":0.5685640005394816,"failureMessages":[],"meta":{}},{"ancestorTitles":["MCP Module Integration Tests","Protocol Compliance"],"fullName":"MCP Module Integration Tests Protocol Compliance should maintain protocol version","status":"passed","title":"should maintain protocol version","duration":1.6571920001879334,"failureMessages":[],"meta":{}},{"ancestorTitles":["MCP Module Integration Tests","Protocol Compliance"],"fullName":"MCP Module Integration Tests Protocol Compliance should handle protocol errors","status":"passed","title":"should handle protocol errors","duration":1.7755020000040531,"failureMessages":[],"meta":{}},{"ancestorTitles":["MCP Module Integration Tests","Context Management"],"fullName":"MCP Module Integration Tests Context Management should manage MCP contexts","status":"passed","title":"should manage MCP contexts","duration":2.071085000410676,"failureMessages":[],"meta":{}},{"ancestorTitles":["MCP Module Integration Tests","Context Management"],"fullName":"MCP Module Integration Tests Context Management should handle context lifecycle","status":"passed","title":"should handle context lifecycle","duration":0.7431620005518198,"failureMessages":[],"meta":{}},{"ancestorTitles":["MCP Module Integration Tests","CLI Commands"],"fullName":"MCP Module Integration Tests CLI Commands should show MCP status","status":"passed","title":"should show MCP status","duration":1650.2581530008465,"failureMessages":[],"meta":{}},{"ancestorTitles":["MCP Module Integration Tests","CLI Commands"],"fullName":"MCP Module Integration Tests CLI Commands should create MCP context via CLI","status":"failed","title":"should create MCP context via CLI","duration":1783.3941900003701,"failureMessages":["AssertionError: expected 1 to be +0 // Object.is equality\n    at /var/www/html/systemprompt-os/tests/integration/modules/core/mcp/mcp.integration.test.ts:385:31\n    at processTicksAndRejections (node:internal/process/task_queues:95:5)\n    at file:///var/www/html/systemprompt-os/node_modules/@vitest/runner/dist/index.js:533:5\n    at runTest (file:///var/www/html/systemprompt-os/node_modules/@vitest/runner/dist/index.js:1056:11)\n    at runSuite (file:///var/www/html/systemprompt-os/node_modules/@vitest/runner/dist/index.js:1205:15)\n    at runSuite (file:///var/www/html/systemprompt-os/node_modules/@vitest/runner/dist/index.js:1205:15)\n    at runSuite (file:///var/www/html/systemprompt-os/node_modules/@vitest/runner/dist/index.js:1205:15)\n    at runFiles (file:///var/www/html/systemprompt-os/node_modules/@vitest/runner/dist/index.js:1262:5)\n    at startTests (file:///var/www/html/systemprompt-os/node_modules/@vitest/runner/dist/index.js:1271:3)\n    at file:///var/www/html/systemprompt-os/node_modules/vitest/dist/chunks/runBaseTests.3qpJUEJM.js:126:11"],"meta":{}},{"ancestorTitles":["MCP Module Integration Tests","CLI Commands"],"fullName":"MCP Module Integration Tests CLI Commands should list MCP contexts via CLI","status":"failed","title":"should list MCP contexts via CLI","duration":3228.9694750001654,"failureMessages":["AssertionError: expected 1 to be +0 // Object.is equality\n    at /var/www/html/systemprompt-os/tests/integration/modules/core/mcp/mcp.integration.test.ts:401:31\n    at processTicksAndRejections (node:internal/process/task_queues:95:5)\n    at file:///var/www/html/systemprompt-os/node_modules/@vitest/runner/dist/index.js:533:5\n    at runTest (file:///var/www/html/systemprompt-os/node_modules/@vitest/runner/dist/index.js:1056:11)\n    at runSuite (file:///var/www/html/systemprompt-os/node_modules/@vitest/runner/dist/index.js:1205:15)\n    at runSuite (file:///var/www/html/systemprompt-os/node_modules/@vitest/runner/dist/index.js:1205:15)\n    at runSuite (file:///var/www/html/systemprompt-os/node_modules/@vitest/runner/dist/index.js:1205:15)\n    at runFiles (file:///var/www/html/systemprompt-os/node_modules/@vitest/runner/dist/index.js:1262:5)\n    at startTests (file:///var/www/html/systemprompt-os/node_modules/@vitest/runner/dist/index.js:1271:3)\n    at file:///var/www/html/systemprompt-os/node_modules/vitest/dist/chunks/runBaseTests.3qpJUEJM.js:126:11"],"meta":{}},{"ancestorTitles":["MCP Module Integration Tests","CLI Commands"],"fullName":"MCP Module Integration Tests CLI Commands should list contexts in JSON format","status":"failed","title":"should list contexts in JSON format","duration":1443.125657000579,"failureMessages":["AssertionError: expected 1 to be +0 // Object.is equality\n    at /var/www/html/systemprompt-os/tests/integration/modules/core/mcp/mcp.integration.test.ts:412:31\n    at processTicksAndRejections (node:internal/process/task_queues:95:5)\n    at file:///var/www/html/systemprompt-os/node_modules/@vitest/runner/dist/index.js:533:5\n    at runTest (file:///var/www/html/systemprompt-os/node_modules/@vitest/runner/dist/index.js:1056:11)\n    at runSuite (file:///var/www/html/systemprompt-os/node_modules/@vitest/runner/dist/index.js:1205:15)\n    at runSuite (file:///var/www/html/systemprompt-os/node_modules/@vitest/runner/dist/index.js:1205:15)\n    at runSuite (file:///var/www/html/systemprompt-os/node_modules/@vitest/runner/dist/index.js:1205:15)\n    at runFiles (file:///var/www/html/systemprompt-os/node_modules/@vitest/runner/dist/index.js:1262:5)\n    at startTests (file:///var/www/html/systemprompt-os/node_modules/@vitest/runner/dist/index.js:1271:3)\n    at file:///var/www/html/systemprompt-os/node_modules/vitest/dist/chunks/runBaseTests.3qpJUEJM.js:126:11"],"meta":{}},{"ancestorTitles":["MCP Module Integration Tests","CLI Commands"],"fullName":"MCP Module Integration Tests CLI Commands should delete MCP context via CLI","status":"failed","title":"should delete MCP context via CLI","duration":1330.8905689995736,"failureMessages":["AssertionError: expected 1 to be +0 // Object.is equality\n    at /var/www/html/systemprompt-os/tests/integration/modules/core/mcp/mcp.integration.test.ts:425:31\n    at processTicksAndRejections (node:internal/process/task_queues:95:5)\n    at file:///var/www/html/systemprompt-os/node_modules/@vitest/runner/dist/index.js:533:5\n    at runTest (file:///var/www/html/systemprompt-os/node_modules/@vitest/runner/dist/index.js:1056:11)\n    at runSuite (file:///var/www/html/systemprompt-os/node_modules/@vitest/runner/dist/index.js:1205:15)\n    at runSuite (file:///var/www/html/systemprompt-os/node_modules/@vitest/runner/dist/index.js:1205:15)\n    at runSuite (file:///var/www/html/systemprompt-os/node_modules/@vitest/runner/dist/index.js:1205:15)\n    at runFiles (file:///var/www/html/systemprompt-os/node_modules/@vitest/runner/dist/index.js:1262:5)\n    at startTests (file:///var/www/html/systemprompt-os/node_modules/@vitest/runner/dist/index.js:1271:3)\n    at file:///var/www/html/systemprompt-os/node_modules/vitest/dist/chunks/runBaseTests.3qpJUEJM.js:126:11"],"meta":{}}],"startTime":1753863252274,"endTime":1753863263575.8906,"status":"failed","message":"","name":"/var/www/html/systemprompt-os/tests/integration/modules/core/mcp/mcp.integration.test.ts"},{"assertionResults":[{"ancestorTitles":["Module Setup Flow Integration"],"fullName":"Module Setup Flow Integration should demonstrate the complete setup => bootstrap flow","status":"passed","title":"should demonstrate the complete setup => bootstrap flow","duration":1266.823529000394,"failureMessages":[],"meta":{}},{"ancestorTitles":["Module Setup Flow Integration"],"fullName":"Module Setup Flow Integration should validate module state is enforced through database","status":"skipped","title":"should validate module state is enforced through database","failureMessages":[],"meta":{}}],"startTime":1753863251135,"endTime":1753863252401.8235,"status":"passed","message":"","name":"/var/www/html/systemprompt-os/tests/integration/modules/core/modules/module-setup-flow.integration.test.ts"},{"assertionResults":[{"ancestorTitles":["Modules Module Integration Tests","Bootstrap Integration"],"fullName":"Modules Module Integration Tests Bootstrap Integration should successfully bootstrap with modules module loaded","status":"passed","title":"should successfully bootstrap with modules module loaded","duration":3.9461799999698997,"failureMessages":[],"meta":{}},{"ancestorTitles":["Modules Module Integration Tests","Bootstrap Integration"],"fullName":"Modules Module Integration Tests Bootstrap Integration should have database connection established","status":"passed","title":"should have database connection established","duration":0.573034000582993,"failureMessages":[],"meta":{}},{"ancestorTitles":["Modules Module Integration Tests","Bootstrap Integration"],"fullName":"Modules Module Integration Tests Bootstrap Integration should have modules table created with core modules","status":"passed","title":"should have modules table created with core modules","duration":4.869071999564767,"failureMessages":[],"meta":{}},{"ancestorTitles":["Modules Module Integration Tests","Module Manager Service"],"fullName":"Modules Module Integration Tests Module Manager Service should register core modules in database","status":"passed","title":"should register core modules in database","duration":7.562163999304175,"failureMessages":[],"meta":{}},{"ancestorTitles":["Modules Module Integration Tests","Module Manager Service"],"fullName":"Modules Module Integration Tests Module Manager Service should get enabled modules","status":"passed","title":"should get enabled modules","duration":1.3527960004284978,"failureMessages":[],"meta":{}},{"ancestorTitles":["Modules Module Integration Tests","Module Manager Service"],"fullName":"Modules Module Integration Tests Module Manager Service should get specific module information","status":"passed","title":"should get specific module information","duration":1.1998979998752475,"failureMessages":[],"meta":{}},{"ancestorTitles":["Modules Module Integration Tests","Module Manager Service"],"fullName":"Modules Module Integration Tests Module Manager Service should enable and disable modules","status":"passed","title":"should enable and disable modules","duration":12.192947999574244,"failureMessages":[],"meta":{}},{"ancestorTitles":["Modules Module Integration Tests","Module Repository Operations"],"fullName":"Modules Module Integration Tests Module Repository Operations should store and retrieve module metadata using upsertModule","status":"passed","title":"should store and retrieve module metadata using upsertModule","duration":1.2395779993385077,"failureMessages":[],"meta":{}},{"ancestorTitles":["Modules Module Integration Tests","Module Repository Operations"],"fullName":"Modules Module Integration Tests Module Repository Operations should update module information using upsertModule","status":"passed","title":"should update module information using upsertModule","duration":3.5623240005224943,"failureMessages":[],"meta":{}},{"ancestorTitles":["Modules Module Integration Tests","Module Repository Operations"],"fullName":"Modules Module Integration Tests Module Repository Operations should enable and disable modules through repository","status":"passed","title":"should enable and disable modules through repository","duration":2.710281999781728,"failureMessages":[],"meta":{}},{"ancestorTitles":["Modules Module Integration Tests","Module Setup Service"],"fullName":"Modules Module Integration Tests Module Setup Service should handle module setup operations","status":"passed","title":"should handle module setup operations","duration":1.1264279996976256,"failureMessages":[],"meta":{}},{"ancestorTitles":["Modules Module Integration Tests","Module Setup Service"],"fullName":"Modules Module Integration Tests Module Setup Service should validate module setup is working","status":"passed","title":"should validate module setup is working","duration":2.1354700000956655,"failureMessages":[],"meta":{}},{"ancestorTitles":["Modules Module Integration Tests","CLI Integration"],"fullName":"Modules Module Integration Tests CLI Integration should access modules module exports","status":"passed","title":"should access modules module exports","duration":1.2999469991773367,"failureMessages":[],"meta":{}},{"ancestorTitles":["Modules Module Integration Tests","CLI Integration"],"fullName":"Modules Module Integration Tests CLI Integration should provide module management through exports","status":"passed","title":"should provide module management through exports","duration":1.1499589998275042,"failureMessages":[],"meta":{}},{"ancestorTitles":["Modules Module Integration Tests","Module Discovery"],"fullName":"Modules Module Integration Tests Module Discovery should handle module scanning configuration","status":"passed","title":"should handle module scanning configuration","duration":1.4345149993896484,"failureMessages":[],"meta":{}},{"ancestorTitles":["Modules Module Integration Tests","Service Health Monitoring"],"fullName":"Modules Module Integration Tests Service Health Monitoring should track module registration status","status":"passed","title":"should track module registration status","duration":1.9659159993752837,"failureMessages":[],"meta":{}},{"ancestorTitles":["Modules Module Integration Tests","Service Health Monitoring"],"fullName":"Modules Module Integration Tests Service Health Monitoring should detect module state changes","status":"passed","title":"should detect module state changes","duration":10.360392999835312,"failureMessages":[],"meta":{}}],"startTime":1753863252404,"endTime":1753863252465.3604,"status":"passed","message":"","name":"/var/www/html/systemprompt-os/tests/integration/modules/core/modules/modules.integration.test.ts"},{"assertionResults":[{"ancestorTitles":["Monitor Module Integration Tests","Module Bootstrap"],"fullName":"Monitor Module Integration Tests Module Bootstrap should load monitor module during bootstrap","status":"passed","title":"should load monitor module during bootstrap","duration":4.626454000361264,"failureMessages":[],"meta":{}},{"ancestorTitles":["Monitor Module Integration Tests","Module Bootstrap"],"fullName":"Monitor Module Integration Tests Module Bootstrap should have monitor module exports available","status":"passed","title":"should have monitor module exports available","duration":3.6308629997074604,"failureMessages":[],"meta":{}},{"ancestorTitles":["Monitor Module Integration Tests","Metrics Collection"],"fullName":"Monitor Module Integration Tests Metrics Collection should record metrics successfully","status":"passed","title":"should record metrics successfully","duration":0.8332810001447797,"failureMessages":[],"meta":{}},{"ancestorTitles":["Monitor Module Integration Tests","Metrics Collection"],"fullName":"Monitor Module Integration Tests Metrics Collection should collect system metrics","status":"passed","title":"should collect system metrics","duration":1.8032370004802942,"failureMessages":[],"meta":{}},{"ancestorTitles":["Monitor Module Integration Tests","Metrics Collection"],"fullName":"Monitor Module Integration Tests Metrics Collection should increment counter metrics","status":"passed","title":"should increment counter metrics","duration":0.7250930005684495,"failureMessages":[],"meta":{}},{"ancestorTitles":["Monitor Module Integration Tests","Metrics Collection"],"fullName":"Monitor Module Integration Tests Metrics Collection should set gauge metrics","status":"passed","title":"should set gauge metrics","duration":0.7187019996345043,"failureMessages":[],"meta":{}},{"ancestorTitles":["Monitor Module Integration Tests","Metrics Collection"],"fullName":"Monitor Module Integration Tests Metrics Collection should record histogram metrics","status":"passed","title":"should record histogram metrics","duration":0.7610320001840591,"failureMessages":[],"meta":{}},{"ancestorTitles":["Monitor Module Integration Tests","Metric Queries"],"fullName":"Monitor Module Integration Tests Metric Queries should query metrics by name","status":"passed","title":"should query metrics by name","duration":1.5506339995190501,"failureMessages":[],"meta":{}},{"ancestorTitles":["Monitor Module Integration Tests","Metric Queries"],"fullName":"Monitor Module Integration Tests Metric Queries should get metric names","status":"passed","title":"should get metric names","duration":5.970604999922216,"failureMessages":[],"meta":{}},{"ancestorTitles":["Monitor Module Integration Tests","Health Monitoring"],"fullName":"Monitor Module Integration Tests Health Monitoring should perform health checks","status":"passed","title":"should perform health checks","duration":1.0885390006005764,"failureMessages":[],"meta":{}},{"ancestorTitles":["Monitor Module Integration Tests","Health Monitoring"],"fullName":"Monitor Module Integration Tests Health Monitoring should get module info","status":"passed","title":"should get module info","duration":0.6635339995846152,"failureMessages":[],"meta":{}},{"ancestorTitles":["Monitor Module Integration Tests","Database Integration"],"fullName":"Monitor Module Integration Tests Database Integration should have monitor database adapter","status":"failed","title":"should have monitor database adapter","duration":25.442490000277758,"failureMessages":["Error: DatabaseService not initialized. Call initialize() first.\n    at Function.getInstance (/var/www/html/systemprompt-os/src/modules/core/database/services/database.service.ts:65:13)\n    at Module.createModuleAdapter (/var/www/html/systemprompt-os/src/modules/core/database/adapters/module.adapter.ts:110:37)\n    at Object.createModuleAdapter (/var/www/html/systemprompt-os/src/modules/core/database/index.ts:97:60)\n    at /var/www/html/systemprompt-os/tests/integration/modules/core/monitor/monitor.integration.test.ts:284:48\n    at file:///var/www/html/systemprompt-os/node_modules/@vitest/runner/dist/index.js:146:14\n    at file:///var/www/html/systemprompt-os/node_modules/@vitest/runner/dist/index.js:533:11\n    at runWithTimeout (file:///var/www/html/systemprompt-os/node_modules/@vitest/runner/dist/index.js:39:7)\n    at runTest (file:///var/www/html/systemprompt-os/node_modules/@vitest/runner/dist/index.js:1056:17)\n    at runSuite (file:///var/www/html/systemprompt-os/node_modules/@vitest/runner/dist/index.js:1205:15)\n    at runSuite (file:///var/www/html/systemprompt-os/node_modules/@vitest/runner/dist/index.js:1205:15)"],"meta":{}},{"ancestorTitles":["Monitor Module Integration Tests","Database Integration"],"fullName":"Monitor Module Integration Tests Database Integration should handle database operations for monitoring","status":"passed","title":"should handle database operations for monitoring","duration":0.7810730002820492,"failureMessages":[],"meta":{}},{"ancestorTitles":["Monitor Module Integration Tests","Module Lifecycle"],"fullName":"Monitor Module Integration Tests Module Lifecycle should start and stop monitor module","status":"passed","title":"should start and stop monitor module","duration":1.092069000005722,"failureMessages":[],"meta":{}},{"ancestorTitles":["Monitor Module Integration Tests","Module Lifecycle"],"fullName":"Monitor Module Integration Tests Module Lifecycle should handle cleanup operations","status":"passed","title":"should handle cleanup operations","duration":0.5857440000399947,"failureMessages":[],"meta":{}},{"ancestorTitles":["Monitor Module Integration Tests","CLI Integration"],"fullName":"Monitor Module Integration Tests CLI Integration should show monitor status via CLI","status":"failed","title":"should show monitor status via CLI","duration":1893.729245999828,"failureMessages":["AssertionError: expected 1 to be +0 // Object.is equality\n    at /var/www/html/systemprompt-os/tests/integration/modules/core/monitor/monitor.integration.test.ts:353:31\n    at processTicksAndRejections (node:internal/process/task_queues:95:5)\n    at file:///var/www/html/systemprompt-os/node_modules/@vitest/runner/dist/index.js:533:5\n    at runTest (file:///var/www/html/systemprompt-os/node_modules/@vitest/runner/dist/index.js:1056:11)\n    at runSuite (file:///var/www/html/systemprompt-os/node_modules/@vitest/runner/dist/index.js:1205:15)\n    at runSuite (file:///var/www/html/systemprompt-os/node_modules/@vitest/runner/dist/index.js:1205:15)\n    at runSuite (file:///var/www/html/systemprompt-os/node_modules/@vitest/runner/dist/index.js:1205:15)\n    at runFiles (file:///var/www/html/systemprompt-os/node_modules/@vitest/runner/dist/index.js:1262:5)\n    at startTests (file:///var/www/html/systemprompt-os/node_modules/@vitest/runner/dist/index.js:1271:3)\n    at file:///var/www/html/systemprompt-os/node_modules/vitest/dist/chunks/runBaseTests.3qpJUEJM.js:126:11"],"meta":{}},{"ancestorTitles":["Monitor Module Integration Tests","CLI Integration"],"fullName":"Monitor Module Integration Tests CLI Integration should list metrics via CLI","status":"passed","title":"should list metrics via CLI","duration":3382.651084999554,"failureMessages":[],"meta":{}},{"ancestorTitles":["Monitor Module Integration Tests","CLI Integration"],"fullName":"Monitor Module Integration Tests CLI Integration should record metrics via CLI","status":"passed","title":"should record metrics via CLI","duration":1679.7484720004722,"failureMessages":[],"meta":{}},{"ancestorTitles":["Monitor Module Integration Tests","CLI Integration"],"fullName":"Monitor Module Integration Tests CLI Integration should handle invalid metric types","status":"failed","title":"should handle invalid metric types","duration":1509.8679349999875,"failureMessages":["AssertionError: expected '\\n> @systemprompt/os@0.1.0 cli\\n> tsx' to contain 'Invalid metric type'\n    at /var/www/html/systemprompt-os/tests/integration/modules/core/monitor/monitor.integration.test.ts:400:29\n    at processTicksAndRejections (node:internal/process/task_queues:95:5)\n    at file:///var/www/html/systemprompt-os/node_modules/@vitest/runner/dist/index.js:533:5\n    at runTest (file:///var/www/html/systemprompt-os/node_modules/@vitest/runner/dist/index.js:1056:11)\n    at runSuite (file:///var/www/html/systemprompt-os/node_modules/@vitest/runner/dist/index.js:1205:15)\n    at runSuite (file:///var/www/html/systemprompt-os/node_modules/@vitest/runner/dist/index.js:1205:15)\n    at runSuite (file:///var/www/html/systemprompt-os/node_modules/@vitest/runner/dist/index.js:1205:15)\n    at runFiles (file:///var/www/html/systemprompt-os/node_modules/@vitest/runner/dist/index.js:1262:5)\n    at startTests (file:///var/www/html/systemprompt-os/node_modules/@vitest/runner/dist/index.js:1271:3)\n    at file:///var/www/html/systemprompt-os/node_modules/vitest/dist/chunks/runBaseTests.3qpJUEJM.js:126:11"],"meta":{}},{"ancestorTitles":["Monitor Module Integration Tests","CLI Integration"],"fullName":"Monitor Module Integration Tests CLI Integration should display help for monitor commands","status":"passed","title":"should display help for monitor commands","duration":1386.418461999856,"failureMessages":[],"meta":{}}],"startTime":1753863252397,"endTime":1753863262302.4185,"status":"failed","message":"","name":"/var/www/html/systemprompt-os/tests/integration/modules/core/monitor/monitor.integration.test.ts"},{"assertionResults":[{"ancestorTitles":["Permissions Module Integration Tests","Module Bootstrap"],"fullName":"Permissions Module Integration Tests Module Bootstrap should load permissions module during bootstrap","status":"passed","title":"should load permissions module during bootstrap","duration":16.008779999800026,"failureMessages":[],"meta":{}},{"ancestorTitles":["Permissions Module Integration Tests","Module Bootstrap"],"fullName":"Permissions Module Integration Tests Module Bootstrap should execute permissions status command","status":"passed","title":"should execute permissions status command","duration":1929.8374970005825,"failureMessages":[],"meta":{}},{"ancestorTitles":["Permissions Module Integration Tests","Role Management"],"fullName":"Permissions Module Integration Tests Role Management should create roles","status":"passed","title":"should create roles","duration":2.395895999856293,"failureMessages":[],"meta":{}},{"ancestorTitles":["Permissions Module Integration Tests","Role Management"],"fullName":"Permissions Module Integration Tests Role Management should handle role operations","status":"passed","title":"should handle role operations","duration":0.6652929997071624,"failureMessages":[],"meta":{}},{"ancestorTitles":["Permissions Module Integration Tests","Role Management"],"fullName":"Permissions Module Integration Tests Role Management should manage role hierarchy","status":"passed","title":"should manage role hierarchy","duration":0.5003249999135733,"failureMessages":[],"meta":{}},{"ancestorTitles":["Permissions Module Integration Tests","Permission Checking"],"fullName":"Permissions Module Integration Tests Permission Checking should check user permissions","status":"passed","title":"should check user permissions","duration":0.5320840002968907,"failureMessages":[],"meta":{}},{"ancestorTitles":["Permissions Module Integration Tests","Permission Checking"],"fullName":"Permissions Module Integration Tests Permission Checking should enforce access control","status":"passed","title":"should enforce access control","duration":0.7102929996326566,"failureMessages":[],"meta":{}},{"ancestorTitles":["Permissions Module Integration Tests","Permission Checking"],"fullName":"Permissions Module Integration Tests Permission Checking should handle permission denial","status":"passed","title":"should handle permission denial","duration":0.5713039999827743,"failureMessages":[],"meta":{}},{"ancestorTitles":["Permissions Module Integration Tests","User-Role Assignment"],"fullName":"Permissions Module Integration Tests User-Role Assignment should handle role assignments","status":"passed","title":"should handle role assignments","duration":0.5309549998492002,"failureMessages":[],"meta":{}},{"ancestorTitles":["Permissions Module Integration Tests","User-Role Assignment"],"fullName":"Permissions Module Integration Tests User-Role Assignment should manage multiple roles","status":"passed","title":"should manage multiple roles","duration":0.5177050000056624,"failureMessages":[],"meta":{}},{"ancestorTitles":["Permissions Module Integration Tests","Database Integration"],"fullName":"Permissions Module Integration Tests Database Integration should integrate with database for permissions storage","status":"passed","title":"should integrate with database for permissions storage","duration":0.770991999655962,"failureMessages":[],"meta":{}},{"ancestorTitles":["Permissions Module Integration Tests","Database Integration"],"fullName":"Permissions Module Integration Tests Database Integration should handle permissions data operations","status":"passed","title":"should handle permissions data operations","duration":0.5701840007677674,"failureMessages":[],"meta":{}},{"ancestorTitles":["Permissions Module Integration Tests","RBAC System"],"fullName":"Permissions Module Integration Tests RBAC System should implement role-based access control","status":"passed","title":"should implement role-based access control","duration":0.4065860006958246,"failureMessages":[],"meta":{}},{"ancestorTitles":["Permissions Module Integration Tests","RBAC System"],"fullName":"Permissions Module Integration Tests RBAC System should support permission inheritance","status":"passed","title":"should support permission inheritance","duration":0.4054060000926256,"failureMessages":[],"meta":{}},{"ancestorTitles":["Permissions Module Integration Tests","RBAC System"],"fullName":"Permissions Module Integration Tests RBAC System should resolve permission conflicts","status":"passed","title":"should resolve permission conflicts","duration":0.3721059998497367,"failureMessages":[],"meta":{}},{"ancestorTitles":["Permissions Module Integration Tests","CLI Integration"],"fullName":"Permissions Module Integration Tests CLI Integration should provide status information","status":"passed","title":"should provide status information","duration":1685.4415139993653,"failureMessages":[],"meta":{}},{"ancestorTitles":["Permissions Module Integration Tests","CLI Integration"],"fullName":"Permissions Module Integration Tests CLI Integration should handle permissions CLI operations","status":"passed","title":"should handle permissions CLI operations","duration":1738.6717079998925,"failureMessages":[],"meta":{}}],"startTime":1753863252384,"endTime":1753863257764.6716,"status":"passed","message":"","name":"/var/www/html/systemprompt-os/tests/integration/modules/core/permissions/permissions.integration.test.ts"},{"assertionResults":[{"ancestorTitles":["System Module Integration Tests","Module Bootstrap"],"fullName":"System Module Integration Tests Module Bootstrap should load system module during bootstrap","status":"passed","title":"should load system module during bootstrap","duration":4.330446999520063,"failureMessages":[],"meta":{}},{"ancestorTitles":["System Module Integration Tests","Module Bootstrap"],"fullName":"System Module Integration Tests Module Bootstrap should execute system status command","status":"passed","title":"should execute system status command","duration":1768.7382590007037,"failureMessages":[],"meta":{}},{"ancestorTitles":["System Module Integration Tests","System Information"],"fullName":"System Module Integration Tests System Information should gather system info","status":"passed","title":"should gather system info","duration":3.841446000151336,"failureMessages":[],"meta":{}},{"ancestorTitles":["System Module Integration Tests","System Information"],"fullName":"System Module Integration Tests System Information should report OS details","status":"passed","title":"should report OS details","duration":0.9208869999274611,"failureMessages":[],"meta":{}},{"ancestorTitles":["System Module Integration Tests","System Information"],"fullName":"System Module Integration Tests System Information should show runtime versions","status":"passed","title":"should show runtime versions","duration":0.875811000354588,"failureMessages":[],"meta":{}},{"ancestorTitles":["System Module Integration Tests","System Information"],"fullName":"System Module Integration Tests System Information should list environment variables","status":"passed","title":"should list environment variables","duration":0.5622640000656247,"failureMessages":[],"meta":{}},{"ancestorTitles":["System Module Integration Tests","Health Checks"],"fullName":"System Module Integration Tests Health Checks should check database health","status":"passed","title":"should check database health","duration":0.6170939998701215,"failureMessages":[],"meta":{}},{"ancestorTitles":["System Module Integration Tests","Health Checks"],"fullName":"System Module Integration Tests Health Checks should verify module health","status":"passed","title":"should verify module health","duration":0.5696450006216764,"failureMessages":[],"meta":{}},{"ancestorTitles":["System Module Integration Tests","Health Checks"],"fullName":"System Module Integration Tests Health Checks should generate health reports","status":"failed","title":"should generate health reports","duration":1774.9807630004361,"failureMessages":["AssertionError: expected 1 to be +0 // Object.is equality\n    at /var/www/html/systemprompt-os/tests/integration/modules/core/system/system.integration.test.ts:215:31\n    at processTicksAndRejections (node:internal/process/task_queues:95:5)\n    at file:///var/www/html/systemprompt-os/node_modules/@vitest/runner/dist/index.js:533:5\n    at runTest (file:///var/www/html/systemprompt-os/node_modules/@vitest/runner/dist/index.js:1056:11)\n    at runSuite (file:///var/www/html/systemprompt-os/node_modules/@vitest/runner/dist/index.js:1205:15)\n    at runSuite (file:///var/www/html/systemprompt-os/node_modules/@vitest/runner/dist/index.js:1205:15)\n    at runSuite (file:///var/www/html/systemprompt-os/node_modules/@vitest/runner/dist/index.js:1205:15)\n    at runFiles (file:///var/www/html/systemprompt-os/node_modules/@vitest/runner/dist/index.js:1262:5)\n    at startTests (file:///var/www/html/systemprompt-os/node_modules/@vitest/runner/dist/index.js:1271:3)\n    at file:///var/www/html/systemprompt-os/node_modules/vitest/dist/chunks/runBaseTests.3qpJUEJM.js:126:11"],"meta":{}},{"ancestorTitles":["System Module Integration Tests","System Management"],"fullName":"System Module Integration Tests System Management should manage system settings","status":"passed","title":"should manage system settings","duration":0.71308199968189,"failureMessages":[],"meta":{}},{"ancestorTitles":["System Module Integration Tests","System Management"],"fullName":"System Module Integration Tests System Management should handle system operations","status":"passed","title":"should handle system operations","duration":0.5463749999180436,"failureMessages":[],"meta":{}},{"ancestorTitles":["System Module Integration Tests","System Management"],"fullName":"System Module Integration Tests System Management should provide system state information","status":"passed","title":"should provide system state information","duration":0.6647539995610714,"failureMessages":[],"meta":{}},{"ancestorTitles":["System Module Integration Tests","Resource Management"],"fullName":"System Module Integration Tests Resource Management should track system resources","status":"passed","title":"should track system resources","duration":0.6428530002012849,"failureMessages":[],"meta":{}},{"ancestorTitles":["System Module Integration Tests","Resource Management"],"fullName":"System Module Integration Tests Resource Management should monitor system performance","status":"passed","title":"should monitor system performance","duration":0.4698349991813302,"failureMessages":[],"meta":{}},{"ancestorTitles":["System Module Integration Tests","Database Integration"],"fullName":"System Module Integration Tests Database Integration should integrate with database for system data","status":"passed","title":"should integrate with database for system data","duration":0.605494000017643,"failureMessages":[],"meta":{}},{"ancestorTitles":["System Module Integration Tests","Database Integration"],"fullName":"System Module Integration Tests Database Integration should store system statistics","status":"passed","title":"should store system statistics","duration":0.6876729996874928,"failureMessages":[],"meta":{}},{"ancestorTitles":["System Module Integration Tests","CLI Commands"],"fullName":"System Module Integration Tests CLI Commands should show system status","status":"passed","title":"should show system status","duration":1573.1006229994819,"failureMessages":[],"meta":{}},{"ancestorTitles":["System Module Integration Tests","CLI Commands"],"fullName":"System Module Integration Tests CLI Commands should display system information","status":"failed","title":"should display system information","duration":1692.9317589998245,"failureMessages":["AssertionError: expected 1 to be +0 // Object.is equality\n    at /var/www/html/systemprompt-os/tests/integration/modules/core/system/system.integration.test.ts:333:31\n    at processTicksAndRejections (node:internal/process/task_queues:95:5)\n    at file:///var/www/html/systemprompt-os/node_modules/@vitest/runner/dist/index.js:533:5\n    at runTest (file:///var/www/html/systemprompt-os/node_modules/@vitest/runner/dist/index.js:1056:11)\n    at runSuite (file:///var/www/html/systemprompt-os/node_modules/@vitest/runner/dist/index.js:1205:15)\n    at runSuite (file:///var/www/html/systemprompt-os/node_modules/@vitest/runner/dist/index.js:1205:15)\n    at runSuite (file:///var/www/html/systemprompt-os/node_modules/@vitest/runner/dist/index.js:1205:15)\n    at runFiles (file:///var/www/html/systemprompt-os/node_modules/@vitest/runner/dist/index.js:1262:5)\n    at startTests (file:///var/www/html/systemprompt-os/node_modules/@vitest/runner/dist/index.js:1271:3)\n    at file:///var/www/html/systemprompt-os/node_modules/vitest/dist/chunks/runBaseTests.3qpJUEJM.js:126:11"],"meta":{}},{"ancestorTitles":["System Module Integration Tests","CLI Commands"],"fullName":"System Module Integration Tests CLI Commands should show module statistics","status":"passed","title":"should show module statistics","duration":1545.3274299995974,"failureMessages":[],"meta":{}}],"startTime":1753863252427,"endTime":1753863260799.3274,"status":"failed","message":"","name":"/var/www/html/systemprompt-os/tests/integration/modules/core/system/system.integration.test.ts"},{"assertionResults":[{"ancestorTitles":["Tasks Module Integration Tests","Module Bootstrap"],"fullName":"Tasks Module Integration Tests Module Bootstrap should load tasks module during bootstrap","status":"passed","title":"should load tasks module during bootstrap","duration":3.135528000071645,"failureMessages":[],"meta":{}},{"ancestorTitles":["Tasks Module Integration Tests","Module Bootstrap"],"fullName":"Tasks Module Integration Tests Module Bootstrap should execute tasks status command","status":"passed","title":"should execute tasks status command","duration":1917.0847310004756,"failureMessages":[],"meta":{}},{"ancestorTitles":["Tasks Module Integration Tests","Task Lifecycle"],"fullName":"Tasks Module Integration Tests Task Lifecycle should create task without knowing about agents","status":"passed","title":"should create task without knowing about agents","duration":2.1756480000913143,"failureMessages":[],"meta":{}},{"ancestorTitles":["Tasks Module Integration Tests","Task Lifecycle"],"fullName":"Tasks Module Integration Tests Task Lifecycle should create a task to write a unit test","status":"passed","title":"should create a task to write a unit test","duration":1741.8741959994659,"failureMessages":[],"meta":{}},{"ancestorTitles":["Tasks Module Integration Tests","Task Lifecycle"],"fullName":"Tasks Module Integration Tests Task Lifecycle should list tasks including created task","status":"passed","title":"should list tasks including created task","duration":1648.2724050004035,"failureMessages":[],"meta":{}},{"ancestorTitles":["Tasks Module Integration Tests","Task Lifecycle"],"fullName":"Tasks Module Integration Tests Task Lifecycle should handle task operations through service","status":"passed","title":"should handle task operations through service","duration":0.8018220001831651,"failureMessages":[],"meta":{}},{"ancestorTitles":["Tasks Module Integration Tests","Task Status Management"],"fullName":"Tasks Module Integration Tests Task Status Management should update task status to pending","status":"passed","title":"should update task status to pending","duration":1712.1736810002476,"failureMessages":[],"meta":{}},{"ancestorTitles":["Tasks Module Integration Tests","Task Status Management"],"fullName":"Tasks Module Integration Tests Task Status Management should update task with result and completion status","status":"passed","title":"should update task with result and completion status","duration":1498.3641260005534,"failureMessages":[],"meta":{}},{"ancestorTitles":["Tasks Module Integration Tests","Task Status Management"],"fullName":"Tasks Module Integration Tests Task Status Management should handle status transitions","status":"passed","title":"should handle status transitions","duration":0.8832609998062253,"failureMessages":[],"meta":{}},{"ancestorTitles":["Tasks Module Integration Tests","Task Execution"],"fullName":"Tasks Module Integration Tests Task Execution should handle task execution with clean interfaces","status":"passed","title":"should handle task execution with clean interfaces","duration":0.7346430001780391,"failureMessages":[],"meta":{}},{"ancestorTitles":["Tasks Module Integration Tests","Task Execution"],"fullName":"Tasks Module Integration Tests Task Execution should track task progress","status":"passed","title":"should track task progress","duration":0.7195030003786087,"failureMessages":[],"meta":{}},{"ancestorTitles":["Tasks Module Integration Tests","Database Integration"],"fullName":"Tasks Module Integration Tests Database Integration should integrate with database for task storage","status":"passed","title":"should integrate with database for task storage","duration":0.64372400008142,"failureMessages":[],"meta":{}},{"ancestorTitles":["Tasks Module Integration Tests","Database Integration"],"fullName":"Tasks Module Integration Tests Database Integration should handle task data operations","status":"passed","title":"should handle task data operations","duration":0.7010229993611574,"failureMessages":[],"meta":{}},{"ancestorTitles":["Tasks Module Integration Tests","CLI Commands"],"fullName":"Tasks Module Integration Tests CLI Commands should list tasks","status":"passed","title":"should list tasks","duration":1375.0582560002804,"failureMessages":[],"meta":{}},{"ancestorTitles":["Tasks Module Integration Tests","CLI Commands"],"fullName":"Tasks Module Integration Tests CLI Commands should handle task management commands","status":"passed","title":"should handle task management commands","duration":1180.5621030004695,"failureMessages":[],"meta":{}}],"startTime":1753863252327,"endTime":1753863263411.562,"status":"passed","message":"","name":"/var/www/html/systemprompt-os/tests/integration/modules/core/tasks/tasks.integration.test.ts"},{"assertionResults":[{"ancestorTitles":["Users Module Integration Tests","Module Bootstrap"],"fullName":"Users Module Integration Tests Module Bootstrap should load users module during bootstrap","status":"passed","title":"should load users module during bootstrap","duration":2.84082099981606,"failureMessages":[],"meta":{}},{"ancestorTitles":["Users Module Integration Tests","Module Bootstrap"],"fullName":"Users Module Integration Tests Module Bootstrap should execute users status command","status":"passed","title":"should execute users status command","duration":1944.4156600004062,"failureMessages":[],"meta":{}},{"ancestorTitles":["Users Module Integration Tests","User Management"],"fullName":"Users Module Integration Tests User Management should create new users","status":"passed","title":"should create new users","duration":1666.1680180002004,"failureMessages":[],"meta":{}},{"ancestorTitles":["Users Module Integration Tests","User Management"],"fullName":"Users Module Integration Tests User Management should update user profiles","status":"passed","title":"should update user profiles","duration":3374.9159090006724,"failureMessages":[],"meta":{}},{"ancestorTitles":["Users Module Integration Tests","User Management"],"fullName":"Users Module Integration Tests User Management should list users","status":"passed","title":"should list users","duration":1446.9645799994469,"failureMessages":[],"meta":{}},{"ancestorTitles":["Users Module Integration Tests","User Management"],"fullName":"Users Module Integration Tests User Management should handle duplicate emails","status":"passed","title":"should handle duplicate emails","duration":2684.1228130003437,"failureMessages":[],"meta":{}},{"ancestorTitles":["Users Module Integration Tests","User Service Operations"],"fullName":"Users Module Integration Tests User Service Operations should handle user operations through service","status":"passed","title":"should handle user operations through service","duration":0.882681000046432,"failureMessages":[],"meta":{}},{"ancestorTitles":["Users Module Integration Tests","User Service Operations"],"fullName":"Users Module Integration Tests User Service Operations should create users through service","status":"passed","title":"should create users through service","duration":1.6537229996174574,"failureMessages":[],"meta":{}},{"ancestorTitles":["Users Module Integration Tests","User Service Operations"],"fullName":"Users Module Integration Tests User Service Operations should update users through service","status":"passed","title":"should update users through service","duration":2.5356850000098348,"failureMessages":[],"meta":{}},{"ancestorTitles":["Users Module Integration Tests","Profile Management"],"fullName":"Users Module Integration Tests Profile Management should handle user preferences","status":"passed","title":"should handle user preferences","duration":0.5578640000894666,"failureMessages":[],"meta":{}},{"ancestorTitles":["Users Module Integration Tests","Profile Management"],"fullName":"Users Module Integration Tests Profile Management should manage user settings","status":"passed","title":"should manage user settings","duration":0.4781950004398823,"failureMessages":[],"meta":{}},{"ancestorTitles":["Users Module Integration Tests","Profile Management"],"fullName":"Users Module Integration Tests Profile Management should validate profile data","status":"passed","title":"should validate profile data","duration":1143.490570999682,"failureMessages":[],"meta":{}},{"ancestorTitles":["Users Module Integration Tests","Database Integration"],"fullName":"Users Module Integration Tests Database Integration should integrate with database for user storage","status":"passed","title":"should integrate with database for user storage","duration":0.841041000559926,"failureMessages":[],"meta":{}},{"ancestorTitles":["Users Module Integration Tests","Database Integration"],"fullName":"Users Module Integration Tests Database Integration should handle user data operations","status":"passed","title":"should handle user data operations","duration":0.516805000603199,"failureMessages":[],"meta":{}},{"ancestorTitles":["Users Module Integration Tests","Database Integration"],"fullName":"Users Module Integration Tests Database Integration should store user preferences","status":"passed","title":"should store user preferences","duration":0.4098659995943308,"failureMessages":[],"meta":{}},{"ancestorTitles":["Users Module Integration Tests","CLI Commands"],"fullName":"Users Module Integration Tests CLI Commands should list users via CLI","status":"passed","title":"should list users via CLI","duration":1024.6199739994481,"failureMessages":[],"meta":{}},{"ancestorTitles":["Users Module Integration Tests","CLI Commands"],"fullName":"Users Module Integration Tests CLI Commands should get user details","status":"passed","title":"should get user details","duration":1033.4828810002655,"failureMessages":[],"meta":{}},{"ancestorTitles":["Users Module Integration Tests","CLI Commands"],"fullName":"Users Module Integration Tests CLI Commands should handle user management commands","status":"passed","title":"should handle user management commands","duration":1040.664988999255,"failureMessages":[],"meta":{}}],"startTime":1753863252389,"endTime":1753863267759.665,"status":"passed","message":"","name":"/var/www/html/systemprompt-os/tests/integration/modules/core/users/users.integration.test.ts"},{"assertionResults":[{"ancestorTitles":["Webhooks Module Integration Tests","Module Bootstrap"],"fullName":"Webhooks Module Integration Tests Module Bootstrap should attempt to load webhooks module during bootstrap","status":"passed","title":"should attempt to load webhooks module during bootstrap","duration":1.9477509995922446,"failureMessages":[],"meta":{}},{"ancestorTitles":["Webhooks Module Integration Tests","Module Bootstrap"],"fullName":"Webhooks Module Integration Tests Module Bootstrap should handle webhooks module gracefully if not available","status":"passed","title":"should handle webhooks module gracefully if not available","duration":1814.1885810000822,"failureMessages":[],"meta":{}},{"ancestorTitles":["Webhooks Module Integration Tests","Webhook Registration"],"fullName":"Webhooks Module Integration Tests Webhook Registration should handle webhook registration setup","status":"passed","title":"should handle webhook registration setup","duration":0.6327630002051592,"failureMessages":[],"meta":{}},{"ancestorTitles":["Webhooks Module Integration Tests","Webhook Registration"],"fullName":"Webhooks Module Integration Tests Webhook Registration should validate webhook URLs","status":"passed","title":"should validate webhook URLs","duration":0.44625499937683344,"failureMessages":[],"meta":{}},{"ancestorTitles":["Webhooks Module Integration Tests","Webhook Registration"],"fullName":"Webhooks Module Integration Tests Webhook Registration should manage webhook secrets","status":"passed","title":"should manage webhook secrets","duration":0.43805599957704544,"failureMessages":[],"meta":{}},{"ancestorTitles":["Webhooks Module Integration Tests","Event Delivery"],"fullName":"Webhooks Module Integration Tests Event Delivery should handle event delivery setup","status":"passed","title":"should handle event delivery setup","duration":0.38481600023806095,"failureMessages":[],"meta":{}},{"ancestorTitles":["Webhooks Module Integration Tests","Event Delivery"],"fullName":"Webhooks Module Integration Tests Event Delivery should handle delivery operations","status":"passed","title":"should handle delivery operations","duration":0.5746440002694726,"failureMessages":[],"meta":{}},{"ancestorTitles":["Webhooks Module Integration Tests","Event Delivery"],"fullName":"Webhooks Module Integration Tests Event Delivery should implement retry logic","status":"passed","title":"should implement retry logic","duration":0.5461339997127652,"failureMessages":[],"meta":{}},{"ancestorTitles":["Webhooks Module Integration Tests","Monitoring"],"fullName":"Webhooks Module Integration Tests Monitoring should track delivery status","status":"passed","title":"should track delivery status","duration":0.5081750005483627,"failureMessages":[],"meta":{}},{"ancestorTitles":["Webhooks Module Integration Tests","Monitoring"],"fullName":"Webhooks Module Integration Tests Monitoring should handle monitoring setup","status":"passed","title":"should handle monitoring setup","duration":0.44113600067794323,"failureMessages":[],"meta":{}},{"ancestorTitles":["Webhooks Module Integration Tests","Monitoring"],"fullName":"Webhooks Module Integration Tests Monitoring should calculate success rates","status":"passed","title":"should calculate success rates","duration":0.3995459992438555,"failureMessages":[],"meta":{}},{"ancestorTitles":["Webhooks Module Integration Tests","Database Integration"],"fullName":"Webhooks Module Integration Tests Database Integration should integrate with database for webhook storage","status":"passed","title":"should integrate with database for webhook storage","duration":0.5193150006234646,"failureMessages":[],"meta":{}},{"ancestorTitles":["Webhooks Module Integration Tests","Database Integration"],"fullName":"Webhooks Module Integration Tests Database Integration should handle webhook data operations","status":"passed","title":"should handle webhook data operations","duration":0.4777549998834729,"failureMessages":[],"meta":{}},{"ancestorTitles":["Webhooks Module Integration Tests","Security"],"fullName":"Webhooks Module Integration Tests Security should handle webhook security","status":"passed","title":"should handle webhook security","duration":0.4281259998679161,"failureMessages":[],"meta":{}},{"ancestorTitles":["Webhooks Module Integration Tests","Security"],"fullName":"Webhooks Module Integration Tests Security should sign webhook payloads","status":"passed","title":"should sign webhook payloads","duration":0.4299159999936819,"failureMessages":[],"meta":{}},{"ancestorTitles":["Webhooks Module Integration Tests","Service Integration"],"fullName":"Webhooks Module Integration Tests Service Integration should integrate with other system services","status":"passed","title":"should integrate with other system services","duration":0.4781649997457862,"failureMessages":[],"meta":{}},{"ancestorTitles":["Webhooks Module Integration Tests","Service Integration"],"fullName":"Webhooks Module Integration Tests Service Integration should provide webhook services to other modules","status":"passed","title":"should provide webhook services to other modules","duration":0.5476839998736978,"failureMessages":[],"meta":{}},{"ancestorTitles":["Webhooks Module Integration Tests","CLI Integration"],"fullName":"Webhooks Module Integration Tests CLI Integration should handle webhook CLI operations","status":"passed","title":"should handle webhook CLI operations","duration":1782.9035200001672,"failureMessages":[],"meta":{}}],"startTime":1753863252221,"endTime":1753863255828.9036,"status":"passed","message":"","name":"/var/www/html/systemprompt-os/tests/integration/modules/core/webhooks/webhooks.integration.test.ts"}]}