{"numTotalTestSuites":48,"numPassedTestSuites":17,"numFailedTestSuites":31,"numPendingTestSuites":0,"numTotalTests":106,"numPassedTests":56,"numFailedTests":50,"numPendingTests":0,"numTodoTests":0,"snapshot":{"added":0,"failure":false,"filesAdded":0,"filesRemoved":0,"filesRemovedList":[],"filesUnmatched":0,"filesUpdated":0,"matched":0,"total":0,"unchecked":0,"uncheckedKeysByFile":[],"unmatched":0,"updated":0,"didUpdate":false},"startTime":1753698466634,"success":false,"testResults":[{"assertionResults":[{"ancestorTitles":["Local E2E: CLI Tools and Commands","CLI Basic Commands"],"fullName":"Local E2E: CLI Tools and Commands CLI Basic Commands should show help information","status":"passed","title":"should show help information","duration":1196.339463999495,"failureMessages":[],"meta":{}},{"ancestorTitles":["Local E2E: CLI Tools and Commands","CLI Basic Commands"],"fullName":"Local E2E: CLI Tools and Commands CLI Basic Commands should show version information","status":"passed","title":"should show version information","duration":1165.3069800008088,"failureMessages":[],"meta":{}},{"ancestorTitles":["Local E2E: CLI Tools and Commands","Configuration Management"],"fullName":"Local E2E: CLI Tools and Commands Configuration Management should get configuration values","status":"passed","title":"should get configuration values","duration":1142.9316459987313,"failureMessages":[],"meta":{}},{"ancestorTitles":["Local E2E: CLI Tools and Commands","Configuration Management"],"fullName":"Local E2E: CLI Tools and Commands Configuration Management should list all configuration values","status":"passed","title":"should list all configuration values","duration":1171.7487879991531,"failureMessages":[],"meta":{}},{"ancestorTitles":["Local E2E: CLI Tools and Commands","Key Generation"],"fullName":"Local E2E: CLI Tools and Commands Key Generation should generate a new JWT key","status":"failed","title":"should generate a new JWT key","duration":1287.3012140002102,"failureMessages":["AssertionError: expected 'Generating default keys in default fo…' to contain '/app/state/auth/keys'\n    at /var/www/html/systemprompt-os/tests/e2e/local/cli/cli-tools-and-commands.local.e2e.test.ts:50:22\n    at processTicksAndRejections (node:internal/process/task_queues:95:5)\n    at file:///var/www/html/systemprompt-os/node_modules/@vitest/runner/dist/index.js:533:5\n    at runTest (file:///var/www/html/systemprompt-os/node_modules/@vitest/runner/dist/index.js:1056:11)\n    at runSuite (file:///var/www/html/systemprompt-os/node_modules/@vitest/runner/dist/index.js:1205:15)\n    at runSuite (file:///var/www/html/systemprompt-os/node_modules/@vitest/runner/dist/index.js:1205:15)\n    at runSuite (file:///var/www/html/systemprompt-os/node_modules/@vitest/runner/dist/index.js:1205:15)\n    at runFiles (file:///var/www/html/systemprompt-os/node_modules/@vitest/runner/dist/index.js:1262:5)\n    at startTests (file:///var/www/html/systemprompt-os/node_modules/@vitest/runner/dist/index.js:1271:3)\n    at file:///var/www/html/systemprompt-os/node_modules/vitest/dist/chunks/runBaseTests.3qpJUEJM.js:126:11"],"meta":{}},{"ancestorTitles":["Local E2E: CLI Tools and Commands","Service Status"],"fullName":"Local E2E: CLI Tools and Commands Service Status should show service status","status":"passed","title":"should show service status","duration":1082.2994389999658,"failureMessages":[],"meta":{}},{"ancestorTitles":["Local E2E: CLI Tools and Commands","Service Status"],"fullName":"Local E2E: CLI Tools and Commands Service Status should show module status","status":"passed","title":"should show module status","duration":1049.09837000072,"failureMessages":[],"meta":{}},{"ancestorTitles":["Local E2E: CLI Tools and Commands","Help Command"],"fullName":"Local E2E: CLI Tools and Commands Help Command should show help for specific commands","status":"passed","title":"should show help for specific commands","duration":1056.4776490014046,"failureMessages":[],"meta":{}},{"ancestorTitles":["Local E2E: CLI Tools and Commands","Error Handling"],"fullName":"Local E2E: CLI Tools and Commands Error Handling should handle invalid commands gracefully","status":"passed","title":"should handle invalid commands gracefully","duration":1059.0779110006988,"failureMessages":[],"meta":{}},{"ancestorTitles":["Local E2E: CLI Tools and Commands","Error Handling"],"fullName":"Local E2E: CLI Tools and Commands Error Handling should handle missing required arguments","status":"passed","title":"should handle missing required arguments","duration":1077.827074000612,"failureMessages":[],"meta":{}}],"startTime":1753698589140,"endTime":1753698600427.8271,"status":"failed","message":"","name":"/var/www/html/systemprompt-os/tests/e2e/local/cli/cli-tools-and-commands.local.e2e.test.ts"},{"assertionResults":[{"ancestorTitles":["Local E2E: Agents CLI Functionality","Agent Creation"],"fullName":"Local E2E: Agents CLI Functionality Agent Creation should create a new agent with all required fields","status":"failed","title":"should create a new agent with all required fields","duration":1052.432523000054,"failureMessages":["Error: Command failed with code 1: agents create --name test-agent --description Test agent description --instructions Process data and generate reports --type worker --capabilities data-processing,report-generation --tools calculator,formatter\n    at ChildProcess.<anonymous> (/var/www/html/systemprompt-os/tests/e2e/local/shared/bootstrap.ts:189:23)\n    at ChildProcess.emit (node:events:517:28)\n    at maybeClose (node:internal/child_process:1098:16)\n    at Process.ChildProcess._handle.onexit (node:internal/child_process:303:5)"],"meta":{}},{"ancestorTitles":["Local E2E: Agents CLI Functionality","Agent Creation"],"fullName":"Local E2E: Agents CLI Functionality Agent Creation should create agent with minimal required fields","status":"failed","title":"should create agent with minimal required fields","duration":1068.034433000721,"failureMessages":["Error: Command failed with code 1: agents create --name minimal-agent --description Minimal test --instructions Basic instructions --type worker\n    at ChildProcess.<anonymous> (/var/www/html/systemprompt-os/tests/e2e/local/shared/bootstrap.ts:189:23)\n    at ChildProcess.emit (node:events:517:28)\n    at maybeClose (node:internal/child_process:1098:16)\n    at Process.ChildProcess._handle.onexit (node:internal/child_process:303:5)"],"meta":{}},{"ancestorTitles":["Local E2E: Agents CLI Functionality","Agent Creation"],"fullName":"Local E2E: Agents CLI Functionality Agent Creation should fail with missing required fields","status":"passed","title":"should fail with missing required fields","duration":1063.1817250000313,"failureMessages":[],"meta":{}},{"ancestorTitles":["Local E2E: Agents CLI Functionality","Agent Creation"],"fullName":"Local E2E: Agents CLI Functionality Agent Creation should fail with invalid agent type","status":"passed","title":"should fail with invalid agent type","duration":1091.0709710000083,"failureMessages":[],"meta":{}},{"ancestorTitles":["Local E2E: Agents CLI Functionality","Agent Creation"],"fullName":"Local E2E: Agents CLI Functionality Agent Creation should create agent with JSON configuration","status":"failed","title":"should create agent with JSON configuration","duration":1072.693118000403,"failureMessages":["Error: Command failed with code 1: agents create --name config-agent --description Agent with config --instructions Do tasks --type monitor --config '{maxTasks:10,timeout:30000}'\n    at ChildProcess.<anonymous> (/var/www/html/systemprompt-os/tests/e2e/local/shared/bootstrap.ts:189:23)\n    at ChildProcess.emit (node:events:517:28)\n    at maybeClose (node:internal/child_process:1098:16)\n    at Process.ChildProcess._handle.onexit (node:internal/child_process:303:5)"],"meta":{}},{"ancestorTitles":["Local E2E: Agents CLI Functionality","Agent Listing and Filtering"],"fullName":"Local E2E: Agents CLI Functionality Agent Listing and Filtering should list all agents","status":"failed","title":"should list all agents","duration":1043.3915879996493,"failureMessages":["Error: Command failed with code 1: agents create --name list-agent-1 --description First agent --instructions Instructions 1 --type worker\n    at ChildProcess.<anonymous> (/var/www/html/systemprompt-os/tests/e2e/local/shared/bootstrap.ts:189:23)\n    at ChildProcess.emit (node:events:517:28)\n    at maybeClose (node:internal/child_process:1098:16)\n    at Process.ChildProcess._handle.onexit (node:internal/child_process:303:5)"],"meta":{}},{"ancestorTitles":["Local E2E: Agents CLI Functionality","Agent Listing and Filtering"],"fullName":"Local E2E: Agents CLI Functionality Agent Listing and Filtering should list agents in JSON format","status":"passed","title":"should list agents in JSON format","duration":1015.6224360000342,"failureMessages":[],"meta":{}},{"ancestorTitles":["Local E2E: Agents CLI Functionality","Agent Listing and Filtering"],"fullName":"Local E2E: Agents CLI Functionality Agent Listing and Filtering should filter agents by status","status":"failed","title":"should filter agents by status","duration":1071.5709990002215,"failureMessages":["Error: Command failed with code 1: agents create --name status-filter-agent --description Status test --instructions Instructions --type worker\n    at ChildProcess.<anonymous> (/var/www/html/systemprompt-os/tests/e2e/local/shared/bootstrap.ts:189:23)\n    at ChildProcess.emit (node:events:517:28)\n    at maybeClose (node:internal/child_process:1098:16)\n    at Process.ChildProcess._handle.onexit (node:internal/child_process:303:5)"],"meta":{}},{"ancestorTitles":["Local E2E: Agents CLI Functionality","Agent Listing and Filtering"],"fullName":"Local E2E: Agents CLI Functionality Agent Listing and Filtering should handle empty agent list gracefully","status":"failed","title":"should handle empty agent list gracefully","duration":3203.120103000663,"failureMessages":["AssertionError: expected '\\nListing Agents\\n──────────────\\nID …' to match /no agents|empty|none found/i\n    at /var/www/html/systemprompt-os/tests/e2e/local/modules/core/agents-cli-functionality.local.e2e.test.ts:114:22\n    at processTicksAndRejections (node:internal/process/task_queues:95:5)\n    at file:///var/www/html/systemprompt-os/node_modules/@vitest/runner/dist/index.js:533:5\n    at runTest (file:///var/www/html/systemprompt-os/node_modules/@vitest/runner/dist/index.js:1056:11)\n    at runSuite (file:///var/www/html/systemprompt-os/node_modules/@vitest/runner/dist/index.js:1205:15)\n    at runSuite (file:///var/www/html/systemprompt-os/node_modules/@vitest/runner/dist/index.js:1205:15)\n    at runSuite (file:///var/www/html/systemprompt-os/node_modules/@vitest/runner/dist/index.js:1205:15)\n    at runFiles (file:///var/www/html/systemprompt-os/node_modules/@vitest/runner/dist/index.js:1262:5)\n    at startTests (file:///var/www/html/systemprompt-os/node_modules/@vitest/runner/dist/index.js:1271:3)\n    at file:///var/www/html/systemprompt-os/node_modules/vitest/dist/chunks/runBaseTests.3qpJUEJM.js:126:11"],"meta":{}},{"ancestorTitles":["Local E2E: Agents CLI Functionality","Agent Details and Information"],"fullName":"Local E2E: Agents CLI Functionality Agent Details and Information should show agent details by name","status":"failed","title":"should show agent details by name","duration":1075.1821050001308,"failureMessages":["Error: Command failed with code 1: agents create --name detail-agent --description Detail test agent --instructions Test instructions --type monitor --capabilities cap1 cap2 --tools tool1 tool2\n    at ChildProcess.<anonymous> (/var/www/html/systemprompt-os/tests/e2e/local/shared/bootstrap.ts:189:23)\n    at ChildProcess.emit (node:events:517:28)\n    at maybeClose (node:internal/child_process:1098:16)\n    at Process.ChildProcess._handle.onexit (node:internal/child_process:303:5)"],"meta":{}},{"ancestorTitles":["Local E2E: Agents CLI Functionality","Agent Details and Information"],"fullName":"Local E2E: Agents CLI Functionality Agent Details and Information should show agent details by ID","status":"failed","title":"should show agent details by ID","duration":1073.413813000545,"failureMessages":["Error: Command failed with code 1: agents create --name id-agent --description ID test --instructions Instructions --type worker --format json\n    at ChildProcess.<anonymous> (/var/www/html/systemprompt-os/tests/e2e/local/shared/bootstrap.ts:189:23)\n    at ChildProcess.emit (node:events:517:28)\n    at maybeClose (node:internal/child_process:1098:16)\n    at Process.ChildProcess._handle.onexit (node:internal/child_process:303:5)"],"meta":{}},{"ancestorTitles":["Local E2E: Agents CLI Functionality","Agent Details and Information"],"fullName":"Local E2E: Agents CLI Functionality Agent Details and Information should fail for non-existent agent","status":"passed","title":"should fail for non-existent agent","duration":1067.6203469997272,"failureMessages":[],"meta":{}},{"ancestorTitles":["Local E2E: Agents CLI Functionality","Agent Updates"],"fullName":"Local E2E: Agents CLI Functionality Agent Updates should update agent name","status":"failed","title":"should update agent name","duration":1043.515406000428,"failureMessages":["Error: Command failed with code 1: agents create --name update-name-test --description Original --instructions Original instructions --type worker\n    at ChildProcess.<anonymous> (/var/www/html/systemprompt-os/tests/e2e/local/shared/bootstrap.ts:189:23)\n    at ChildProcess.emit (node:events:517:28)\n    at maybeClose (node:internal/child_process:1098:16)\n    at Process.ChildProcess._handle.onexit (node:internal/child_process:303:5)"],"meta":{}},{"ancestorTitles":["Local E2E: Agents CLI Functionality","Agent Updates"],"fullName":"Local E2E: Agents CLI Functionality Agent Updates should update agent description","status":"failed","title":"should update agent description","duration":1054.9818649999797,"failureMessages":["Error: Command failed with code 1: agents create --name update-desc-test --description Original description --instructions Instructions --type worker\n    at ChildProcess.<anonymous> (/var/www/html/systemprompt-os/tests/e2e/local/shared/bootstrap.ts:189:23)\n    at ChildProcess.emit (node:events:517:28)\n    at maybeClose (node:internal/child_process:1098:16)\n    at Process.ChildProcess._handle.onexit (node:internal/child_process:303:5)"],"meta":{}},{"ancestorTitles":["Local E2E: Agents CLI Functionality","Agent Updates"],"fullName":"Local E2E: Agents CLI Functionality Agent Updates should update agent status","status":"failed","title":"should update agent status","duration":1051.6846469994634,"failureMessages":["Error: Command failed with code 1: agents create --name update-status-test --description Status test --instructions Instructions --type worker\n    at ChildProcess.<anonymous> (/var/www/html/systemprompt-os/tests/e2e/local/shared/bootstrap.ts:189:23)\n    at ChildProcess.emit (node:events:517:28)\n    at maybeClose (node:internal/child_process:1098:16)\n    at Process.ChildProcess._handle.onexit (node:internal/child_process:303:5)"],"meta":{}},{"ancestorTitles":["Local E2E: Agents CLI Functionality","Agent Updates"],"fullName":"Local E2E: Agents CLI Functionality Agent Updates should update multiple fields at once","status":"failed","title":"should update multiple fields at once","duration":1089.4273209990934,"failureMessages":["Error: Command failed with code 1: agents create --name multi-update-test --description Original desc --instructions Original inst --type worker\n    at ChildProcess.<anonymous> (/var/www/html/systemprompt-os/tests/e2e/local/shared/bootstrap.ts:189:23)\n    at ChildProcess.emit (node:events:517:28)\n    at maybeClose (node:internal/child_process:1098:16)\n    at Process.ChildProcess._handle.onexit (node:internal/child_process:303:5)"],"meta":{}},{"ancestorTitles":["Local E2E: Agents CLI Functionality","Agent Updates"],"fullName":"Local E2E: Agents CLI Functionality Agent Updates should fail for non-existent agent update","status":"passed","title":"should fail for non-existent agent update","duration":1044.3372579999268,"failureMessages":[],"meta":{}},{"ancestorTitles":["Local E2E: Agents CLI Functionality","Agent Updates"],"fullName":"Local E2E: Agents CLI Functionality Agent Updates should update agent configuration","status":"failed","title":"should update agent configuration","duration":1084.2531329998747,"failureMessages":["Error: Command failed with code 1: agents create --name config-update-test --description Config test --instructions Instructions --type worker\n    at ChildProcess.<anonymous> (/var/www/html/systemprompt-os/tests/e2e/local/shared/bootstrap.ts:189:23)\n    at ChildProcess.emit (node:events:517:28)\n    at maybeClose (node:internal/child_process:1098:16)\n    at Process.ChildProcess._handle.onexit (node:internal/child_process:303:5)"],"meta":{}},{"ancestorTitles":["Local E2E: Agents CLI Functionality","Agent Deletion"],"fullName":"Local E2E: Agents CLI Functionality Agent Deletion should delete agent by name","status":"failed","title":"should delete agent by name","duration":1040.339007999748,"failureMessages":["Error: Command failed with code 1: agents create --name delete-test-agent --description To be deleted --instructions Instructions --type worker\n    at ChildProcess.<anonymous> (/var/www/html/systemprompt-os/tests/e2e/local/shared/bootstrap.ts:189:23)\n    at ChildProcess.emit (node:events:517:28)\n    at maybeClose (node:internal/child_process:1098:16)\n    at Process.ChildProcess._handle.onexit (node:internal/child_process:303:5)"],"meta":{}},{"ancestorTitles":["Local E2E: Agents CLI Functionality","Agent Deletion"],"fullName":"Local E2E: Agents CLI Functionality Agent Deletion should fail for non-existent agent deletion","status":"passed","title":"should fail for non-existent agent deletion","duration":1030.4618730004877,"failureMessages":[],"meta":{}},{"ancestorTitles":["Local E2E: Agents CLI Functionality","Agent Deletion"],"fullName":"Local E2E: Agents CLI Functionality Agent Deletion should confirm deletion with force flag","status":"failed","title":"should confirm deletion with force flag","duration":1071.3243490001187,"failureMessages":["Error: Command failed with code 1: agents create --name force-delete-test --description Force delete test --instructions Instructions --type worker\n    at ChildProcess.<anonymous> (/var/www/html/systemprompt-os/tests/e2e/local/shared/bootstrap.ts:189:23)\n    at ChildProcess.emit (node:events:517:28)\n    at maybeClose (node:internal/child_process:1098:16)\n    at Process.ChildProcess._handle.onexit (node:internal/child_process:303:5)"],"meta":{}},{"ancestorTitles":["Local E2E: Agents CLI Functionality","Database Persistence and State Management"],"fullName":"Local E2E: Agents CLI Functionality Database Persistence and State Management should persist agents across CLI invocations","status":"failed","title":"should persist agents across CLI invocations","duration":1080.7048250008374,"failureMessages":["Error: Command failed with code 1: agents create --name persist-test-1 --description First persistent --instructions Instructions 1 --type worker\n    at ChildProcess.<anonymous> (/var/www/html/systemprompt-os/tests/e2e/local/shared/bootstrap.ts:189:23)\n    at ChildProcess.emit (node:events:517:28)\n    at maybeClose (node:internal/child_process:1098:16)\n    at Process.ChildProcess._handle.onexit (node:internal/child_process:303:5)"],"meta":{}},{"ancestorTitles":["Local E2E: Agents CLI Functionality","Database Persistence and State Management"],"fullName":"Local E2E: Agents CLI Functionality Database Persistence and State Management should maintain agent state after updates","status":"failed","title":"should maintain agent state after updates","duration":1048.2586540002376,"failureMessages":["Error: Command failed with code 1: agents create --name state-persistence-test --description Original --instructions Original instructions --type worker\n    at ChildProcess.<anonymous> (/var/www/html/systemprompt-os/tests/e2e/local/shared/bootstrap.ts:189:23)\n    at ChildProcess.emit (node:events:517:28)\n    at maybeClose (node:internal/child_process:1098:16)\n    at Process.ChildProcess._handle.onexit (node:internal/child_process:303:5)"],"meta":{}},{"ancestorTitles":["Local E2E: Agents CLI Functionality","Database Persistence and State Management"],"fullName":"Local E2E: Agents CLI Functionality Database Persistence and State Management should handle database integrity constraints","status":"passed","title":"should handle database integrity constraints","duration":1025.2585190003738,"failureMessages":[],"meta":{}},{"ancestorTitles":["Local E2E: Agents CLI Functionality","Error Handling and Validation"],"fullName":"Local E2E: Agents CLI Functionality Error Handling and Validation should handle duplicate agent names","status":"failed","title":"should handle duplicate agent names","duration":1090.028176999651,"failureMessages":["Error: Command failed with code 1: agents create --name duplicate-name-test --description First --instructions Instructions --type worker\n    at ChildProcess.<anonymous> (/var/www/html/systemprompt-os/tests/e2e/local/shared/bootstrap.ts:189:23)\n    at ChildProcess.emit (node:events:517:28)\n    at maybeClose (node:internal/child_process:1098:16)\n    at Process.ChildProcess._handle.onexit (node:internal/child_process:303:5)"],"meta":{}},{"ancestorTitles":["Local E2E: Agents CLI Functionality","Error Handling and Validation"],"fullName":"Local E2E: Agents CLI Functionality Error Handling and Validation should validate agent types","status":"passed","title":"should validate agent types","duration":1064.9491130001843,"failureMessages":[],"meta":{}},{"ancestorTitles":["Local E2E: Agents CLI Functionality","Error Handling and Validation"],"fullName":"Local E2E: Agents CLI Functionality Error Handling and Validation should validate status values on update","status":"failed","title":"should validate status values on update","duration":1036.2695840001106,"failureMessages":["Error: Command failed with code 1: agents create --name status-validation-test --description Description --instructions Instructions --type worker\n    at ChildProcess.<anonymous> (/var/www/html/systemprompt-os/tests/e2e/local/shared/bootstrap.ts:189:23)\n    at ChildProcess.emit (node:events:517:28)\n    at maybeClose (node:internal/child_process:1098:16)\n    at Process.ChildProcess._handle.onexit (node:internal/child_process:303:5)"],"meta":{}},{"ancestorTitles":["Local E2E: Agents CLI Functionality","Error Handling and Validation"],"fullName":"Local E2E: Agents CLI Functionality Error Handling and Validation should validate JSON configuration format","status":"passed","title":"should validate JSON configuration format","duration":1052.1549279997125,"failureMessages":[],"meta":{}},{"ancestorTitles":["Local E2E: Agents CLI Functionality","Error Handling and Validation"],"fullName":"Local E2E: Agents CLI Functionality Error Handling and Validation should provide helpful error messages","status":"passed","title":"should provide helpful error messages","duration":1049.4106780001894,"failureMessages":[],"meta":{}}],"startTime":1753698473327,"endTime":1753698506182.4106,"status":"failed","message":"","name":"/var/www/html/systemprompt-os/tests/e2e/local/modules/core/agents-cli-functionality.local.e2e.test.ts"},{"assertionResults":[{"ancestorTitles":["Local E2E: Core Modules Functionality","Module Registry and Loading"],"fullName":"Local E2E: Core Modules Functionality Module Registry and Loading should list loaded modules successfully","status":"failed","title":"should list loaded modules successfully","duration":1044.32465999946,"failureMessages":["AssertionError: expected 0 to be greater than 0\n    at /var/www/html/systemprompt-os/tests/e2e/local/modules/core/core-modules-functionality.local.e2e.test.ts:28:34\n    at processTicksAndRejections (node:internal/process/task_queues:95:5)\n    at file:///var/www/html/systemprompt-os/node_modules/@vitest/runner/dist/index.js:533:5\n    at runTest (file:///var/www/html/systemprompt-os/node_modules/@vitest/runner/dist/index.js:1056:11)\n    at runSuite (file:///var/www/html/systemprompt-os/node_modules/@vitest/runner/dist/index.js:1205:15)\n    at runSuite (file:///var/www/html/systemprompt-os/node_modules/@vitest/runner/dist/index.js:1205:15)\n    at runSuite (file:///var/www/html/systemprompt-os/node_modules/@vitest/runner/dist/index.js:1205:15)\n    at runFiles (file:///var/www/html/systemprompt-os/node_modules/@vitest/runner/dist/index.js:1262:5)\n    at startTests (file:///var/www/html/systemprompt-os/node_modules/@vitest/runner/dist/index.js:1271:3)\n    at file:///var/www/html/systemprompt-os/node_modules/vitest/dist/chunks/runBaseTests.3qpJUEJM.js:126:11"],"meta":{}},{"ancestorTitles":["Local E2E: Core Modules Functionality","Module Registry and Loading"],"fullName":"Local E2E: Core Modules Functionality Module Registry and Loading should show module details","status":"failed","title":"should show module details","duration":1063.4524819999933,"failureMessages":["AssertionError: expected '\\nInstalled Modules:\\n═══════════════…' to contain 'Module Name'\n    at /var/www/html/systemprompt-os/tests/e2e/local/modules/core/core-modules-functionality.local.e2e.test.ts:34:22\n    at processTicksAndRejections (node:internal/process/task_queues:95:5)\n    at file:///var/www/html/systemprompt-os/node_modules/@vitest/runner/dist/index.js:533:5\n    at runTest (file:///var/www/html/systemprompt-os/node_modules/@vitest/runner/dist/index.js:1056:11)\n    at runSuite (file:///var/www/html/systemprompt-os/node_modules/@vitest/runner/dist/index.js:1205:15)\n    at runSuite (file:///var/www/html/systemprompt-os/node_modules/@vitest/runner/dist/index.js:1205:15)\n    at runSuite (file:///var/www/html/systemprompt-os/node_modules/@vitest/runner/dist/index.js:1205:15)\n    at runFiles (file:///var/www/html/systemprompt-os/node_modules/@vitest/runner/dist/index.js:1262:5)\n    at startTests (file:///var/www/html/systemprompt-os/node_modules/@vitest/runner/dist/index.js:1271:3)\n    at file:///var/www/html/systemprompt-os/node_modules/vitest/dist/chunks/runBaseTests.3qpJUEJM.js:126:11"],"meta":{}},{"ancestorTitles":["Local E2E: Core Modules Functionality","Module Registry and Loading"],"fullName":"Local E2E: Core Modules Functionality Module Registry and Loading should load core modules with proper configuration","status":"failed","title":"should load core modules with proper configuration","duration":1054.6988939996809,"failureMessages":["Error: Command failed with code 1: modules list --filter=core --format=json\n    at ChildProcess.<anonymous> (/var/www/html/systemprompt-os/tests/e2e/local/shared/bootstrap.ts:189:23)\n    at ChildProcess.emit (node:events:517:28)\n    at maybeClose (node:internal/child_process:1098:16)\n    at Process.ChildProcess._handle.onexit (node:internal/child_process:303:5)"],"meta":{}},{"ancestorTitles":["Local E2E: Core Modules Functionality","Database Operations"],"fullName":"Local E2E: Core Modules Functionality Database Operations should show database status","status":"passed","title":"should show database status","duration":1044.955996000208,"failureMessages":[],"meta":{}},{"ancestorTitles":["Local E2E: Core Modules Functionality","Database Operations"],"fullName":"Local E2E: Core Modules Functionality Database Operations should show database schema information","status":"failed","title":"should show database schema information","duration":1062.1199340000749,"failureMessages":["Error: Command failed with code 1: database schema --list\n    at ChildProcess.<anonymous> (/var/www/html/systemprompt-os/tests/e2e/local/shared/bootstrap.ts:189:23)\n    at ChildProcess.emit (node:events:517:28)\n    at maybeClose (node:internal/child_process:1098:16)\n    at Process.ChildProcess._handle.onexit (node:internal/child_process:303:5)"],"meta":{}},{"ancestorTitles":["Local E2E: Core Modules Functionality","Database Operations"],"fullName":"Local E2E: Core Modules Functionality Database Operations should handle database queries","status":"failed","title":"should handle database queries","duration":1074.1851359996945,"failureMessages":["Error: Command failed with code 1: database query SELECT 1 as test\n    at ChildProcess.<anonymous> (/var/www/html/systemprompt-os/tests/e2e/local/shared/bootstrap.ts:189:23)\n    at ChildProcess.emit (node:events:517:28)\n    at maybeClose (node:internal/child_process:1098:16)\n    at Process.ChildProcess._handle.onexit (node:internal/child_process:303:5)"],"meta":{}},{"ancestorTitles":["Local E2E: Core Modules Functionality","Database Operations"],"fullName":"Local E2E: Core Modules Functionality Database Operations should rebuild database successfully","status":"passed","title":"should rebuild database successfully","duration":1071.0733960000798,"failureMessages":[],"meta":{}},{"ancestorTitles":["Local E2E: Core Modules Functionality","Logger Functionality"],"fullName":"Local E2E: Core Modules Functionality Logger Functionality should show logger status","status":"passed","title":"should show logger status","duration":1175.227037999779,"failureMessages":[],"meta":{}},{"ancestorTitles":["Local E2E: Core Modules Functionality","Logger Functionality"],"fullName":"Local E2E: Core Modules Functionality Logger Functionality should handle different log levels","status":"failed","title":"should handle different log levels","duration":1041.4414060004056,"failureMessages":["Error: Command failed with code 1: modules list --quiet\n    at ChildProcess.<anonymous> (/var/www/html/systemprompt-os/tests/e2e/local/shared/bootstrap.ts:189:23)\n    at ChildProcess.emit (node:events:517:28)\n    at maybeClose (node:internal/child_process:1098:16)\n    at Process.ChildProcess._handle.onexit (node:internal/child_process:303:5)"],"meta":{}},{"ancestorTitles":["Local E2E: Core Modules Functionality","CLI Integration"],"fullName":"Local E2E: Core Modules Functionality CLI Integration should show system status via CLI","status":"failed","title":"should show system status via CLI","duration":1046.189197000116,"failureMessages":["Error: Command failed with code 1: status\n    at ChildProcess.<anonymous> (/var/www/html/systemprompt-os/tests/e2e/local/shared/bootstrap.ts:189:23)\n    at ChildProcess.emit (node:events:517:28)\n    at maybeClose (node:internal/child_process:1098:16)\n    at Process.ChildProcess._handle.onexit (node:internal/child_process:303:5)"],"meta":{}},{"ancestorTitles":["Local E2E: Core Modules Functionality","CLI Integration"],"fullName":"Local E2E: Core Modules Functionality CLI Integration should provide help for all core commands","status":"failed","title":"should provide help for all core commands","duration":1226.0295460000634,"failureMessages":["AssertionError: expected '\\n   ╭───────────────────────────────…' to contain 'status'\n    at /var/www/html/systemprompt-os/tests/e2e/local/modules/core/core-modules-functionality.local.e2e.test.ts:113:22\n    at processTicksAndRejections (node:internal/process/task_queues:95:5)\n    at file:///var/www/html/systemprompt-os/node_modules/@vitest/runner/dist/index.js:533:5\n    at runTest (file:///var/www/html/systemprompt-os/node_modules/@vitest/runner/dist/index.js:1056:11)\n    at runSuite (file:///var/www/html/systemprompt-os/node_modules/@vitest/runner/dist/index.js:1205:15)\n    at runSuite (file:///var/www/html/systemprompt-os/node_modules/@vitest/runner/dist/index.js:1205:15)\n    at runSuite (file:///var/www/html/systemprompt-os/node_modules/@vitest/runner/dist/index.js:1205:15)\n    at runFiles (file:///var/www/html/systemprompt-os/node_modules/@vitest/runner/dist/index.js:1262:5)\n    at startTests (file:///var/www/html/systemprompt-os/node_modules/@vitest/runner/dist/index.js:1271:3)\n    at file:///var/www/html/systemprompt-os/node_modules/vitest/dist/chunks/runBaseTests.3qpJUEJM.js:126:11"],"meta":{}},{"ancestorTitles":["Local E2E: Core Modules Functionality","CLI Integration"],"fullName":"Local E2E: Core Modules Functionality CLI Integration should execute module-specific help commands","status":"passed","title":"should execute module-specific help commands","duration":1052.889016000554,"failureMessages":[],"meta":{}},{"ancestorTitles":["Local E2E: Core Modules Functionality","Error Handling and Recovery"],"fullName":"Local E2E: Core Modules Functionality Error Handling and Recovery should handle invalid commands gracefully","status":"passed","title":"should handle invalid commands gracefully","duration":1045.252915000543,"failureMessages":[],"meta":{}},{"ancestorTitles":["Local E2E: Core Modules Functionality","Error Handling and Recovery"],"fullName":"Local E2E: Core Modules Functionality Error Handling and Recovery should handle invalid database queries gracefully","status":"passed","title":"should handle invalid database queries gracefully","duration":1079.9810819998384,"failureMessages":[],"meta":{}},{"ancestorTitles":["Local E2E: Core Modules Functionality","Error Handling and Recovery"],"fullName":"Local E2E: Core Modules Functionality Error Handling and Recovery should recover from database connection issues","status":"passed","title":"should recover from database connection issues","duration":1081.6461239997298,"failureMessages":[],"meta":{}},{"ancestorTitles":["Local E2E: Core Modules Functionality","Module Configuration"],"fullName":"Local E2E: Core Modules Functionality Module Configuration should show current configuration","status":"passed","title":"should show current configuration","duration":1166.6840439997613,"failureMessages":[],"meta":{}},{"ancestorTitles":["Local E2E: Core Modules Functionality","Module Configuration"],"fullName":"Local E2E: Core Modules Functionality Module Configuration should handle configuration validation","status":"failed","title":"should handle configuration validation","duration":1073.494690001011,"failureMessages":["Error: Command failed with code 1: config validate\n    at ChildProcess.<anonymous> (/var/www/html/systemprompt-os/tests/e2e/local/shared/bootstrap.ts:189:23)\n    at ChildProcess.emit (node:events:517:28)\n    at maybeClose (node:internal/child_process:1098:16)\n    at Process.ChildProcess._handle.onexit (node:internal/child_process:303:5)"],"meta":{}}],"startTime":1753698570721,"endTime":1753698589124.4946,"status":"failed","message":"","name":"/var/www/html/systemprompt-os/tests/e2e/local/modules/core/core-modules-functionality.local.e2e.test.ts"},{"assertionResults":[{"ancestorTitles":["Local E2E: Database and User Management","Database Operations"],"fullName":"Local E2E: Database and User Management Database Operations should clear the database successfully","status":"passed","title":"should clear the database successfully","duration":1027.2251700004563,"failureMessages":[],"meta":{}},{"ancestorTitles":["Local E2E: Database and User Management","Database Operations"],"fullName":"Local E2E: Database and User Management Database Operations should rebuild the database with clean schema","status":"passed","title":"should rebuild the database with clean schema","duration":1045.8332409998402,"failureMessages":[],"meta":{}},{"ancestorTitles":["Local E2E: Database and User Management","Database Operations"],"fullName":"Local E2E: Database and User Management Database Operations should verify database integrity after rebuild","status":"passed","title":"should verify database integrity after rebuild","duration":1041.5714210001752,"failureMessages":[],"meta":{}},{"ancestorTitles":["Local E2E: Database and User Management","Database Operations"],"fullName":"Local E2E: Database and User Management Database Operations should handle schema listing after rebuild","status":"passed","title":"should handle schema listing after rebuild","duration":1143.4661750001833,"failureMessages":[],"meta":{}},{"ancestorTitles":["Local E2E: Database and User Management","Module State Management"],"fullName":"Local E2E: Database and User Management Module State Management should list loaded modules from fresh database","status":"failed","title":"should list loaded modules from fresh database","duration":1030.472950999625,"failureMessages":["AssertionError: expected 0 to be greater than 0\n    at /var/www/html/systemprompt-os/tests/e2e/local/modules/core/database-and-user-management.local.e2e.test.ts:60:34\n    at processTicksAndRejections (node:internal/process/task_queues:95:5)\n    at file:///var/www/html/systemprompt-os/node_modules/@vitest/runner/dist/index.js:533:5\n    at runTest (file:///var/www/html/systemprompt-os/node_modules/@vitest/runner/dist/index.js:1056:11)\n    at runSuite (file:///var/www/html/systemprompt-os/node_modules/@vitest/runner/dist/index.js:1205:15)\n    at runSuite (file:///var/www/html/systemprompt-os/node_modules/@vitest/runner/dist/index.js:1205:15)\n    at runSuite (file:///var/www/html/systemprompt-os/node_modules/@vitest/runner/dist/index.js:1205:15)\n    at runFiles (file:///var/www/html/systemprompt-os/node_modules/@vitest/runner/dist/index.js:1262:5)\n    at startTests (file:///var/www/html/systemprompt-os/node_modules/@vitest/runner/dist/index.js:1271:3)\n    at file:///var/www/html/systemprompt-os/node_modules/vitest/dist/chunks/runBaseTests.3qpJUEJM.js:126:11"],"meta":{}},{"ancestorTitles":["Local E2E: Database and User Management","Module State Management"],"fullName":"Local E2E: Database and User Management Module State Management should show module details with proper metadata","status":"passed","title":"should show module details with proper metadata","duration":1095.3472560001537,"failureMessages":[],"meta":{}},{"ancestorTitles":["Local E2E: Database and User Management","Module State Management"],"fullName":"Local E2E: Database and User Management Module State Management should track module initialization state","status":"failed","title":"should track module initialization state","duration":1103.0655469996855,"failureMessages":["Error: Command failed with code 1: modules list --filter=core --format=json\n    at ChildProcess.<anonymous> (/var/www/html/systemprompt-os/tests/e2e/local/shared/bootstrap.ts:189:23)\n    at ChildProcess.emit (node:events:517:28)\n    at maybeClose (node:internal/child_process:1098:16)\n    at Process.ChildProcess._handle.onexit (node:internal/child_process:303:5)"],"meta":{}},{"ancestorTitles":["Local E2E: Database and User Management","User Management via CLI"],"fullName":"Local E2E: Database and User Management User Management via CLI should create a new user successfully","status":"failed","title":"should create a new user successfully","duration":1048.0737939998507,"failureMessages":["Error: Command failed with code 1: users create --email=test-user-1753698545051@example.com --name=Test User --role=user\n    at ChildProcess.<anonymous> (/var/www/html/systemprompt-os/tests/e2e/local/shared/bootstrap.ts:189:23)\n    at ChildProcess.emit (node:events:517:28)\n    at maybeClose (node:internal/child_process:1098:16)\n    at Process.ChildProcess._handle.onexit (node:internal/child_process:303:5)"],"meta":{}},{"ancestorTitles":["Local E2E: Database and User Management","User Management via CLI"],"fullName":"Local E2E: Database and User Management User Management via CLI should list users and show created user","status":"failed","title":"should list users and show created user","duration":1048.5389140006155,"failureMessages":["AssertionError: expected 0 to be greater than 0\n    at /var/www/html/systemprompt-os/tests/e2e/local/modules/core/database-and-user-management.local.e2e.test.ts:106:28\n    at processTicksAndRejections (node:internal/process/task_queues:95:5)\n    at file:///var/www/html/systemprompt-os/node_modules/@vitest/runner/dist/index.js:533:5\n    at runTest (file:///var/www/html/systemprompt-os/node_modules/@vitest/runner/dist/index.js:1056:11)\n    at runSuite (file:///var/www/html/systemprompt-os/node_modules/@vitest/runner/dist/index.js:1205:15)\n    at runSuite (file:///var/www/html/systemprompt-os/node_modules/@vitest/runner/dist/index.js:1205:15)\n    at runSuite (file:///var/www/html/systemprompt-os/node_modules/@vitest/runner/dist/index.js:1205:15)\n    at runFiles (file:///var/www/html/systemprompt-os/node_modules/@vitest/runner/dist/index.js:1262:5)\n    at startTests (file:///var/www/html/systemprompt-os/node_modules/@vitest/runner/dist/index.js:1271:3)\n    at file:///var/www/html/systemprompt-os/node_modules/vitest/dist/chunks/runBaseTests.3qpJUEJM.js:126:11"],"meta":{}},{"ancestorTitles":["Local E2E: Database and User Management","User Management via CLI"],"fullName":"Local E2E: Database and User Management User Management via CLI should display user information in detailed format","status":"failed","title":"should display user information in detailed format","duration":1049.2199699999765,"failureMessages":["AssertionError: expected '\\nUsers\\n─────\\nℹ️  No users found\\n' to contain 'Email'\n    at /var/www/html/systemprompt-os/tests/e2e/local/modules/core/database-and-user-management.local.e2e.test.ts:118:22\n    at processTicksAndRejections (node:internal/process/task_queues:95:5)\n    at file:///var/www/html/systemprompt-os/node_modules/@vitest/runner/dist/index.js:533:5\n    at runTest (file:///var/www/html/systemprompt-os/node_modules/@vitest/runner/dist/index.js:1056:11)\n    at runSuite (file:///var/www/html/systemprompt-os/node_modules/@vitest/runner/dist/index.js:1205:15)\n    at runSuite (file:///var/www/html/systemprompt-os/node_modules/@vitest/runner/dist/index.js:1205:15)\n    at runSuite (file:///var/www/html/systemprompt-os/node_modules/@vitest/runner/dist/index.js:1205:15)\n    at runFiles (file:///var/www/html/systemprompt-os/node_modules/@vitest/runner/dist/index.js:1262:5)\n    at startTests (file:///var/www/html/systemprompt-os/node_modules/@vitest/runner/dist/index.js:1271:3)\n    at file:///var/www/html/systemprompt-os/node_modules/vitest/dist/chunks/runBaseTests.3qpJUEJM.js:126:11"],"meta":{}},{"ancestorTitles":["Local E2E: Database and User Management","User Management via CLI"],"fullName":"Local E2E: Database and User Management User Management via CLI should show user by specific email","status":"passed","title":"should show user by specific email","duration":1048.6479400005192,"failureMessages":[],"meta":{}},{"ancestorTitles":["Local E2E: Database and User Management","Data Persistence and Retrieval"],"fullName":"Local E2E: Database and User Management Data Persistence and Retrieval should persist user data across database operations","status":"failed","title":"should persist user data across database operations","duration":1034.7474229997024,"failureMessages":["Error: Command failed with code 1: users create --email=persistent-user-1753698549246@example.com --name=Persistent User --role=admin\n    at ChildProcess.<anonymous> (/var/www/html/systemprompt-os/tests/e2e/local/shared/bootstrap.ts:189:23)\n    at ChildProcess.emit (node:events:517:28)\n    at maybeClose (node:internal/child_process:1098:16)\n    at Process.ChildProcess._handle.onexit (node:internal/child_process:303:5)"],"meta":{}},{"ancestorTitles":["Local E2E: Database and User Management","Data Persistence and Retrieval"],"fullName":"Local E2E: Database and User Management Data Persistence and Retrieval should handle concurrent user operations","status":"failed","title":"should handle concurrent user operations","duration":1064.2887209998444,"failureMessages":["Error: Command failed with code 1: users create --email=concurrent-1753698550281-1@example.com --name=User 1 --role=user\n    at ChildProcess.<anonymous> (/var/www/html/systemprompt-os/tests/e2e/local/shared/bootstrap.ts:189:23)\n    at ChildProcess.emit (node:events:517:28)\n    at maybeClose (node:internal/child_process:1098:16)\n    at Process.ChildProcess._handle.onexit (node:internal/child_process:303:5)"],"meta":{}},{"ancestorTitles":["Local E2E: Database and User Management","Data Persistence and Retrieval"],"fullName":"Local E2E: Database and User Management Data Persistence and Retrieval should maintain referential integrity","status":"failed","title":"should maintain referential integrity","duration":1039.2152089998126,"failureMessages":["Error: Command failed with code 1: database query SELECT COUNT(*) as user_count FROM users\n    at ChildProcess.<anonymous> (/var/www/html/systemprompt-os/tests/e2e/local/shared/bootstrap.ts:189:23)\n    at ChildProcess.emit (node:events:517:28)\n    at maybeClose (node:internal/child_process:1098:16)\n    at Process.ChildProcess._handle.onexit (node:internal/child_process:303:5)"],"meta":{}},{"ancestorTitles":["Local E2E: Database and User Management","Error Handling and Validation"],"fullName":"Local E2E: Database and User Management Error Handling and Validation should handle duplicate user creation gracefully","status":"failed","title":"should handle duplicate user creation gracefully","duration":1043.1685379995033,"failureMessages":["Error: Command failed with code 1: users create --email=duplicate-1753698552384@example.com --name=First User --role=user\n    at ChildProcess.<anonymous> (/var/www/html/systemprompt-os/tests/e2e/local/shared/bootstrap.ts:189:23)\n    at ChildProcess.emit (node:events:517:28)\n    at maybeClose (node:internal/child_process:1098:16)\n    at Process.ChildProcess._handle.onexit (node:internal/child_process:303:5)"],"meta":{}},{"ancestorTitles":["Local E2E: Database and User Management","Error Handling and Validation"],"fullName":"Local E2E: Database and User Management Error Handling and Validation should validate email format","status":"failed","title":"should validate email format","duration":1035.2039850000292,"failureMessages":["AssertionError: expected 'error: required option \\'-u, --userna…' to match /invalid|email|format/i\n    at /var/www/html/systemprompt-os/tests/e2e/local/modules/core/database-and-user-management.local.e2e.test.ts:209:46\n    at processTicksAndRejections (node:internal/process/task_queues:95:5)\n    at file:///var/www/html/systemprompt-os/node_modules/@vitest/runner/dist/index.js:533:5\n    at runTest (file:///var/www/html/systemprompt-os/node_modules/@vitest/runner/dist/index.js:1056:11)\n    at runSuite (file:///var/www/html/systemprompt-os/node_modules/@vitest/runner/dist/index.js:1205:15)\n    at runSuite (file:///var/www/html/systemprompt-os/node_modules/@vitest/runner/dist/index.js:1205:15)\n    at runSuite (file:///var/www/html/systemprompt-os/node_modules/@vitest/runner/dist/index.js:1205:15)\n    at runFiles (file:///var/www/html/systemprompt-os/node_modules/@vitest/runner/dist/index.js:1262:5)\n    at startTests (file:///var/www/html/systemprompt-os/node_modules/@vitest/runner/dist/index.js:1271:3)\n    at file:///var/www/html/systemprompt-os/node_modules/vitest/dist/chunks/runBaseTests.3qpJUEJM.js:126:11"],"meta":{}},{"ancestorTitles":["Local E2E: Database and User Management","Error Handling and Validation"],"fullName":"Local E2E: Database and User Management Error Handling and Validation should validate required fields","status":"passed","title":"should validate required fields","duration":1043.1723079998046,"failureMessages":[],"meta":{}}],"startTime":1753698537564,"endTime":1753698555506.1724,"status":"failed","message":"","name":"/var/www/html/systemprompt-os/tests/e2e/local/modules/core/database-and-user-management.local.e2e.test.ts"},{"assertionResults":[{"ancestorTitles":["Local E2E: Tasks Module Functionality","Database Setup"],"fullName":"Local E2E: Tasks Module Functionality Database Setup should rebuild the database with task schema","status":"passed","title":"should rebuild the database with task schema","duration":1053.241267000325,"failureMessages":[],"meta":{}},{"ancestorTitles":["Local E2E: Tasks Module Functionality","Task Creation and Management"],"fullName":"Local E2E: Tasks Module Functionality Task Creation and Management should create a task to write a unit test","status":"failed","title":"should create a task to write a unit test","duration":1169.510161999613,"failureMessages":["AssertionError: expected undefined to be 'stopped' // Object.is equality\n    at /var/www/html/systemprompt-os/tests/e2e/local/modules/core/tasks-module-functionality.local.e2e.test.ts:47:27\n    at processTicksAndRejections (node:internal/process/task_queues:95:5)\n    at file:///var/www/html/systemprompt-os/node_modules/@vitest/runner/dist/index.js:533:5\n    at runTest (file:///var/www/html/systemprompt-os/node_modules/@vitest/runner/dist/index.js:1056:11)\n    at runSuite (file:///var/www/html/systemprompt-os/node_modules/@vitest/runner/dist/index.js:1205:15)\n    at runSuite (file:///var/www/html/systemprompt-os/node_modules/@vitest/runner/dist/index.js:1205:15)\n    at runSuite (file:///var/www/html/systemprompt-os/node_modules/@vitest/runner/dist/index.js:1205:15)\n    at runFiles (file:///var/www/html/systemprompt-os/node_modules/@vitest/runner/dist/index.js:1262:5)\n    at startTests (file:///var/www/html/systemprompt-os/node_modules/@vitest/runner/dist/index.js:1271:3)\n    at file:///var/www/html/systemprompt-os/node_modules/vitest/dist/chunks/runBaseTests.3qpJUEJM.js:126:11"],"meta":{}},{"ancestorTitles":["Local E2E: Tasks Module Functionality","Task Creation and Management"],"fullName":"Local E2E: Tasks Module Functionality Task Creation and Management should list tasks including the created task","status":"failed","title":"should list tasks including the created task","duration":1161.889887000434,"failureMessages":["AssertionError: expected undefined to be defined\n    at /var/www/html/systemprompt-os/tests/e2e/local/modules/core/tasks-module-functionality.local.e2e.test.ts:63:27\n    at processTicksAndRejections (node:internal/process/task_queues:95:5)\n    at file:///var/www/html/systemprompt-os/node_modules/@vitest/runner/dist/index.js:533:5\n    at runTest (file:///var/www/html/systemprompt-os/node_modules/@vitest/runner/dist/index.js:1056:11)\n    at runSuite (file:///var/www/html/systemprompt-os/node_modules/@vitest/runner/dist/index.js:1205:15)\n    at runSuite (file:///var/www/html/systemprompt-os/node_modules/@vitest/runner/dist/index.js:1205:15)\n    at runSuite (file:///var/www/html/systemprompt-os/node_modules/@vitest/runner/dist/index.js:1205:15)\n    at runFiles (file:///var/www/html/systemprompt-os/node_modules/@vitest/runner/dist/index.js:1262:5)\n    at startTests (file:///var/www/html/systemprompt-os/node_modules/@vitest/runner/dist/index.js:1271:3)\n    at file:///var/www/html/systemprompt-os/node_modules/vitest/dist/chunks/runBaseTests.3qpJUEJM.js:126:11"],"meta":{}},{"ancestorTitles":["Local E2E: Tasks Module Functionality","Task Creation and Management"],"fullName":"Local E2E: Tasks Module Functionality Task Creation and Management should update task status to pending","status":"failed","title":"should update task status to pending","duration":1050.8701179996133,"failureMessages":["Error: Command failed with code 1: tasks update --id=undefined --status=pending --format=json\n    at ChildProcess.<anonymous> (/var/www/html/systemprompt-os/tests/e2e/local/shared/bootstrap.ts:189:23)\n    at ChildProcess.emit (node:events:517:28)\n    at maybeClose (node:internal/child_process:1098:16)\n    at Process.ChildProcess._handle.onexit (node:internal/child_process:303:5)"],"meta":{}},{"ancestorTitles":["Local E2E: Tasks Module Functionality","Task Creation and Management"],"fullName":"Local E2E: Tasks Module Functionality Task Creation and Management should update task with result and completion status","status":"failed","title":"should update task with result and completion status","duration":1086.0076609998941,"failureMessages":["Error: Command failed with code 1: tasks update --id=undefined --status=completed --result=Unit test created successfully with 85% coverage --format=json\n    at ChildProcess.<anonymous> (/var/www/html/systemprompt-os/tests/e2e/local/shared/bootstrap.ts:189:23)\n    at ChildProcess.emit (node:events:517:28)\n    at maybeClose (node:internal/child_process:1098:16)\n    at Process.ChildProcess._handle.onexit (node:internal/child_process:303:5)"],"meta":{}},{"ancestorTitles":["Local E2E: Tasks Module Functionality","Task Creation and Management"],"fullName":"Local E2E: Tasks Module Functionality Task Creation and Management should verify task updates are persisted","status":"failed","title":"should verify task updates are persisted","duration":1160.3908120002598,"failureMessages":["AssertionError: expected undefined to be defined\n    at /var/www/html/systemprompt-os/tests/e2e/local/modules/core/tasks-module-functionality.local.e2e.test.ts:113:29\n    at processTicksAndRejections (node:internal/process/task_queues:95:5)\n    at file:///var/www/html/systemprompt-os/node_modules/@vitest/runner/dist/index.js:533:5\n    at runTest (file:///var/www/html/systemprompt-os/node_modules/@vitest/runner/dist/index.js:1056:11)\n    at runSuite (file:///var/www/html/systemprompt-os/node_modules/@vitest/runner/dist/index.js:1205:15)\n    at runSuite (file:///var/www/html/systemprompt-os/node_modules/@vitest/runner/dist/index.js:1205:15)\n    at runSuite (file:///var/www/html/systemprompt-os/node_modules/@vitest/runner/dist/index.js:1205:15)\n    at runFiles (file:///var/www/html/systemprompt-os/node_modules/@vitest/runner/dist/index.js:1262:5)\n    at startTests (file:///var/www/html/systemprompt-os/node_modules/@vitest/runner/dist/index.js:1271:3)\n    at file:///var/www/html/systemprompt-os/node_modules/vitest/dist/chunks/runBaseTests.3qpJUEJM.js:126:11"],"meta":{}},{"ancestorTitles":["Local E2E: Tasks Module Functionality","Task Creation and Management"],"fullName":"Local E2E: Tasks Module Functionality Task Creation and Management should show task module status","status":"failed","title":"should show task module status","duration":1098.1780700003728,"failureMessages":["Error: Command failed with code 1: tasks status\n    at ChildProcess.<anonymous> (/var/www/html/systemprompt-os/tests/e2e/local/shared/bootstrap.ts:189:23)\n    at ChildProcess.emit (node:events:517:28)\n    at maybeClose (node:internal/child_process:1098:16)\n    at Process.ChildProcess._handle.onexit (node:internal/child_process:303:5)"],"meta":{}},{"ancestorTitles":["Local E2E: Tasks Module Functionality","Advanced Task Operations"],"fullName":"Local E2E: Tasks Module Functionality Advanced Task Operations should update task with max_time constraint","status":"failed","title":"should update task with max_time constraint","duration":1056.969587000087,"failureMessages":["Error: Command failed with code 1: tasks add --type=long-running --module-id=processor --format=json\n    at ChildProcess.<anonymous> (/var/www/html/systemprompt-os/tests/e2e/local/shared/bootstrap.ts:189:23)\n    at ChildProcess.emit (node:events:517:28)\n    at maybeClose (node:internal/child_process:1098:16)\n    at Process.ChildProcess._handle.onexit (node:internal/child_process:303:5)"],"meta":{}},{"ancestorTitles":["Local E2E: Tasks Module Functionality","Advanced Task Operations"],"fullName":"Local E2E: Tasks Module Functionality Advanced Task Operations should cancel a task","status":"failed","title":"should cancel a task","duration":1048.0381689993665,"failureMessages":["Error: Command failed with code 1: tasks add --type=cancellable --module-id=test --format=json\n    at ChildProcess.<anonymous> (/var/www/html/systemprompt-os/tests/e2e/local/shared/bootstrap.ts:189:23)\n    at ChildProcess.emit (node:events:517:28)\n    at maybeClose (node:internal/child_process:1098:16)\n    at Process.ChildProcess._handle.onexit (node:internal/child_process:303:5)"],"meta":{}},{"ancestorTitles":["Local E2E: Tasks Module Functionality","Error Handling"],"fullName":"Local E2E: Tasks Module Functionality Error Handling should handle invalid task ID for update","status":"failed","title":"should handle invalid task ID for update","duration":1051.8071699999273,"failureMessages":["AssertionError: expected 'Error: Error: TaskService not initial…' to contain 'not found'\n    at /var/www/html/systemprompt-os/tests/e2e/local/modules/core/tasks-module-functionality.local.e2e.test.ts:186:46\n    at processTicksAndRejections (node:internal/process/task_queues:95:5)\n    at file:///var/www/html/systemprompt-os/node_modules/@vitest/runner/dist/index.js:533:5\n    at runTest (file:///var/www/html/systemprompt-os/node_modules/@vitest/runner/dist/index.js:1056:11)\n    at runSuite (file:///var/www/html/systemprompt-os/node_modules/@vitest/runner/dist/index.js:1205:15)\n    at runSuite (file:///var/www/html/systemprompt-os/node_modules/@vitest/runner/dist/index.js:1205:15)\n    at runSuite (file:///var/www/html/systemprompt-os/node_modules/@vitest/runner/dist/index.js:1205:15)\n    at runFiles (file:///var/www/html/systemprompt-os/node_modules/@vitest/runner/dist/index.js:1262:5)\n    at startTests (file:///var/www/html/systemprompt-os/node_modules/@vitest/runner/dist/index.js:1271:3)\n    at file:///var/www/html/systemprompt-os/node_modules/vitest/dist/chunks/runBaseTests.3qpJUEJM.js:126:11"],"meta":{}},{"ancestorTitles":["Local E2E: Tasks Module Functionality","Error Handling"],"fullName":"Local E2E: Tasks Module Functionality Error Handling should handle invalid JSON instructions","status":"passed","title":"should handle invalid JSON instructions","duration":1053.6903679994866,"failureMessages":[],"meta":{}},{"ancestorTitles":["Local E2E: Tasks Module Functionality","Error Handling"],"fullName":"Local E2E: Tasks Module Functionality Error Handling should require both type and module-id for task creation","status":"passed","title":"should require both type and module-id for task creation","duration":1071.9728749999776,"failureMessages":[],"meta":{}},{"ancestorTitles":["Local E2E: Tasks Module Functionality","Task Filtering and Listing"],"fullName":"Local E2E: Tasks Module Functionality Task Filtering and Listing should filter tasks by status","status":"failed","title":"should filter tasks by status","duration":1070.723682999611,"failureMessages":["Error: Command failed with code 1: tasks add --type=filter-test-1 --module-id=test --status=pending\n    at ChildProcess.<anonymous> (/var/www/html/systemprompt-os/tests/e2e/local/shared/bootstrap.ts:189:23)\n    at ChildProcess.emit (node:events:517:28)\n    at maybeClose (node:internal/child_process:1098:16)\n    at Process.ChildProcess._handle.onexit (node:internal/child_process:303:5)"],"meta":{}},{"ancestorTitles":["Local E2E: Tasks Module Functionality","Task Filtering and Listing"],"fullName":"Local E2E: Tasks Module Functionality Task Filtering and Listing should limit number of tasks returned","status":"failed","title":"should limit number of tasks returned","duration":1046.2056100005284,"failureMessages":["Error: Command failed with code 1: tasks list --limit=2 --format=json\n    at ChildProcess.<anonymous> (/var/www/html/systemprompt-os/tests/e2e/local/shared/bootstrap.ts:189:23)\n    at ChildProcess.emit (node:events:517:28)\n    at maybeClose (node:internal/child_process:1098:16)\n    at Process.ChildProcess._handle.onexit (node:internal/child_process:303:5)"],"meta":{}}],"startTime":1753698555528,"endTime":1753698570707.2056,"status":"failed","message":"","name":"/var/www/html/systemprompt-os/tests/e2e/local/modules/core/tasks-module-functionality.local.e2e.test.ts"},{"assertionResults":[{"ancestorTitles":["Local E2E: Dev Module Commands","Command Registration and Help"],"fullName":"Local E2E: Dev Module Commands Command Registration and Help should show dev commands in help","status":"passed","title":"should show dev commands in help","duration":1034.7923999996856,"failureMessages":[],"meta":{}},{"ancestorTitles":["Local E2E: Dev Module Commands","Command Registration and Help"],"fullName":"Local E2E: Dev Module Commands Command Registration and Help should show available dev subcommands","status":"passed","title":"should show available dev subcommands","duration":1040.5692030005157,"failureMessages":[],"meta":{}},{"ancestorTitles":["Local E2E: Dev Module Commands","Command Registration and Help"],"fullName":"Local E2E: Dev Module Commands Command Registration and Help should show lint command help","status":"passed","title":"should show lint command help","duration":1050.8614330003038,"failureMessages":[],"meta":{}},{"ancestorTitles":["Local E2E: Dev Module Commands","Command Registration and Help"],"fullName":"Local E2E: Dev Module Commands Command Registration and Help should show typecheck command help","status":"passed","title":"should show typecheck command help","duration":1070.5771000003442,"failureMessages":[],"meta":{}},{"ancestorTitles":["Local E2E: Dev Module Commands","Command Registration and Help"],"fullName":"Local E2E: Dev Module Commands Command Registration and Help should show test command help","status":"passed","title":"should show test command help","duration":1059.7948369998485,"failureMessages":[],"meta":{}},{"ancestorTitles":["Local E2E: Dev Module Commands","Lint Command Execution"],"fullName":"Local E2E: Dev Module Commands Lint Command Execution should execute lint check command","status":"passed","title":"should execute lint check command","duration":1514.5123659996316,"failureMessages":[],"meta":{}},{"ancestorTitles":["Local E2E: Dev Module Commands","Lint Command Execution"],"fullName":"Local E2E: Dev Module Commands Lint Command Execution should accept lint command with options","status":"passed","title":"should accept lint command with options","duration":1505.5771019998938,"failureMessages":[],"meta":{}},{"ancestorTitles":["Local E2E: Dev Module Commands","TypeScript Check Command"],"fullName":"Local E2E: Dev Module Commands TypeScript Check Command should execute TypeScript check command","status":"passed","title":"should execute TypeScript check command","duration":1501.4327220004052,"failureMessages":[],"meta":{}},{"ancestorTitles":["Local E2E: Dev Module Commands","TypeScript Check Command"],"fullName":"Local E2E: Dev Module Commands TypeScript Check Command should accept typecheck command with options","status":"passed","title":"should accept typecheck command with options","duration":1432.426454000175,"failureMessages":[],"meta":{}},{"ancestorTitles":["Local E2E: Dev Module Commands","Unit Test Command"],"fullName":"Local E2E: Dev Module Commands Unit Test Command should execute unit test command","status":"passed","title":"should execute unit test command","duration":1080.8981130002066,"failureMessages":[],"meta":{}},{"ancestorTitles":["Local E2E: Dev Module Commands","Unit Test Command"],"fullName":"Local E2E: Dev Module Commands Unit Test Command should accept test command with options","status":"passed","title":"should accept test command with options","duration":1036.156479999423,"failureMessages":[],"meta":{}},{"ancestorTitles":["Local E2E: Dev Module Commands","Debug Command"],"fullName":"Local E2E: Dev Module Commands Debug Command should execute debug command","status":"passed","title":"should execute debug command","duration":1030.0608930001035,"failureMessages":[],"meta":{}},{"ancestorTitles":["Local E2E: Dev Module Commands","Command Integration and Consistency"],"fullName":"Local E2E: Dev Module Commands Command Integration and Consistency should list all dev commands when called without args","status":"passed","title":"should list all dev commands when called without args","duration":1032.2112200008705,"failureMessages":[],"meta":{}},{"ancestorTitles":["Local E2E: Dev Module Commands","Command Integration and Consistency"],"fullName":"Local E2E: Dev Module Commands Command Integration and Consistency should maintain consistent command interface","status":"passed","title":"should maintain consistent command interface","duration":3167.1707799993455,"failureMessages":[],"meta":{}},{"ancestorTitles":["Local E2E: Dev Module Commands","Command Integration and Consistency"],"fullName":"Local E2E: Dev Module Commands Command Integration and Consistency should execute dev commands without crashing","status":"passed","title":"should execute dev commands without crashing","duration":5076.545303999446,"failureMessages":[],"meta":{}},{"ancestorTitles":["Local E2E: Dev Module Commands","Error Handling and Validation"],"fullName":"Local E2E: Dev Module Commands Error Handling and Validation should handle invalid max parameter gracefully","status":"passed","title":"should handle invalid max parameter gracefully","duration":1466.3743409998715,"failureMessages":[],"meta":{}},{"ancestorTitles":["Local E2E: Dev Module Commands","Error Handling and Validation"],"fullName":"Local E2E: Dev Module Commands Error Handling and Validation should handle unknown dev subcommand","status":"passed","title":"should handle unknown dev subcommand","duration":1045.8135359995067,"failureMessages":[],"meta":{}},{"ancestorTitles":["Local E2E: Dev Module Commands","Error Handling and Validation"],"fullName":"Local E2E: Dev Module Commands Error Handling and Validation should handle commands without required dependencies gracefully","status":"passed","title":"should handle commands without required dependencies gracefully","duration":4137.481758999638,"failureMessages":[],"meta":{}},{"ancestorTitles":["Local E2E: Dev Module Commands","Error Handling and Validation"],"fullName":"Local E2E: Dev Module Commands Error Handling and Validation should provide help when dev is called with invalid options","status":"passed","title":"should provide help when dev is called with invalid options","duration":1054.824388999492,"failureMessages":[],"meta":{}}],"startTime":1753698506205,"endTime":1753698537542.8245,"status":"passed","message":"","name":"/var/www/html/systemprompt-os/tests/e2e/local/modules/dev/dev-module-commands.local.e2e.test.ts"}]}