{
    "numTotalTestSuites": 443,
    "numPassedTestSuites": 433,
    "numFailedTestSuites": 10,
    "numPendingTestSuites": 0,
    "numTotalTests": 876,
    "numPassedTests": 865,
    "numFailedTests": 11,
    "numPendingTests": 0,
    "numTodoTests": 0,
    "snapshot": {
        "added": 0,
        "failure": false,
        "filesAdded": 0,
        "filesRemoved": 0,
        "filesRemovedList": [],
        "filesUnmatched": 0,
        "filesUpdated": 0,
        "matched": 0,
        "total": 0,
        "unchecked": 0,
        "uncheckedKeysByFile": [],
        "unmatched": 0,
        "updated": 0,
        "didUpdate": false
    },
    "startTime": 1753117422929,
    "success": false,
    "testResults": [
        {
            "assertionResults": [
                {
                    "ancestorTitles": [
                        "Main Entry Point"
                    ],
                    "fullName": "Main Entry Point should start server on import",
                    "status": "passed",
                    "title": "should start server on import",
                    "duration": 67.23877799510956,
                    "failureMessages": [],
                    "meta": {}
                },
                {
                    "ancestorTitles": [
                        "Main Entry Point"
                    ],
                    "fullName": "Main Entry Point should handle server startup errors",
                    "status": "passed",
                    "title": "should handle server startup errors",
                    "duration": 19.10471200942993,
                    "failureMessages": [],
                    "meta": {}
                },
                {
                    "ancestorTitles": [
                        "Main Entry Point"
                    ],
                    "fullName": "Main Entry Point should handle SIGTERM signal",
                    "status": "passed",
                    "title": "should handle SIGTERM signal",
                    "duration": 11.297123968601227,
                    "failureMessages": [],
                    "meta": {}
                },
                {
                    "ancestorTitles": [
                        "Main Entry Point"
                    ],
                    "fullName": "Main Entry Point should handle SIGINT signal",
                    "status": "passed",
                    "title": "should handle SIGINT signal",
                    "duration": 13.351624011993408,
                    "failureMessages": [],
                    "meta": {}
                }
            ],
            "startTime": 1753117424679,
            "endTime": 1753117424790.3516,
            "status": "passed",
            "message": "",
            "name": "/var/www/html/systemprompt-os/tests/unit/index.spec.ts"
        },
        {
            "assertionResults": [
                {
                    "ancestorTitles": [
                        "ModuleLoader",
                        "constructor"
                    ],
                    "fullName": "ModuleLoader constructor should create instance with default config path",
                    "status": "passed",
                    "title": "should create instance with default config path",
                    "duration": 7.490517020225525,
                    "failureMessages": [],
                    "meta": {}
                },
                {
                    "ancestorTitles": [
                        "ModuleLoader",
                        "constructor"
                    ],
                    "fullName": "ModuleLoader constructor should create instance with custom config path",
                    "status": "passed",
                    "title": "should create instance with custom config path",
                    "duration": 0.6120629906654358,
                    "failureMessages": [],
                    "meta": {}
                },
                {
                    "ancestorTitles": [
                        "ModuleLoader",
                        "loadModules"
                    ],
                    "fullName": "ModuleLoader loadModules should handle missing config file gracefully",
                    "status": "passed",
                    "title": "should handle missing config file gracefully",
                    "duration": 50.25288099050522,
                    "failureMessages": [],
                    "meta": {}
                },
                {
                    "ancestorTitles": [
                        "ModuleLoader",
                        "loadModules"
                    ],
                    "fullName": "ModuleLoader loadModules should load core modules when no config exists",
                    "status": "passed",
                    "title": "should load core modules when no config exists",
                    "duration": 42.18348103761673,
                    "failureMessages": [],
                    "meta": {}
                },
                {
                    "ancestorTitles": [
                        "ModuleLoader",
                        "getRegistry"
                    ],
                    "fullName": "ModuleLoader getRegistry should return module registry",
                    "status": "passed",
                    "title": "should return module registry",
                    "duration": 0.6822649836540222,
                    "failureMessages": [],
                    "meta": {}
                },
                {
                    "ancestorTitles": [
                        "ModuleLoader",
                        "getAllModules"
                    ],
                    "fullName": "ModuleLoader getAllModules should return empty array initially",
                    "status": "passed",
                    "title": "should return empty array initially",
                    "duration": 0.7595359683036804,
                    "failureMessages": [],
                    "meta": {}
                },
                {
                    "ancestorTitles": [
                        "ModuleLoader",
                        "shutdown"
                    ],
                    "fullName": "ModuleLoader shutdown should shutdown gracefully",
                    "status": "passed",
                    "title": "should shutdown gracefully",
                    "duration": 0.7183149456977844,
                    "failureMessages": [],
                    "meta": {}
                },
                {
                    "ancestorTitles": [
                        "ModuleLoader",
                        "singleton management"
                    ],
                    "fullName": "ModuleLoader singleton management should return same instance when called multiple times",
                    "status": "passed",
                    "title": "should return same instance when called multiple times",
                    "duration": 0.8403580188751221,
                    "failureMessages": [],
                    "meta": {}
                },
                {
                    "ancestorTitles": [
                        "ModuleLoader",
                        "singleton management"
                    ],
                    "fullName": "ModuleLoader singleton management should create new instance after reset",
                    "status": "passed",
                    "title": "should create new instance after reset",
                    "duration": 0.893248975276947,
                    "failureMessages": [],
                    "meta": {}
                },
                {
                    "ancestorTitles": [
                        "ModuleLoader",
                        "resetModuleLoader"
                    ],
                    "fullName": "ModuleLoader resetModuleLoader should handle reset when no instance exists",
                    "status": "passed",
                    "title": "should handle reset when no instance exists",
                    "duration": 1.2393560409545898,
                    "failureMessages": [],
                    "meta": {}
                },
                {
                    "ancestorTitles": [
                        "ModuleLoader",
                        "resetModuleLoader"
                    ],
                    "fullName": "ModuleLoader resetModuleLoader should reset singleton instance",
                    "status": "passed",
                    "title": "should reset singleton instance",
                    "duration": 0.7360150218009949,
                    "failureMessages": [],
                    "meta": {}
                }
            ],
            "startTime": 1753117424449,
            "endTime": 1753117424558.736,
            "status": "passed",
            "message": "",
            "name": "/var/www/html/systemprompt-os/tests/unit/modules/loader.spec.ts"
        },
        {
            "assertionResults": [
                {
                    "ancestorTitles": [
                        "ModuleRegistry",
                        "constructor"
                    ],
                    "fullName": "ModuleRegistry constructor should create a new registry instance and register core modules",
                    "status": "passed",
                    "title": "should create a new registry instance and register core modules",
                    "duration": 2.6507850289344788,
                    "failureMessages": [],
                    "meta": {}
                },
                {
                    "ancestorTitles": [
                        "ModuleRegistry",
                        "get"
                    ],
                    "fullName": "ModuleRegistry get should return a registered module",
                    "status": "passed",
                    "title": "should return a registered module",
                    "duration": 0.2306840419769287,
                    "failureMessages": [],
                    "meta": {}
                },
                {
                    "ancestorTitles": [
                        "ModuleRegistry",
                        "get"
                    ],
                    "fullName": "ModuleRegistry get should return undefined for non-existent module",
                    "status": "passed",
                    "title": "should return undefined for non-existent module",
                    "duration": 0.16887301206588745,
                    "failureMessages": [],
                    "meta": {}
                },
                {
                    "ancestorTitles": [
                        "ModuleRegistry",
                        "getAll"
                    ],
                    "fullName": "ModuleRegistry getAll should return all registered modules",
                    "status": "passed",
                    "title": "should return all registered modules",
                    "duration": 1.3654990196228027,
                    "failureMessages": [],
                    "meta": {}
                },
                {
                    "ancestorTitles": [
                        "ModuleRegistry",
                        "has"
                    ],
                    "fullName": "ModuleRegistry has should return true for registered module",
                    "status": "passed",
                    "title": "should return true for registered module",
                    "duration": 0.20966500043869019,
                    "failureMessages": [],
                    "meta": {}
                },
                {
                    "ancestorTitles": [
                        "ModuleRegistry",
                        "has"
                    ],
                    "fullName": "ModuleRegistry has should return false for non-existent module",
                    "status": "passed",
                    "title": "should return false for non-existent module",
                    "duration": 0.1436530351638794,
                    "failureMessages": [],
                    "meta": {}
                },
                {
                    "ancestorTitles": [
                        "ModuleRegistry",
                        "module interface"
                    ],
                    "fullName": "ModuleRegistry module interface should ensure all modules implement ModuleInterface",
                    "status": "passed",
                    "title": "should ensure all modules implement ModuleInterface",
                    "duration": 1.4702709913253784,
                    "failureMessages": [],
                    "meta": {}
                },
                {
                    "ancestorTitles": [
                        "ModuleRegistry",
                        "initializeAll"
                    ],
                    "fullName": "ModuleRegistry initializeAll should initialize all modules",
                    "status": "passed",
                    "title": "should initialize all modules",
                    "duration": 3.5903850197792053,
                    "failureMessages": [],
                    "meta": {}
                },
                {
                    "ancestorTitles": [
                        "ModuleRegistry",
                        "shutdownAll"
                    ],
                    "fullName": "ModuleRegistry shutdownAll should stop all modules",
                    "status": "passed",
                    "title": "should stop all modules",
                    "duration": 0.694582998752594,
                    "failureMessages": [],
                    "meta": {}
                },
                {
                    "ancestorTitles": [
                        "ModuleRegistry",
                        "register"
                    ],
                    "fullName": "ModuleRegistry register should register a new module",
                    "status": "passed",
                    "title": "should register a new module",
                    "duration": 0.6481840014457703,
                    "failureMessages": [],
                    "meta": {}
                }
            ],
            "startTime": 1753117424317,
            "endTime": 1753117424329.6482,
            "status": "passed",
            "message": "",
            "name": "/var/www/html/systemprompt-os/tests/unit/modules/registry.spec.ts"
        },
        {
            "assertionResults": [
                {
                    "ancestorTitles": [
                        "ServerConfig",
                        "default configuration"
                    ],
                    "fullName": "ServerConfig default configuration should load default configuration values",
                    "status": "passed",
                    "title": "should load default configuration values",
                    "duration": 35.924977004528046,
                    "failureMessages": [],
                    "meta": {}
                },
                {
                    "ancestorTitles": [
                        "ServerConfig",
                        "default configuration"
                    ],
                    "fullName": "ServerConfig default configuration should have correct token expiry defaults",
                    "status": "passed",
                    "title": "should have correct token expiry defaults",
                    "duration": 29.635371029376984,
                    "failureMessages": [],
                    "meta": {}
                },
                {
                    "ancestorTitles": [
                        "ServerConfig",
                        "environment variable overrides"
                    ],
                    "fullName": "ServerConfig environment variable overrides should use environment variables when set",
                    "status": "passed",
                    "title": "should use environment variables when set",
                    "duration": 20.711483001708984,
                    "failureMessages": [],
                    "meta": {}
                },
                {
                    "ancestorTitles": [
                        "ServerConfig",
                        "environment variable overrides"
                    ],
                    "fullName": "ServerConfig environment variable overrides should parse numeric environment variables",
                    "status": "passed",
                    "title": "should parse numeric environment variables",
                    "duration": 20.858056008815765,
                    "failureMessages": [],
                    "meta": {}
                },
                {
                    "ancestorTitles": [
                        "ServerConfig",
                        "environment variable overrides"
                    ],
                    "fullName": "ServerConfig environment variable overrides should construct BASEURL from PORT",
                    "status": "passed",
                    "title": "should construct BASEURL from PORT",
                    "duration": 36.733778953552246,
                    "failureMessages": [],
                    "meta": {}
                },
                {
                    "ancestorTitles": [
                        "ServerConfig",
                        "environment variable overrides"
                    ],
                    "fullName": "ServerConfig environment variable overrides should use custom BASEURL when provided",
                    "status": "passed",
                    "title": "should use custom BASEURL when provided",
                    "duration": 25.464142978191376,
                    "failureMessages": [],
                    "meta": {}
                },
                {
                    "ancestorTitles": [
                        "ServerConfig",
                        "CONFIG proxy behavior"
                    ],
                    "fullName": "ServerConfig CONFIG proxy behavior should always return fresh values",
                    "status": "passed",
                    "title": "should always return fresh values",
                    "duration": 22.5433030128479,
                    "failureMessages": [],
                    "meta": {}
                },
                {
                    "ancestorTitles": [
                        "ServerConfig",
                        "CONFIG proxy behavior"
                    ],
                    "fullName": "ServerConfig CONFIG proxy behavior should prevent modification",
                    "status": "passed",
                    "title": "should prevent modification",
                    "duration": 38.93470495939255,
                    "failureMessages": [],
                    "meta": {}
                },
                {
                    "ancestorTitles": [
                        "ServerConfig",
                        "production validation"
                    ],
                    "fullName": "ServerConfig production validation should warn when BASEURL contains localhost in production",
                    "status": "failed",
                    "title": "should warn when BASEURL contains localhost in production",
                    "duration": 51.34903299808502,
                    "failureMessages": [
                        "AssertionError: expected \"spy\" to be called with arguments: [ Array(1) ]\n\nReceived: \n\n\n\nNumber of calls: 0\n\n    at Proxy.<anonymous> (file:///var/www/html/systemprompt-os/node_modules/vitest/node_modules/@vitest/expect/dist/index.js:1465:13)\n    at Proxy.<anonymous> (file:///var/www/html/systemprompt-os/node_modules/vitest/node_modules/@vitest/expect/dist/index.js:972:17)\n    at Proxy.methodWrapper (file:///var/www/html/systemprompt-os/node_modules/vitest/node_modules/chai/chai.js:1706:25)\n    at /var/www/html/systemprompt-os/tests/unit/server/config.spec.ts:123:23\n    at processTicksAndRejections (node:internal/process/task_queues:95:5)\n    at file:///var/www/html/systemprompt-os/node_modules/vitest/node_modules/@vitest/runner/dist/index.js:533:5\n    at runTest (file:///var/www/html/systemprompt-os/node_modules/vitest/node_modules/@vitest/runner/dist/index.js:1056:11)\n    at runSuite (file:///var/www/html/systemprompt-os/node_modules/vitest/node_modules/@vitest/runner/dist/index.js:1205:15)\n    at runSuite (file:///var/www/html/systemprompt-os/node_modules/vitest/node_modules/@vitest/runner/dist/index.js:1205:15)\n    at runSuite (file:///var/www/html/systemprompt-os/node_modules/vitest/node_modules/@vitest/runner/dist/index.js:1205:15)"
                    ],
                    "meta": {}
                },
                {
                    "ancestorTitles": [
                        "ServerConfig",
                        "production validation"
                    ],
                    "fullName": "ServerConfig production validation should not warn when BASEURL is valid in production",
                    "status": "passed",
                    "title": "should not warn when BASEURL is valid in production",
                    "duration": 23.81945502758026,
                    "failureMessages": [],
                    "meta": {}
                },
                {
                    "ancestorTitles": [
                        "ServerConfig",
                        "configuration validation"
                    ],
                    "fullName": "ServerConfig configuration validation should validate required fields are present",
                    "status": "passed",
                    "title": "should validate required fields are present",
                    "duration": 20.18179601430893,
                    "failureMessages": [],
                    "meta": {}
                }
            ],
            "startTime": 1753117424160,
            "endTime": 1753117424486.182,
            "status": "failed",
            "message": "",
            "name": "/var/www/html/systemprompt-os/tests/unit/server/config.spec.ts"
        },
        {
            "assertionResults": [
                {
                    "ancestorTitles": [
                        "Server",
                        "createApp"
                    ],
                    "fullName": "Server createApp should create and configure Express app",
                    "status": "passed",
                    "title": "should create and configure Express app",
                    "duration": 688.8630529642105,
                    "failureMessages": [],
                    "meta": {}
                },
                {
                    "ancestorTitles": [
                        "Server",
                        "createApp"
                    ],
                    "fullName": "Server createApp should load modules",
                    "status": "passed",
                    "title": "should load modules",
                    "duration": 217.43601101636887,
                    "failureMessages": [],
                    "meta": {}
                },
                {
                    "ancestorTitles": [
                        "Server",
                        "createApp"
                    ],
                    "fullName": "Server createApp should setup body parsing middleware",
                    "status": "passed",
                    "title": "should setup body parsing middleware",
                    "duration": 220.6564919948578,
                    "failureMessages": [],
                    "meta": {}
                },
                {
                    "ancestorTitles": [
                        "Server",
                        "createApp"
                    ],
                    "fullName": "Server createApp should setup external API",
                    "status": "passed",
                    "title": "should setup external API",
                    "duration": 183.16249799728394,
                    "failureMessages": [],
                    "meta": {}
                },
                {
                    "ancestorTitles": [
                        "Server",
                        "createApp"
                    ],
                    "fullName": "Server createApp should setup root endpoint",
                    "status": "passed",
                    "title": "should setup root endpoint",
                    "duration": 59.39833199977875,
                    "failureMessages": [],
                    "meta": {}
                },
                {
                    "ancestorTitles": [
                        "Server",
                        "startServer"
                    ],
                    "fullName": "Server startServer should start server on configured port",
                    "status": "passed",
                    "title": "should start server on configured port",
                    "duration": 32.457379043102264,
                    "failureMessages": [],
                    "meta": {}
                },
                {
                    "ancestorTitles": [
                        "Server",
                        "startServer"
                    ],
                    "fullName": "Server startServer should handle server startup errors",
                    "status": "passed",
                    "title": "should handle server startup errors",
                    "duration": 19.46477299928665,
                    "failureMessages": [],
                    "meta": {}
                },
                {
                    "ancestorTitles": [
                        "Server",
                        "startServer"
                    ],
                    "fullName": "Server startServer should return HTTP server instance",
                    "status": "passed",
                    "title": "should return HTTP server instance",
                    "duration": 22.481545984745026,
                    "failureMessages": [],
                    "meta": {}
                },
                {
                    "ancestorTitles": [
                        "Server",
                        "endpoints"
                    ],
                    "fullName": "Server endpoints should handle root endpoint request",
                    "status": "passed",
                    "title": "should handle root endpoint request",
                    "duration": 19.369823038578033,
                    "failureMessages": [],
                    "meta": {}
                },
                {
                    "ancestorTitles": [
                        "Server",
                        "error handling"
                    ],
                    "fullName": "Server error handling should handle CORS errors gracefully",
                    "status": "passed",
                    "title": "should handle CORS errors gracefully",
                    "duration": 16.333962976932526,
                    "failureMessages": [],
                    "meta": {}
                },
                {
                    "ancestorTitles": [
                        "Server",
                        "error handling"
                    ],
                    "fullName": "Server error handling should handle listen errors",
                    "status": "passed",
                    "title": "should handle listen errors",
                    "duration": 15.562650978565216,
                    "failureMessages": [],
                    "meta": {}
                },
                {
                    "ancestorTitles": [
                        "Server",
                        "graceful shutdown"
                    ],
                    "fullName": "Server graceful shutdown should shutdown modules on server close",
                    "status": "passed",
                    "title": "should shutdown modules on server close",
                    "duration": 15.780135989189148,
                    "failureMessages": [],
                    "meta": {}
                }
            ],
            "startTime": 1753117423605,
            "endTime": 1753117425116.78,
            "status": "passed",
            "message": "",
            "name": "/var/www/html/systemprompt-os/tests/unit/server/index.spec.ts"
        },
        {
            "assertionResults": [
                {
                    "ancestorTitles": [
                        "MCPHandler",
                        "constructor"
                    ],
                    "fullName": "MCPHandler constructor should set up cleanup interval",
                    "status": "passed",
                    "title": "should set up cleanup interval",
                    "duration": 7.777086973190308,
                    "failureMessages": [],
                    "meta": {}
                },
                {
                    "ancestorTitles": [
                        "MCPHandler",
                        "setupRoutes"
                    ],
                    "fullName": "MCPHandler setupRoutes should set up routes on the Express app",
                    "status": "passed",
                    "title": "should set up routes on the Express app",
                    "duration": 1.8657640218734741,
                    "failureMessages": [],
                    "meta": {}
                },
                {
                    "ancestorTitles": [
                        "MCPHandler",
                        "getServerForSession"
                    ],
                    "fullName": "MCPHandler getServerForSession should return undefined for non-existent session",
                    "status": "passed",
                    "title": "should return undefined for non-existent session",
                    "duration": 1.0170519948005676,
                    "failureMessages": [],
                    "meta": {}
                },
                {
                    "ancestorTitles": [
                        "MCPHandler",
                        "getServerForSession"
                    ],
                    "fullName": "MCPHandler getServerForSession should return server for existing session",
                    "status": "passed",
                    "title": "should return server for existing session",
                    "duration": 2.4289309978485107,
                    "failureMessages": [],
                    "meta": {}
                },
                {
                    "ancestorTitles": [
                        "MCPHandler",
                        "getAllServers"
                    ],
                    "fullName": "MCPHandler getAllServers should return empty array when no sessions exist",
                    "status": "passed",
                    "title": "should return empty array when no sessions exist",
                    "duration": 0.899619996547699,
                    "failureMessages": [],
                    "meta": {}
                },
                {
                    "ancestorTitles": [
                        "MCPHandler",
                        "getServer"
                    ],
                    "fullName": "MCPHandler getServer should return new server when no sessions exist",
                    "status": "passed",
                    "title": "should return new server when no sessions exist",
                    "duration": 0.7094449996948242,
                    "failureMessages": [],
                    "meta": {}
                },
                {
                    "ancestorTitles": [
                        "MCPHandler",
                        "getServer"
                    ],
                    "fullName": "MCPHandler getServer should return existing server when sessions exist",
                    "status": "passed",
                    "title": "should return existing server when sessions exist",
                    "duration": 1.1054929494857788,
                    "failureMessages": [],
                    "meta": {}
                },
                {
                    "ancestorTitles": [
                        "MCPHandler",
                        "cleanupSession"
                    ],
                    "fullName": "MCPHandler cleanupSession should remove session from sessions map",
                    "status": "passed",
                    "title": "should remove session from sessions map",
                    "duration": 0.854216992855072,
                    "failureMessages": [],
                    "meta": {}
                },
                {
                    "ancestorTitles": [
                        "MCPHandler",
                        "getActiveSessionCount"
                    ],
                    "fullName": "MCPHandler getActiveSessionCount should return 0 when no sessions exist",
                    "status": "passed",
                    "title": "should return 0 when no sessions exist",
                    "duration": 0.7396450042724609,
                    "failureMessages": [],
                    "meta": {}
                },
                {
                    "ancestorTitles": [
                        "MCPHandler",
                        "shutdown"
                    ],
                    "fullName": "MCPHandler shutdown should clear cleanup interval",
                    "status": "passed",
                    "title": "should clear cleanup interval",
                    "duration": 0.8948789834976196,
                    "failureMessages": [],
                    "meta": {}
                },
                {
                    "ancestorTitles": [
                        "MCPHandler",
                        "session management"
                    ],
                    "fullName": "MCPHandler session management should create new session for request without session ID",
                    "status": "passed",
                    "title": "should create new session for request without session ID",
                    "duration": 1.2906270027160645,
                    "failureMessages": [],
                    "meta": {}
                },
                {
                    "ancestorTitles": [
                        "MCPHandler",
                        "session management"
                    ],
                    "fullName": "MCPHandler session management should reuse existing session for request with session ID",
                    "status": "passed",
                    "title": "should reuse existing session for request with session ID",
                    "duration": 1.239615023136139,
                    "failureMessages": [],
                    "meta": {}
                },
                {
                    "ancestorTitles": [
                        "MCPHandler",
                        "session management"
                    ],
                    "fullName": "MCPHandler session management should clean up old sessions",
                    "status": "passed",
                    "title": "should clean up old sessions",
                    "duration": 2.0588130354881287,
                    "failureMessages": [],
                    "meta": {}
                },
                {
                    "ancestorTitles": [
                        "MCPHandler",
                        "request handlers"
                    ],
                    "fullName": "MCPHandler request handlers should register all required request handlers",
                    "status": "passed",
                    "title": "should register all required request handlers",
                    "duration": 1.3244370222091675,
                    "failureMessages": [],
                    "meta": {}
                },
                {
                    "ancestorTitles": [
                        "MCPHandler",
                        "error handling"
                    ],
                    "fullName": "MCPHandler error handling should handle non-existent session",
                    "status": "passed",
                    "title": "should handle non-existent session",
                    "duration": 2.120312988758087,
                    "failureMessages": [],
                    "meta": {}
                },
                {
                    "ancestorTitles": [
                        "MCPHandler",
                        "error handling"
                    ],
                    "fullName": "MCPHandler error handling should handle transport errors",
                    "status": "passed",
                    "title": "should handle transport errors",
                    "duration": 15.043545007705688,
                    "failureMessages": [],
                    "meta": {}
                },
                {
                    "ancestorTitles": [
                        "Global MCP Handler instance"
                    ],
                    "fullName": "Global MCP Handler instance should set and get MCP handler instance",
                    "status": "passed",
                    "title": "should set and get MCP handler instance",
                    "duration": 0.4369490146636963,
                    "failureMessages": [],
                    "meta": {}
                },
                {
                    "ancestorTitles": [
                        "Global MCP Handler instance"
                    ],
                    "fullName": "Global MCP Handler instance should return null when no instance is set",
                    "status": "passed",
                    "title": "should return null when no instance is set",
                    "duration": 0.31238603591918945,
                    "failureMessages": [],
                    "meta": {}
                }
            ],
            "startTime": 1753117424570,
            "endTime": 1753117424618.3125,
            "status": "passed",
            "message": "",
            "name": "/var/www/html/systemprompt-os/tests/unit/server/mcp-handler.spec.ts"
        },
        {
            "assertionResults": [
                {
                    "ancestorTitles": [
                        "MCP Server",
                        "setupMCPServers"
                    ],
                    "fullName": "MCP Server setupMCPServers should setup MCP servers with registry",
                    "status": "passed",
                    "title": "should setup MCP servers with registry",
                    "duration": 31.967328011989594,
                    "failureMessages": [],
                    "meta": {}
                },
                {
                    "ancestorTitles": [
                        "MCP Server",
                        "setupMCPServers"
                    ],
                    "fullName": "MCP Server setupMCPServers should handle custom loader errors gracefully",
                    "status": "passed",
                    "title": "should handle custom loader errors gracefully",
                    "duration": 2.066053032875061,
                    "failureMessages": [],
                    "meta": {}
                },
                {
                    "ancestorTitles": [
                        "MCP Server",
                        "MCPHandler"
                    ],
                    "fullName": "MCP Server MCPHandler should create handler instance",
                    "status": "passed",
                    "title": "should create handler instance",
                    "duration": 1.591862976551056,
                    "failureMessages": [],
                    "meta": {}
                }
            ],
            "startTime": 1753117424648,
            "endTime": 1753117424684.5918,
            "status": "passed",
            "message": "",
            "name": "/var/www/html/systemprompt-os/tests/unit/server/mcp.spec.ts"
        },
        {
            "assertionResults": [
                {
                    "ancestorTitles": [
                        "Server Middleware",
                        "rateLimitMiddleware"
                    ],
                    "fullName": "Server Middleware rateLimitMiddleware should allow requests within rate limit",
                    "status": "passed",
                    "title": "should allow requests within rate limit",
                    "duration": 92.63523697853088,
                    "failureMessages": [],
                    "meta": {}
                },
                {
                    "ancestorTitles": [
                        "Server Middleware",
                        "rateLimitMiddleware"
                    ],
                    "fullName": "Server Middleware rateLimitMiddleware should block requests exceeding rate limit",
                    "status": "passed",
                    "title": "should block requests exceeding rate limit",
                    "duration": 14.054464995861053,
                    "failureMessages": [],
                    "meta": {}
                },
                {
                    "ancestorTitles": [
                        "Server Middleware",
                        "rateLimitMiddleware"
                    ],
                    "fullName": "Server Middleware rateLimitMiddleware should reset rate limit after window expires",
                    "status": "passed",
                    "title": "should reset rate limit after window expires",
                    "duration": 9.35332602262497,
                    "failureMessages": [],
                    "meta": {}
                },
                {
                    "ancestorTitles": [
                        "Server Middleware",
                        "rateLimitMiddleware"
                    ],
                    "fullName": "Server Middleware rateLimitMiddleware should track rate limits per IP",
                    "status": "passed",
                    "title": "should track rate limits per IP",
                    "duration": 11.328352987766266,
                    "failureMessages": [],
                    "meta": {}
                },
                {
                    "ancestorTitles": [
                        "Server Middleware",
                        "rateLimitMiddleware"
                    ],
                    "fullName": "Server Middleware rateLimitMiddleware should handle undefined IP gracefully",
                    "status": "passed",
                    "title": "should handle undefined IP gracefully",
                    "duration": 8.26990795135498,
                    "failureMessages": [],
                    "meta": {}
                },
                {
                    "ancestorTitles": [
                        "Server Middleware",
                        "rateLimitMiddleware"
                    ],
                    "fullName": "Server Middleware rateLimitMiddleware should use default values when no parameters provided",
                    "status": "passed",
                    "title": "should use default values when no parameters provided",
                    "duration": 6.840421974658966,
                    "failureMessages": [],
                    "meta": {}
                },
                {
                    "ancestorTitles": [
                        "Server Middleware",
                        "rateLimitMiddleware"
                    ],
                    "fullName": "Server Middleware rateLimitMiddleware should calculate retry-after correctly",
                    "status": "passed",
                    "title": "should calculate retry-after correctly",
                    "duration": 14.457221984863281,
                    "failureMessages": [],
                    "meta": {}
                },
                {
                    "ancestorTitles": [
                        "Server Middleware",
                        "validateProtocolVersion"
                    ],
                    "fullName": "Server Middleware validateProtocolVersion should allow requests without protocol version header",
                    "status": "passed",
                    "title": "should allow requests without protocol version header",
                    "duration": 20.340315997600555,
                    "failureMessages": [],
                    "meta": {}
                },
                {
                    "ancestorTitles": [
                        "Server Middleware",
                        "validateProtocolVersion"
                    ],
                    "fullName": "Server Middleware validateProtocolVersion should allow supported protocol versions",
                    "status": "passed",
                    "title": "should allow supported protocol versions",
                    "duration": 8.847716987133026,
                    "failureMessages": [],
                    "meta": {}
                },
                {
                    "ancestorTitles": [
                        "Server Middleware",
                        "validateProtocolVersion"
                    ],
                    "fullName": "Server Middleware validateProtocolVersion should reject unsupported protocol versions",
                    "status": "passed",
                    "title": "should reject unsupported protocol versions",
                    "duration": 35.26223599910736,
                    "failureMessages": [],
                    "meta": {}
                },
                {
                    "ancestorTitles": [
                        "Server Middleware",
                        "requestSizeLimit"
                    ],
                    "fullName": "Server Middleware requestSizeLimit should allow requests within size limit",
                    "status": "passed",
                    "title": "should allow requests within size limit",
                    "duration": 9.507350027561188,
                    "failureMessages": [],
                    "meta": {}
                },
                {
                    "ancestorTitles": [
                        "Server Middleware",
                        "requestSizeLimit"
                    ],
                    "fullName": "Server Middleware requestSizeLimit should block requests exceeding size limit",
                    "status": "passed",
                    "title": "should block requests exceeding size limit",
                    "duration": 24.08246499300003,
                    "failureMessages": [],
                    "meta": {}
                },
                {
                    "ancestorTitles": [
                        "Server Middleware",
                        "requestSizeLimit"
                    ],
                    "fullName": "Server Middleware requestSizeLimit should handle missing content-length header",
                    "status": "passed",
                    "title": "should handle missing content-length header",
                    "duration": 13.578523993492126,
                    "failureMessages": [],
                    "meta": {}
                },
                {
                    "ancestorTitles": [
                        "Server Middleware",
                        "requestSizeLimit"
                    ],
                    "fullName": "Server Middleware requestSizeLimit should use default size limit of 10MB",
                    "status": "passed",
                    "title": "should use default size limit of 10MB",
                    "duration": 22.470148980617523,
                    "failureMessages": [],
                    "meta": {}
                },
                {
                    "ancestorTitles": [
                        "Server Middleware",
                        "cleanup interval"
                    ],
                    "fullName": "Server Middleware cleanup interval should clean up expired rate limit entries",
                    "status": "passed",
                    "title": "should clean up expired rate limit entries",
                    "duration": 29.486407995224,
                    "failureMessages": [],
                    "meta": {}
                }
            ],
            "startTime": 1753117423605,
            "endTime": 1753117423926.4863,
            "status": "passed",
            "message": "",
            "name": "/var/www/html/systemprompt-os/tests/unit/server/middleware.spec.ts"
        },
        {
            "assertionResults": [
                {
                    "ancestorTitles": [
                        "Server Types",
                        "MCPErrorCode Enum"
                    ],
                    "fullName": "Server Types MCPErrorCode Enum should have correct JSON-RPC 2.0 error codes",
                    "status": "passed",
                    "title": "should have correct JSON-RPC 2.0 error codes",
                    "duration": 2.0748629570007324,
                    "failureMessages": [],
                    "meta": {}
                },
                {
                    "ancestorTitles": [
                        "Server Types",
                        "MCPErrorCode Enum"
                    ],
                    "fullName": "Server Types MCPErrorCode Enum should have all expected enum keys",
                    "status": "passed",
                    "title": "should have all expected enum keys",
                    "duration": 1.0536220073699951,
                    "failureMessages": [],
                    "meta": {}
                },
                {
                    "ancestorTitles": [
                        "Server Types",
                        "MCPErrorCode Enum"
                    ],
                    "fullName": "Server Types MCPErrorCode Enum should support reverse lookup for numeric enums",
                    "status": "passed",
                    "title": "should support reverse lookup for numeric enums",
                    "duration": 0.4632490277290344,
                    "failureMessages": [],
                    "meta": {}
                },
                {
                    "ancestorTitles": [
                        "Server Types",
                        "MCPErrorCode Enum"
                    ],
                    "fullName": "Server Types MCPErrorCode Enum should be usable in error responses",
                    "status": "passed",
                    "title": "should be usable in error responses",
                    "duration": 0.2619650363922119,
                    "failureMessages": [],
                    "meta": {}
                }
            ],
            "startTime": 1753117424918,
            "endTime": 1753117424922.262,
            "status": "passed",
            "message": "",
            "name": "/var/www/html/systemprompt-os/tests/unit/server/types.spec.ts"
        },
        {
            "assertionResults": [
                {
                    "ancestorTitles": [
                        "Utility Helpers",
                        "String utilities"
                    ],
                    "fullName": "Utility Helpers String utilities should capitalize strings",
                    "status": "passed",
                    "title": "should capitalize strings",
                    "duration": 1.447089970111847,
                    "failureMessages": [],
                    "meta": {}
                },
                {
                    "ancestorTitles": [
                        "Utility Helpers",
                        "String utilities"
                    ],
                    "fullName": "Utility Helpers String utilities should trim whitespace",
                    "status": "passed",
                    "title": "should trim whitespace",
                    "duration": 0.31298696994781494,
                    "failureMessages": [],
                    "meta": {}
                },
                {
                    "ancestorTitles": [
                        "Utility Helpers",
                        "String utilities"
                    ],
                    "fullName": "Utility Helpers String utilities should slugify strings",
                    "status": "passed",
                    "title": "should slugify strings",
                    "duration": 0.33268702030181885,
                    "failureMessages": [],
                    "meta": {}
                },
                {
                    "ancestorTitles": [
                        "Utility Helpers",
                        "Array utilities"
                    ],
                    "fullName": "Utility Helpers Array utilities should chunk arrays",
                    "status": "passed",
                    "title": "should chunk arrays",
                    "duration": 1.017130970954895,
                    "failureMessages": [],
                    "meta": {}
                },
                {
                    "ancestorTitles": [
                        "Utility Helpers",
                        "Array utilities"
                    ],
                    "fullName": "Utility Helpers Array utilities should flatten arrays",
                    "status": "passed",
                    "title": "should flatten arrays",
                    "duration": 0.27884596586227417,
                    "failureMessages": [],
                    "meta": {}
                },
                {
                    "ancestorTitles": [
                        "Utility Helpers",
                        "Array utilities"
                    ],
                    "fullName": "Utility Helpers Array utilities should remove duplicates",
                    "status": "passed",
                    "title": "should remove duplicates",
                    "duration": 0.19920504093170166,
                    "failureMessages": [],
                    "meta": {}
                },
                {
                    "ancestorTitles": [
                        "Utility Helpers",
                        "Object utilities"
                    ],
                    "fullName": "Utility Helpers Object utilities should deep clone objects",
                    "status": "passed",
                    "title": "should deep clone objects",
                    "duration": 0.5110310316085815,
                    "failureMessages": [],
                    "meta": {}
                },
                {
                    "ancestorTitles": [
                        "Utility Helpers",
                        "Object utilities"
                    ],
                    "fullName": "Utility Helpers Object utilities should merge objects",
                    "status": "passed",
                    "title": "should merge objects",
                    "duration": 0.28657597303390503,
                    "failureMessages": [],
                    "meta": {}
                },
                {
                    "ancestorTitles": [
                        "Utility Helpers",
                        "Object utilities"
                    ],
                    "fullName": "Utility Helpers Object utilities should pick properties",
                    "status": "passed",
                    "title": "should pick properties",
                    "duration": 0.21775496006011963,
                    "failureMessages": [],
                    "meta": {}
                },
                {
                    "ancestorTitles": [
                        "Utility Helpers",
                        "Date utilities"
                    ],
                    "fullName": "Utility Helpers Date utilities should format dates",
                    "status": "passed",
                    "title": "should format dates",
                    "duration": 0.17357397079467773,
                    "failureMessages": [],
                    "meta": {}
                },
                {
                    "ancestorTitles": [
                        "Utility Helpers",
                        "Date utilities"
                    ],
                    "fullName": "Utility Helpers Date utilities should calculate date differences",
                    "status": "passed",
                    "title": "should calculate date differences",
                    "duration": 0.17499399185180664,
                    "failureMessages": [],
                    "meta": {}
                },
                {
                    "ancestorTitles": [
                        "Utility Helpers",
                        "Validation utilities"
                    ],
                    "fullName": "Utility Helpers Validation utilities should validate URLs",
                    "status": "passed",
                    "title": "should validate URLs",
                    "duration": 0.2604449987411499,
                    "failureMessages": [],
                    "meta": {}
                },
                {
                    "ancestorTitles": [
                        "Utility Helpers",
                        "Validation utilities"
                    ],
                    "fullName": "Utility Helpers Validation utilities should validate JSON",
                    "status": "passed",
                    "title": "should validate JSON",
                    "duration": 0.26248598098754883,
                    "failureMessages": [],
                    "meta": {}
                }
            ],
            "startTime": 1753117424253,
            "endTime": 1753117424259.2625,
            "status": "passed",
            "message": "",
            "name": "/var/www/html/systemprompt-os/tests/unit/utils/helpers.spec.ts"
        },
        {
            "assertionResults": [
                {
                    "ancestorTitles": [
                        "ID Validation Utils",
                        "isValidUUID"
                    ],
                    "fullName": "ID Validation Utils isValidUUID validates 550e8400-e29b-41d4-a716-446655440000 as true (standard UUID)",
                    "status": "passed",
                    "title": "validates 550e8400-e29b-41d4-a716-446655440000 as true (standard UUID)",
                    "duration": 1.6900750398635864,
                    "failureMessages": [],
                    "meta": {}
                },
                {
                    "ancestorTitles": [
                        "ID Validation Utils",
                        "isValidUUID"
                    ],
                    "fullName": "ID Validation Utils isValidUUID validates 6ba7b810-9dad-11d1-80b4-00c04fd430c8 as true (UUID v1)",
                    "status": "passed",
                    "title": "validates 6ba7b810-9dad-11d1-80b4-00c04fd430c8 as true (UUID v1)",
                    "duration": 0.36536699533462524,
                    "failureMessages": [],
                    "meta": {}
                },
                {
                    "ancestorTitles": [
                        "ID Validation Utils",
                        "isValidUUID"
                    ],
                    "fullName": "ID Validation Utils isValidUUID validates 00000000-0000-0000-0000-000000000000 as true (nil UUID)",
                    "status": "passed",
                    "title": "validates 00000000-0000-0000-0000-000000000000 as true (nil UUID)",
                    "duration": 0.16809296607971191,
                    "failureMessages": [],
                    "meta": {}
                },
                {
                    "ancestorTitles": [
                        "ID Validation Utils",
                        "isValidUUID"
                    ],
                    "fullName": "ID Validation Utils isValidUUID validates c9f57622-bb3f-11ed-afa1-0242ac120002 as true (UUID v1)",
                    "status": "passed",
                    "title": "validates c9f57622-bb3f-11ed-afa1-0242ac120002 as true (UUID v1)",
                    "duration": 0.16616302728652954,
                    "failureMessages": [],
                    "meta": {}
                },
                {
                    "ancestorTitles": [
                        "ID Validation Utils",
                        "isValidUUID"
                    ],
                    "fullName": "ID Validation Utils isValidUUID validates 9b1deb4d-3b7d-4bad-9bdd-2b0d7b3dcb6d as true (UUID v4)",
                    "status": "passed",
                    "title": "validates 9b1deb4d-3b7d-4bad-9bdd-2b0d7b3dcb6d as true (UUID v4)",
                    "duration": 0.16033399105072021,
                    "failureMessages": [],
                    "meta": {}
                },
                {
                    "ancestorTitles": [
                        "ID Validation Utils",
                        "isValidUUID"
                    ],
                    "fullName": "ID Validation Utils isValidUUID validates a6fa3124-d8f5-5e45-8b5b-73e524d7c2f2 as true (UUID v5)",
                    "status": "passed",
                    "title": "validates a6fa3124-d8f5-5e45-8b5b-73e524d7c2f2 as true (UUID v5)",
                    "duration": 0.17506402730941772,
                    "failureMessages": [],
                    "meta": {}
                },
                {
                    "ancestorTitles": [
                        "ID Validation Utils",
                        "isValidUUID"
                    ],
                    "fullName": "ID Validation Utils isValidUUID validates 550E8400-E29B-41D4-A716-446655440000 as true (uppercase UUID)",
                    "status": "passed",
                    "title": "validates 550E8400-E29B-41D4-A716-446655440000 as true (uppercase UUID)",
                    "duration": 0.19264400005340576,
                    "failureMessages": [],
                    "meta": {}
                },
                {
                    "ancestorTitles": [
                        "ID Validation Utils",
                        "isValidUUID"
                    ],
                    "fullName": "ID Validation Utils isValidUUID validates 550e8400-E29B-41d4-A716-446655440000 as true (mixed case UUID)",
                    "status": "passed",
                    "title": "validates 550e8400-E29B-41d4-A716-446655440000 as true (mixed case UUID)",
                    "duration": 0.2255050539970398,
                    "failureMessages": [],
                    "meta": {}
                },
                {
                    "ancestorTitles": [
                        "ID Validation Utils",
                        "isValidUUID"
                    ],
                    "fullName": "ID Validation Utils isValidUUID validates not-a-uuid as false (invalid format)",
                    "status": "passed",
                    "title": "validates not-a-uuid as false (invalid format)",
                    "duration": 0.2338150143623352,
                    "failureMessages": [],
                    "meta": {}
                },
                {
                    "ancestorTitles": [
                        "ID Validation Utils",
                        "isValidUUID"
                    ],
                    "fullName": "ID Validation Utils isValidUUID validates 550e8400-e29b-41d4-a716 as false (too short)",
                    "status": "passed",
                    "title": "validates 550e8400-e29b-41d4-a716 as false (too short)",
                    "duration": 0.1459229588508606,
                    "failureMessages": [],
                    "meta": {}
                },
                {
                    "ancestorTitles": [
                        "ID Validation Utils",
                        "isValidUUID"
                    ],
                    "fullName": "ID Validation Utils isValidUUID validates 550e8400-e29b-41d4-a716-446655440000-extra as false (too long)",
                    "status": "passed",
                    "title": "validates 550e8400-e29b-41d4-a716-446655440000-extra as false (too long)",
                    "duration": 0.159773051738739,
                    "failureMessages": [],
                    "meta": {}
                },
                {
                    "ancestorTitles": [
                        "ID Validation Utils",
                        "isValidUUID"
                    ],
                    "fullName": "ID Validation Utils isValidUUID validates 550e8400-e29b-41d4-a716-44665544000g as false (invalid character)",
                    "status": "passed",
                    "title": "validates 550e8400-e29b-41d4-a716-44665544000g as false (invalid character)",
                    "duration": 0.18422400951385498,
                    "failureMessages": [],
                    "meta": {}
                },
                {
                    "ancestorTitles": [
                        "ID Validation Utils",
                        "isValidUUID"
                    ],
                    "fullName": "ID Validation Utils isValidUUID validates  as false (empty string)",
                    "status": "passed",
                    "title": "validates  as false (empty string)",
                    "duration": 0.2157040238380432,
                    "failureMessages": [],
                    "meta": {}
                },
                {
                    "ancestorTitles": [
                        "ID Validation Utils",
                        "isValidUUID"
                    ],
                    "fullName": "ID Validation Utils isValidUUID validates     as false (whitespace only)",
                    "status": "passed",
                    "title": "validates     as false (whitespace only)",
                    "duration": 0.22783499956130981,
                    "failureMessages": [],
                    "meta": {}
                },
                {
                    "ancestorTitles": [
                        "ID Validation Utils",
                        "isValidUUID"
                    ],
                    "fullName": "ID Validation Utils isValidUUID validates \t\n as false (special whitespace)",
                    "status": "passed",
                    "title": "validates \t\n as false (special whitespace)",
                    "duration": 0.17510300874710083,
                    "failureMessages": [],
                    "meta": {}
                },
                {
                    "ancestorTitles": [
                        "ID Validation Utils",
                        "isValidUUID"
                    ],
                    "fullName": "ID Validation Utils isValidUUID validates 123 as false (number input)",
                    "status": "passed",
                    "title": "validates 123 as false (number input)",
                    "duration": 0.14232301712036133,
                    "failureMessages": [],
                    "meta": {}
                },
                {
                    "ancestorTitles": [
                        "ID Validation Utils",
                        "isValidUUID"
                    ],
                    "fullName": "ID Validation Utils isValidUUID validates {} as false (object input)",
                    "status": "passed",
                    "title": "validates {} as false (object input)",
                    "duration": 0.18618398904800415,
                    "failureMessages": [],
                    "meta": {}
                },
                {
                    "ancestorTitles": [
                        "ID Validation Utils",
                        "isValidUUID"
                    ],
                    "fullName": "ID Validation Utils isValidUUID validates [] as false (array input)",
                    "status": "passed",
                    "title": "validates [] as false (array input)",
                    "duration": 0.10826200246810913,
                    "failureMessages": [],
                    "meta": {}
                },
                {
                    "ancestorTitles": [
                        "ID Validation Utils",
                        "isValidUUID"
                    ],
                    "fullName": "ID Validation Utils isValidUUID validates true as false (boolean input)",
                    "status": "passed",
                    "title": "validates true as false (boolean input)",
                    "duration": 0.09563201665878296,
                    "failureMessages": [],
                    "meta": {}
                },
                {
                    "ancestorTitles": [
                        "ID Validation Utils",
                        "isValidUUID"
                    ],
                    "fullName": "ID Validation Utils isValidUUID validates null as false (null input)",
                    "status": "passed",
                    "title": "validates null as false (null input)",
                    "duration": 0.09166198968887329,
                    "failureMessages": [],
                    "meta": {}
                },
                {
                    "ancestorTitles": [
                        "ID Validation Utils",
                        "isValidUUID"
                    ],
                    "fullName": "ID Validation Utils isValidUUID validates undefined as false (undefined input)",
                    "status": "passed",
                    "title": "validates undefined as false (undefined input)",
                    "duration": 0.10159200429916382,
                    "failureMessages": [],
                    "meta": {}
                },
                {
                    "ancestorTitles": [
                        "ID Validation Utils",
                        "validateTaskId"
                    ],
                    "fullName": "ID Validation Utils validateTaskId handles 550e8400-e29b-41d4-a716-446655440000 correctly",
                    "status": "passed",
                    "title": "handles 550e8400-e29b-41d4-a716-446655440000 correctly",
                    "duration": 0.23244500160217285,
                    "failureMessages": [],
                    "meta": {}
                },
                {
                    "ancestorTitles": [
                        "ID Validation Utils",
                        "validateTaskId"
                    ],
                    "fullName": "ID Validation Utils validateTaskId handles task_550e8400-e29b-41d4-a716-446655440000 correctly",
                    "status": "passed",
                    "title": "handles task_550e8400-e29b-41d4-a716-446655440000 correctly",
                    "duration": 0.14119303226470947,
                    "failureMessages": [],
                    "meta": {}
                },
                {
                    "ancestorTitles": [
                        "ID Validation Utils",
                        "validateTaskId"
                    ],
                    "fullName": "ID Validation Utils validateTaskId handles  correctly",
                    "status": "passed",
                    "title": "handles  correctly",
                    "duration": 1.2637970447540283,
                    "failureMessages": [],
                    "meta": {}
                },
                {
                    "ancestorTitles": [
                        "ID Validation Utils",
                        "validateTaskId"
                    ],
                    "fullName": "ID Validation Utils validateTaskId handles invalid-id correctly",
                    "status": "passed",
                    "title": "handles invalid-id correctly",
                    "duration": 0.2799760103225708,
                    "failureMessages": [],
                    "meta": {}
                },
                {
                    "ancestorTitles": [
                        "ID Validation Utils",
                        "validateTaskId"
                    ],
                    "fullName": "ID Validation Utils validateTaskId handles 123 correctly",
                    "status": "passed",
                    "title": "handles 123 correctly",
                    "duration": 0.29924702644348145,
                    "failureMessages": [],
                    "meta": {}
                },
                {
                    "ancestorTitles": [
                        "ID Validation Utils",
                        "validateTaskId"
                    ],
                    "fullName": "ID Validation Utils validateTaskId handles task_invalid correctly",
                    "status": "passed",
                    "title": "handles task_invalid correctly",
                    "duration": 0.25698500871658325,
                    "failureMessages": [],
                    "meta": {}
                },
                {
                    "ancestorTitles": [
                        "ID Validation Utils",
                        "validateTaskId"
                    ],
                    "fullName": "ID Validation Utils validateTaskId handles     correctly",
                    "status": "passed",
                    "title": "handles     correctly",
                    "duration": 0.2863759994506836,
                    "failureMessages": [],
                    "meta": {}
                },
                {
                    "ancestorTitles": [
                        "ID Validation Utils",
                        "validateTaskId"
                    ],
                    "fullName": "ID Validation Utils validateTaskId handles null correctly",
                    "status": "passed",
                    "title": "handles null correctly",
                    "duration": 0.2490050196647644,
                    "failureMessages": [],
                    "meta": {}
                },
                {
                    "ancestorTitles": [
                        "ID Validation Utils",
                        "validateTaskId"
                    ],
                    "fullName": "ID Validation Utils validateTaskId handles undefined correctly",
                    "status": "passed",
                    "title": "handles undefined correctly",
                    "duration": 0.2368849515914917,
                    "failureMessages": [],
                    "meta": {}
                },
                {
                    "ancestorTitles": [
                        "ID Validation Utils",
                        "sanitizeTaskId"
                    ],
                    "fullName": "ID Validation Utils sanitizeTaskId sanitizes 550e8400-e29b-41d4-a716-446655440000 correctly",
                    "status": "passed",
                    "title": "sanitizes 550e8400-e29b-41d4-a716-446655440000 correctly",
                    "duration": 0.3034159541130066,
                    "failureMessages": [],
                    "meta": {}
                },
                {
                    "ancestorTitles": [
                        "ID Validation Utils",
                        "sanitizeTaskId"
                    ],
                    "fullName": "ID Validation Utils sanitizeTaskId sanitizes task_550e8400-e29b-41d4-a716-446655440000 correctly",
                    "status": "passed",
                    "title": "sanitizes task_550e8400-e29b-41d4-a716-446655440000 correctly",
                    "duration": 0.17603397369384766,
                    "failureMessages": [],
                    "meta": {}
                },
                {
                    "ancestorTitles": [
                        "ID Validation Utils",
                        "sanitizeTaskId"
                    ],
                    "fullName": "ID Validation Utils sanitizeTaskId sanitizes   550e8400-e29b-41d4-a716-446655440000   correctly",
                    "status": "passed",
                    "title": "sanitizes   550e8400-e29b-41d4-a716-446655440000   correctly",
                    "duration": 0.16431403160095215,
                    "failureMessages": [],
                    "meta": {}
                },
                {
                    "ancestorTitles": [
                        "ID Validation Utils",
                        "sanitizeTaskId"
                    ],
                    "fullName": "ID Validation Utils sanitizeTaskId sanitizes   task_550e8400-e29b-41d4-a716-446655440000   correctly",
                    "status": "passed",
                    "title": "sanitizes   task_550e8400-e29b-41d4-a716-446655440000   correctly",
                    "duration": 0.1618329882621765,
                    "failureMessages": [],
                    "meta": {}
                },
                {
                    "ancestorTitles": [
                        "ID Validation Utils",
                        "sanitizeTaskId"
                    ],
                    "fullName": "ID Validation Utils sanitizeTaskId sanitizes 550E8400-E29B-41D4-A716-446655440000 correctly",
                    "status": "passed",
                    "title": "sanitizes 550E8400-E29B-41D4-A716-446655440000 correctly",
                    "duration": 0.1667729616165161,
                    "failureMessages": [],
                    "meta": {}
                },
                {
                    "ancestorTitles": [
                        "ID Validation Utils",
                        "sanitizeTaskId"
                    ],
                    "fullName": "ID Validation Utils sanitizeTaskId sanitizes invalid correctly",
                    "status": "passed",
                    "title": "sanitizes invalid correctly",
                    "duration": 0.29208701848983765,
                    "failureMessages": [],
                    "meta": {}
                },
                {
                    "ancestorTitles": [
                        "ID Validation Utils",
                        "sanitizeTaskId"
                    ],
                    "fullName": "ID Validation Utils sanitizeTaskId sanitizes task_invalid correctly",
                    "status": "passed",
                    "title": "sanitizes task_invalid correctly",
                    "duration": 0.3029460310935974,
                    "failureMessages": [],
                    "meta": {}
                },
                {
                    "ancestorTitles": [
                        "ID Validation Utils",
                        "sanitizeTaskId"
                    ],
                    "fullName": "ID Validation Utils sanitizeTaskId sanitizes  correctly",
                    "status": "passed",
                    "title": "sanitizes  correctly",
                    "duration": 0.3509569764137268,
                    "failureMessages": [],
                    "meta": {}
                },
                {
                    "ancestorTitles": [
                        "ID Validation Utils",
                        "sanitizeTaskId"
                    ],
                    "fullName": "ID Validation Utils sanitizeTaskId sanitizes     correctly",
                    "status": "passed",
                    "title": "sanitizes     correctly",
                    "duration": 0.3555780053138733,
                    "failureMessages": [],
                    "meta": {}
                },
                {
                    "ancestorTitles": [
                        "ID Validation Utils",
                        "sanitizeTaskId"
                    ],
                    "fullName": "ID Validation Utils sanitizeTaskId sanitizes task_task_550e8400-e29b-41d4-a716-446655440000 correctly",
                    "status": "passed",
                    "title": "sanitizes task_task_550e8400-e29b-41d4-a716-446655440000 correctly",
                    "duration": 0.30275702476501465,
                    "failureMessages": [],
                    "meta": {}
                },
                {
                    "ancestorTitles": [
                        "ID Validation Utils",
                        "sanitizeTaskId"
                    ],
                    "fullName": "ID Validation Utils sanitizeTaskId sanitizes user_550e8400-e29b-41d4-a716-446655440000 correctly",
                    "status": "passed",
                    "title": "sanitizes user_550e8400-e29b-41d4-a716-446655440000 correctly",
                    "duration": 0.2908859848976135,
                    "failureMessages": [],
                    "meta": {}
                }
            ],
            "startTime": 1753117424566,
            "endTime": 1753117424578.3555,
[...]
                    "failureMessages": [],
                    "meta": {}
                }
            ],
            "startTime": 1753117424728,
            "endTime": 1753117424732.6282,
            "status": "passed",
            "message": "",
            "name": "/var/www/html/systemprompt-os/tests/unit/server/mcp/core/handlers/prompts/reddit-post.spec.ts"
        },
        {
            "assertionResults": [
                {
                    "ancestorTitles": [
                        "Unit Testing Prompts",
                        "CREATEUNIT_TESTS_PROMPT"
                    ],
                    "fullName": "Unit Testing Prompts CREATEUNIT_TESTS_PROMPT should have correct structure",
                    "status": "passed",
                    "title": "should have correct structure",
                    "duration": 2.0608029961586,
                    "failureMessages": [],
                    "meta": {}
                },
                {
                    "ancestorTitles": [
                        "Unit Testing Prompts",
                        "CREATEUNIT_TESTS_PROMPT"
                    ],
                    "fullName": "Unit Testing Prompts CREATEUNIT_TESTS_PROMPT should have correct arguments",
                    "status": "passed",
                    "title": "should have correct arguments",
                    "duration": 1.007191002368927,
                    "failureMessages": [],
                    "meta": {}
                },
                {
                    "ancestorTitles": [
                        "Unit Testing Prompts",
                        "CREATEUNIT_TESTS_PROMPT"
                    ],
                    "fullName": "Unit Testing Prompts CREATEUNIT_TESTS_PROMPT should have messages array with user role",
                    "status": "passed",
                    "title": "should have messages array with user role",
                    "duration": 0.25319498777389526,
                    "failureMessages": [],
                    "meta": {}
                },
                {
                    "ancestorTitles": [
                        "Unit Testing Prompts",
                        "CREATEUNIT_TESTS_PROMPT"
                    ],
                    "fullName": "Unit Testing Prompts CREATEUNIT_TESTS_PROMPT should have text content with template variables",
                    "status": "passed",
                    "title": "should have text content with template variables",
                    "duration": 0.3246060013771057,
                    "failureMessages": [],
                    "meta": {}
                },
                {
                    "ancestorTitles": [
                        "Unit Testing Prompts",
                        "CREATEUNIT_TESTS_PROMPT"
                    ],
                    "fullName": "Unit Testing Prompts CREATEUNIT_TESTS_PROMPT should include comprehensive testing guidelines",
                    "status": "passed",
                    "title": "should include comprehensive testing guidelines",
                    "duration": 0.240975022315979,
                    "failureMessages": [],
                    "meta": {}
                },
                {
                    "ancestorTitles": [
                        "Unit Testing Prompts",
                        "CREATEUNIT_TESTS_PROMPT"
                    ],
                    "fullName": "Unit Testing Prompts CREATEUNIT_TESTS_PROMPT should mention test categories",
                    "status": "passed",
                    "title": "should mention test categories",
                    "duration": 0.21486401557922363,
                    "failureMessages": [],
                    "meta": {}
                },
                {
                    "ancestorTitles": [
                        "Unit Testing Prompts",
                        "UNITTESTING_PROMPTS"
                    ],
                    "fullName": "Unit Testing Prompts UNITTESTING_PROMPTS should export array containing CREATEUNIT_TESTS_PROMPT",
                    "status": "passed",
                    "title": "should export array containing CREATEUNIT_TESTS_PROMPT",
                    "duration": 0.43640995025634766,
                    "failureMessages": [],
                    "meta": {}
                }
            ],
            "startTime": 1753117424657,
            "endTime": 1753117424662.4365,
            "status": "passed",
            "message": "",
            "name": "/var/www/html/systemprompt-os/tests/unit/server/mcp/core/handlers/prompts/unit-testing.spec.ts"
        },
        {
            "assertionResults": [
                {
                    "ancestorTitles": [
                        "task-output resource handler",
                        "getTaskOutputResource"
                    ],
                    "fullName": "task-output resource handler getTaskOutputResource returns placeholder task output for valid task ID",
                    "status": "passed",
                    "title": "returns placeholder task output for valid task ID",
                    "duration": 3.1044830083847046,
                    "failureMessages": [],
                    "meta": {}
                },
                {
                    "ancestorTitles": [
                        "task-output resource handler",
                        "getTaskOutputResource"
                    ],
                    "fullName": "task-output resource handler getTaskOutputResource includes task data in output",
                    "status": "passed",
                    "title": "includes task data in output",
                    "duration": 1.4271100163459778,
                    "failureMessages": [],
                    "meta": {}
                },
                {
                    "ancestorTitles": [
                        "task-output resource handler",
                        "getTaskOutputResource"
                    ],
                    "fullName": "task-output resource handler getTaskOutputResource includes empty arrays for logs and events",
                    "status": "passed",
                    "title": "includes empty arrays for logs and events",
                    "duration": 1.2841479778289795,
                    "failureMessages": [],
                    "meta": {}
                },
                {
                    "ancestorTitles": [
                        "task-output resource handler",
                        "getTaskOutputResource"
                    ],
                    "fullName": "task-output resource handler getTaskOutputResource throws error when task ID is missing",
                    "status": "passed",
                    "title": "throws error when task ID is missing",
                    "duration": 1.9087309837341309,
                    "failureMessages": [],
                    "meta": {}
                },
                {
                    "ancestorTitles": [
                        "task-output resource handler",
                        "getTaskOutputResource"
                    ],
                    "fullName": "task-output resource handler getTaskOutputResource logs warning about unimplemented handler",
                    "status": "passed",
                    "title": "logs warning about unimplemented handler",
                    "duration": 1.6271039843559265,
                    "failureMessages": [],
                    "meta": {}
                },
                {
                    "ancestorTitles": [
                        "task-output resource handler",
                        "getTaskOutputResource"
                    ],
                    "fullName": "task-output resource handler getTaskOutputResource formats JSON output with proper indentation",
                    "status": "passed",
                    "title": "formats JSON output with proper indentation",
                    "duration": 0.4947900176048279,
                    "failureMessages": [],
                    "meta": {}
                },
                {
                    "ancestorTitles": [
                        "task-output resource handler",
                        "listTaskOutputResources"
                    ],
                    "fullName": "task-output resource handler listTaskOutputResources returns empty array",
                    "status": "passed",
                    "title": "returns empty array",
                    "duration": 1.252865970134735,
                    "failureMessages": [],
                    "meta": {}
                },
                {
                    "ancestorTitles": [
                        "task-output resource handler",
                        "listTaskOutputResources"
                    ],
                    "fullName": "task-output resource handler listTaskOutputResources logs warning about unimplemented listing",
                    "status": "passed",
                    "title": "logs warning about unimplemented listing",
                    "duration": 0.33650702238082886,
                    "failureMessages": [],
                    "meta": {}
                }
            ],
            "startTime": 1753117424621,
            "endTime": 1753117424633.3364,
            "status": "passed",
            "message": "",
            "name": "/var/www/html/systemprompt-os/tests/unit/server/mcp/core/handlers/resources/task-output.spec.ts"
        },
        {
            "assertionResults": [
                {
                    "ancestorTitles": [
                        "validation utilities",
                        "validateInput"
                    ],
                    "fullName": "validation utilities validateInput validates and returns parsed input for valid data",
                    "status": "passed",
                    "title": "validates and returns parsed input for valid data",
                    "duration": 4.254828989505768,
                    "failureMessages": [],
                    "meta": {}
                },
                {
                    "ancestorTitles": [
                        "validation utilities",
                        "validateInput"
                    ],
                    "fullName": "validation utilities validateInput throws ValidationError for invalid input",
                    "status": "passed",
                    "title": "throws ValidationError for invalid input",
                    "duration": 1.4982709884643555,
                    "failureMessages": [],
                    "meta": {}
                },
                {
                    "ancestorTitles": [
                        "validation utilities",
                        "validateInput"
                    ],
                    "fullName": "validation utilities validateInput includes field path in error",
                    "status": "passed",
                    "title": "includes field path in error",
                    "duration": 0.8387569785118103,
                    "failureMessages": [],
                    "meta": {}
                },
                {
                    "ancestorTitles": [
                        "validation utilities",
                        "validateInput"
                    ],
                    "fullName": "validation utilities validateInput handles array validation errors",
                    "status": "passed",
                    "title": "handles array validation errors",
                    "duration": 0.7788059711456299,
                    "failureMessages": [],
                    "meta": {}
                },
                {
                    "ancestorTitles": [
                        "validation utilities",
                        "validateWithResponse"
                    ],
                    "fullName": "validation utilities validateWithResponse returns validated data for valid input",
                    "status": "passed",
                    "title": "returns validated data for valid input",
                    "duration": 0.2987560033798218,
                    "failureMessages": [],
                    "meta": {}
                },
                {
                    "ancestorTitles": [
                        "validation utilities",
                        "validateWithResponse"
                    ],
                    "fullName": "validation utilities validateWithResponse returns error response for invalid input",
                    "status": "passed",
                    "title": "returns error response for invalid input",
                    "duration": 1.0411319732666016,
                    "failureMessages": [],
                    "meta": {}
                },
                {
                    "ancestorTitles": [
                        "validation utilities",
                        "sanitizeForLogging"
                    ],
                    "fullName": "validation utilities sanitizeForLogging masks API keys starting with sk-",
                    "status": "passed",
                    "title": "masks API keys starting with sk-",
                    "duration": 0.48326998949050903,
                    "failureMessages": [],
                    "meta": {}
                },
                {
                    "ancestorTitles": [
                        "validation utilities",
                        "sanitizeForLogging"
                    ],
                    "fullName": "validation utilities sanitizeForLogging masks fields with key in the name",
                    "status": "passed",
                    "title": "masks fields with key in the name",
                    "duration": 0.33400702476501465,
                    "failureMessages": [],
                    "meta": {}
                },
                {
                    "ancestorTitles": [
                        "validation utilities",
                        "sanitizeForLogging"
                    ],
                    "fullName": "validation utilities sanitizeForLogging masks Google API keys",
                    "status": "passed",
                    "title": "masks Google API keys",
                    "duration": 0.20436400175094604,
                    "failureMessages": [],
                    "meta": {}
                },
                {
                    "ancestorTitles": [
                        "validation utilities",
                        "sanitizeForLogging"
                    ],
                    "fullName": "validation utilities sanitizeForLogging masks password fields",
                    "status": "passed",
                    "title": "masks password fields",
                    "duration": 0.2031649947166443,
                    "failureMessages": [],
                    "meta": {}
                },
                {
                    "ancestorTitles": [
                        "validation utilities",
                        "sanitizeForLogging"
                    ],
                    "fullName": "validation utilities sanitizeForLogging masks token fields",
                    "status": "passed",
                    "title": "masks token fields",
                    "duration": 0.19767403602600098,
                    "failureMessages": [],
                    "meta": {}
                },
                {
                    "ancestorTitles": [
                        "validation utilities",
                        "sanitizeForLogging"
                    ],
                    "fullName": "validation utilities sanitizeForLogging masks Bearer tokens",
                    "status": "passed",
                    "title": "masks Bearer tokens",
                    "duration": 0.15412402153015137,
                    "failureMessages": [],
                    "meta": {}
                },
                {
                    "ancestorTitles": [
                        "validation utilities",
                        "sanitizeForLogging"
                    ],
                    "fullName": "validation utilities sanitizeForLogging handles multiple sensitive values",
                    "status": "passed",
                    "title": "handles multiple sensitive values",
                    "duration": 0.23488497734069824,
                    "failureMessages": [],
                    "meta": {}
                },
                {
                    "ancestorTitles": [
                        "validation utilities",
                        "createSafeValidator"
                    ],
                    "fullName": "validation utilities createSafeValidator creates a validator that returns validated data",
                    "status": "passed",
                    "title": "creates a validator that returns validated data",
                    "duration": 0.48009997606277466,
                    "failureMessages": [],
                    "meta": {}
                },
                {
                    "ancestorTitles": [
                        "validation utilities",
                        "createSafeValidator"
                    ],
                    "fullName": "validation utilities createSafeValidator returns error for invalid input",
                    "status": "passed",
                    "title": "returns error for invalid input",
                    "duration": 0.5638110041618347,
                    "failureMessages": [],
                    "meta": {}
                },
                {
                    "ancestorTitles": [
                        "validation utilities",
                        "createSafeValidator"
                    ],
                    "fullName": "validation utilities createSafeValidator handles complex schemas",
                    "status": "passed",
                    "title": "handles complex schemas",
                    "duration": 0.7829859852790833,
                    "failureMessages": [],
                    "meta": {}
                },
                {
                    "ancestorTitles": [
                        "validation utilities",
                        "isToolAvailable"
                    ],
                    "fullName": "validation utilities isToolAvailable returns true when CLAUDEAVAILABLE env is set to true",
                    "status": "passed",
                    "title": "returns true when CLAUDEAVAILABLE env is set to true",
                    "duration": 0.42711901664733887,
                    "failureMessages": [],
                    "meta": {}
                },
                {
                    "ancestorTitles": [
                        "validation utilities",
                        "isToolAvailable"
                    ],
                    "fullName": "validation utilities isToolAvailable returns false when CLAUDEAVAILABLE env is not set",
                    "status": "passed",
                    "title": "returns false when CLAUDEAVAILABLE env is not set",
                    "duration": 0.32764703035354614,
                    "failureMessages": [],
                    "meta": {}
                },
                {
                    "ancestorTitles": [
                        "validation utilities",
                        "isToolAvailable"
                    ],
                    "fullName": "validation utilities isToolAvailable returns false when CLAUDEAVAILABLE env is set to false",
                    "status": "passed",
                    "title": "returns false when CLAUDEAVAILABLE env is set to false",
                    "duration": 0.28649604320526123,
                    "failureMessages": [],
                    "meta": {}
                }
            ],
            "startTime": 1753117423910,
            "endTime": 1753117423924.3276,
            "status": "passed",
            "message": "",
            "name": "/var/www/html/systemprompt-os/tests/unit/server/mcp/core/handlers/tools/utils/validation.spec.ts"
        }
    ]
}